#
# A fatal error has been detected by the Java Runtime Environment:
#
#  SIGSEGV (0xb) at pc=0x000000012974e5dd, pid=991, tid=1299
#
# JRE version: Java(TM) SE Runtime Environment (8.0_40-b27) (build 1.8.0_40-b27)
# Java VM: Java HotSpot(TM) 64-Bit Server VM (25.40-b25 mixed mode bsd-amd64 compressed oops)
# Problematic frame:
# C  [libglass.dylib+0x155dd]  GlassScreenDidChangeScreenParameters+0x9d
#
# Failed to write core dump. Core dumps have been disabled. To enable core dumping, try "ulimit -c unlimited" before starting Java again
#
# If you would like to submit a bug report, please visit:
#   http://bugreport.java.com/bugreport/crash.jsp
#

---------------  T H R E A D  ---------------

Current thread is native thread

siginfo: si_signo: 11 (SIGSEGV), si_code: 1 (SEGV_MAPERR), si_addr: 0x0000000000000000

Registers:
RAX=0x0000000129780bc0, RBX=0x0000000000000000, RCX=0xcd00b010513b19b7, RDX=0x00007fef41749130
RSP=0x00007fff50752950, RBP=0x00007fff50752960, RSI=0x00007fef41608708, RDI=0x0000000000000000
R8 =0x00007fff50752800, R9 =0x00007fff7df82300, R10=0x0000000000000000, R11=0x0000000000000246
R12=0x00007fef41533120, R13=0x00000000000f4269, R14=0x00007fef41749040, R15=0x00007fff50752aa0
RIP=0x000000012974e5dd, EFLAGS=0x0000000000010206, ERR=0x0000000000000004
  TRAPNO=0x000000000000000e

Top of Stack: (sp=0x00007fff50752950)
0x00007fff50752950:   00007fff50752b30 00007fef41749040
0x00007fff50752960:   00007fff50752970 00007fff943eacbc
0x00007fff50752970:   00007fff50752cd0 00007fff942dc384
0x00007fff50752980:   00007fff507529d0 0000000000001e00
0x00007fff50752990:   00007fff7deddcf0 00007fef4164aab0
0x00007fff507529a0:   0000000000001003 0000000000000900
0x00007fff507529b0:   00007fef4164aab0 00007fef41749040
0x00007fff507529c0:   0000000000000000 00007fff50752aa0
0x00007fff507529d0:   0000000000000000 00007fef41749000
0x00007fff507529e0:   00007fff50752b20 0000000000000060
0x00007fff507529f0:   00000000000f430a 00007fef414ab570
0x00007fff50752a00:   00007fef414372f0 00007fef41533120
0x00007fff50752a10:   0000000000000001 00000000000f4269
0x00007fff50752a20:   00007fef41533110 00007fff9099bacb
0x00007fff50752a30:   0000000000000001 0000000000000001
0x00007fff50752a40:   0000000000000030 0000000000000001
0x00007fff50752a50:   00007fff50752a70 00007fff909a1231
0x00007fff50752a60:   00007fff7dedbdd0 0000000000000000
0x00007fff50752a70:   00007fff50752a90 0000000000000008
0x00007fff50752a80:   0003c8034286d800 00007fef41533144
0x00007fff50752a90:   0000000000000000 00007fff942d1e5f
0x00007fff50752aa0:   00007fef41749040 00007fff7dedbdd0
0x00007fff50752ab0:   00007fff50752b30 00007fff942da98f
0x00007fff50752ac0:   00007fff50752b34 000000000045d801
0x00007fff50752ad0:   000000010f4c8a00 0000000000000002
0x00007fff50752ae0:   000000010f4c5000 00007fef414039a2
0x00007fff50752af0:   0000000000000003 000000010f4ca800
0x00007fff50752b00:   00007fff50752bf0 00007fff9099a2a2
0x00007fff50752b10:   00007fef416490b0 00007fff50752cd8
0x00007fff50752b20:   0000000000000017 0000000000000000
0x00007fff50752b30:   00000000000f4269 00007fff942d2153
0x00007fff50752b40:   00007fff00000000 00007fef4164db50 

Instructions: (pc=0x000000012974e5dd)
0x000000012974e5bd:   89 df 4c 89 f1 41 ff 90 68 04 00 00 48 8d 05 f8
0x000000012974e5cd:   24 03 00 48 8b 30 48 8d 05 e6 25 03 00 48 8b 10
0x000000012974e5dd:   48 8b 0b 30 c0 48 89 df ff 91 68 04 00 00 48 8b
0x000000012974e5ed:   03 48 89 df ff 50 78 48 85 c0 74 36 49 89 c6 48 

Register to memory mapping:

RAX=0x0000000129780bc0: jScreenNotifySettingsChanged+0 in /Library/Java/JavaVirtualMachines/jdk1.8.0_40.jdk/Contents/Home/jre/lib/libglass.dylib at 0x0000000129739000
RBX=0x0000000000000000 is an unknown value
RCX=0xcd00b010513b19b7 is an unknown value
RDX=0x00007fef41749130 is an unknown value
RSP=0x00007fff50752950 is an unknown value
RBP=0x00007fff50752960 is an unknown value
RSI=0x00007fef41608708 is a global jni handle
RDI=0x0000000000000000 is an unknown value
R8 =0x00007fff50752800 is an unknown value
R9 =0x00007fff7df82300: _thread+0 in /usr/lib/system/libsystem_pthread.dylib at 0x00007fff94956000
R10=0x0000000000000000 is an unknown value
R11=0x0000000000000246 is an unknown value
R12=0x00007fef41533120 is an unknown value
R13=0x00000000000f4269 is an unknown value
R14=0x00007fef41749040 is an unknown value
R15=0x00007fff50752aa0 is an unknown value


Stack: [0x00007fff4ff56000,0x00007fff50756000],  sp=0x00007fff50752950,  free space=8178k
Native frames: (J=compiled Java code, j=interpreted, Vv=VM code, C=native code)
C  [libglass.dylib+0x155dd]  GlassScreenDidChangeScreenParameters+0x9d
C  [CoreFoundation+0x11ecbc]  __CFNOTIFICATIONCENTER_IS_CALLING_OUT_TO_AN_OBSERVER__+0xc
C  [CoreFoundation+0x10384]  _CFXNotificationPost+0xc44
C  [Foundation+0x2aa1]  -[NSNotificationCenter postNotificationName:object:userInfo:]+0x42
C  [AppKit+0x36595e]  -[NSApplication _reactToScreenInvalidationImmediately:]+0x17b
C  [AppKit+0x36579d]  __44-[NSApplication _reactToScreenInvalidation:]_block_invoke+0x4b
C  [CoreFoundation+0x806ac]  __CFRUNLOOP_IS_CALLING_OUT_TO_A_BLOCK__+0xc
C  [CoreFoundation+0x727b5]  __CFRunLoopDoBlocks+0x155
C  [CoreFoundation+0x722f6]  __CFRunLoopRun+0x716
C  [CoreFoundation+0x71998]  CFRunLoopRunSpecific+0x128
C  [java+0x6490]  CreateExecutionEnvironment+0x367
C  [java+0x221c]  JLI_Launch+0x7a0
C  [java+0x84ed]  main+0x65
C  [java+0x1a74]  start+0x34


---------------  P R O C E S S  ---------------

VM state:not at safepoint (normal execution)

VM Mutex/Monitor currently owned by a thread: None

Heap:
 PSYoungGen      total 38400K, used 10128K [0x0000000795580000, 0x0000000798000000, 0x00000007c0000000)
  eden space 33280K, 15% used [0x0000000795580000,0x0000000795a6c028,0x0000000797600000)
  from space 5120K, 99% used [0x0000000797600000,0x0000000797af8030,0x0000000797b00000)
  to   space 5120K, 0% used [0x0000000797b00000,0x0000000797b00000,0x0000000798000000)
 ParOldGen       total 87552K, used 3212K [0x0000000740000000, 0x0000000745580000, 0x0000000795580000)
  object space 87552K, 3% used [0x0000000740000000,0x0000000740323350,0x0000000745580000)
 Metaspace       used 14768K, capacity 15350K, committed 15616K, reserved 1062912K
  class space    used 1869K, capacity 2004K, committed 2048K, reserved 1048576K

Card table byte_map: [0x000000012026a000,0x000000012066b000] byte_map_base: 0x000000011c86a000

Marking Bits: (ParMarkBitMap*) 0x00000001106c27a0
 Begin Bits: [0x0000000120d22000, 0x0000000122d22000)
 End Bits:   [0x0000000122d22000, 0x0000000124d22000)

Polling page: 0x000000010f5f0000

CodeCache: size=245760Kb used=6386Kb max_used=6397Kb free=239373Kb
 bounds [0x0000000110eaa000, 0x00000001114fa000, 0x000000011feaa000]
 total_blobs=2686 nmethods=2058 adapters=541
 compilation: enabled

Compilation events (10 events):
Event: 14.645 Thread 0x00007fef42823000 2055       3       java.lang.invoke.InnerClassLambdaMetafactory::getParameterSize (27 bytes)
Event: 14.645 Thread 0x00007fef42823000 nmethod 2055 0x00000001114e9e50 code [0x00000001114e9fc0, 0x00000001114ea1f0]
Event: 14.645 Thread 0x00007fef42823000 2056       3       java.lang.invoke.MethodHandles::access$000 (4 bytes)
Event: 14.645 Thread 0x00007fef42823000 nmethod 2056 0x00000001114e9b50 code [0x00000001114e9ca0, 0x00000001114e9dd0]
Event: 14.648 Thread 0x00007fef42823000 2057       3       java.lang.String::toString (2 bytes)
Event: 14.648 Thread 0x00007fef42823000 nmethod 2057 0x00000001114e9850 code [0x00000001114e99a0, 0x00000001114e9af0]
Event: 14.650 Thread 0x00007fef42823000 2058       3       java.lang.invoke.AbstractValidatingLambdaMetafactory::isAdaptableTo (126 bytes)
Event: 14.652 Thread 0x00007fef42823000 nmethod 2058 0x00000001114e8150 code [0x00000001114e83c0, 0x00000001114e92a8]
Event: 14.661 Thread 0x00007fef4280a800 2059       4       jdk.internal.org.objectweb.asm.ByteVector::putByte (39 bytes)
Event: 14.663 Thread 0x00007fef4280a800 nmethod 2059 0x00000001114e7dd0 code [0x00000001114e7f20, 0x00000001114e8048]

GC Heap History (2 events):
Event: 2.762 GC heap before
{Heap before GC invocations=1 (full 0):
 PSYoungGen      total 38400K, used 33280K [0x0000000795580000, 0x0000000798000000, 0x00000007c0000000)
  eden space 33280K, 100% used [0x0000000795580000,0x0000000797600000,0x0000000797600000)
  from space 5120K, 0% used [0x0000000797b00000,0x0000000797b00000,0x0000000798000000)
  to   space 5120K, 0% used [0x0000000797600000,0x0000000797600000,0x0000000797b00000)
 ParOldGen       total 87552K, used 0K [0x0000000740000000, 0x0000000745580000, 0x0000000795580000)
  object space 87552K, 0% used [0x0000000740000000,0x0000000740000000,0x0000000745580000)
 Metaspace       used 13900K, capacity 14422K, committed 14592K, reserved 1062912K
  class space    used 1860K, capacity 1989K, committed 2048K, reserved 1048576K
Event: 2.770 GC heap after
Heap after GC invocations=1 (full 0):
 PSYoungGen      total 38400K, used 5088K [0x0000000795580000, 0x0000000798000000, 0x00000007c0000000)
  eden space 33280K, 0% used [0x0000000795580000,0x0000000795580000,0x0000000797600000)
  from space 5120K, 99% used [0x0000000797600000,0x0000000797af8030,0x0000000797b00000)
  to   space 5120K, 0% used [0x0000000797b00000,0x0000000797b00000,0x0000000798000000)
 ParOldGen       total 87552K, used 3212K [0x0000000740000000, 0x0000000745580000, 0x0000000795580000)
  object space 87552K, 3% used [0x0000000740000000,0x0000000740323350,0x0000000745580000)
 Metaspace       used 13900K, capacity 14422K, committed 14592K, reserved 1062912K
  class space    used 1860K, capacity 1989K, committed 2048K, reserved 1048576K
}

Deoptimization events (10 events):
Event: 1.217 Thread 0x00007fef43126000 Uncommon trap: reason=class_check action=maybe_recompile pc=0x0000000111132b04 method=java.io.DataInputStream.readShort()S @ 4
Event: 1.217 Thread 0x00007fef43126000 Uncommon trap: reason=class_check action=maybe_recompile pc=0x0000000111132b04 method=java.io.DataInputStream.readShort()S @ 4
Event: 1.225 Thread 0x00007fef43126000 Uncommon trap: reason=class_check action=maybe_recompile pc=0x0000000110fe0e5c method=java.lang.String.equals(Ljava/lang/Object;)Z @ 8
Event: 1.225 Thread 0x00007fef43126000 Uncommon trap: reason=class_check action=maybe_recompile pc=0x0000000110fe0e5c method=java.lang.String.equals(Ljava/lang/Object;)Z @ 8
Event: 1.225 Thread 0x00007fef43126000 Uncommon trap: reason=class_check action=maybe_recompile pc=0x0000000110fe0e5c method=java.lang.String.equals(Ljava/lang/Object;)Z @ 8
Event: 1.227 Thread 0x00007fef43126000 Uncommon trap: reason=class_check action=maybe_recompile pc=0x0000000110fe0e5c method=java.lang.String.equals(Ljava/lang/Object;)Z @ 8
Event: 1.426 Thread 0x00007fef43126000 Uncommon trap: reason=unstable_if action=reinterpret pc=0x00000001110f9ea0 method=java.lang.CharacterData.of(I)Ljava/lang/CharacterData; @ 4
Event: 2.757 Thread 0x00007fef43126000 Uncommon trap: reason=unstable_if action=reinterpret pc=0x00000001111f38f0 method=jdk.internal.org.objectweb.asm.Type.getArgumentsAndReturnSizes(Ljava/lang/String;)I @ 47
Event: 14.661 Thread 0x00007fef43126000 Uncommon trap: reason=unstable_if action=reinterpret pc=0x00000001114c4d70 method=java.util.concurrent.locks.ReentrantLock$NonfairSync.lock()V @ 6
Event: 14.661 Thread 0x00007fef43126000 Uncommon trap: reason=unstable_if action=reinterpret pc=0x00000001114b50e4 method=java.util.concurrent.locks.ReentrantLock$Sync.tryRelease(I)Z @ 28

Internal exceptions (10 events):
Event: 0.304 Thread 0x00007fef42815000 Exception <a 'java/security/PrivilegedActionException'> (0x0000000795ace380) thrown at [/Users/java_re/workspace/8-2-build-macosx-x86_64/jdk8u40/3153/hotspot/src/share/vm/prims/jvm.cpp, line 1382]
Event: 0.304 Thread 0x00007fef42815000 Exception <a 'java/security/PrivilegedActionException'> (0x0000000795ace538) thrown at [/Users/java_re/workspace/8-2-build-macosx-x86_64/jdk8u40/3153/hotspot/src/share/vm/prims/jvm.cpp, line 1382]
Event: 0.304 Thread 0x00007fef42815000 Exception <a 'java/security/PrivilegedActionException'> (0x0000000795ad1728) thrown at [/Users/java_re/workspace/8-2-build-macosx-x86_64/jdk8u40/3153/hotspot/src/share/vm/prims/jvm.cpp, line 1382]
Event: 0.304 Thread 0x00007fef42815000 Exception <a 'java/security/PrivilegedActionException'> (0x0000000795ad18e0) thrown at [/Users/java_re/workspace/8-2-build-macosx-x86_64/jdk8u40/3153/hotspot/src/share/vm/prims/jvm.cpp, line 1382]
Event: 0.305 Thread 0x00007fef42815000 Exception <a 'java/lang/NullPointerException'> (0x0000000795ad3200) thrown at [/Users/java_re/workspace/8-2-build-macosx-x86_64/jdk8u40/3153/hotspot/src/share/vm/interpreter/linkResolver.cpp, line 1178]
Event: 0.823 Thread 0x00007fef43126000 Exception <a 'java/lang/NullPointerException'> (0x000000079644e618) thrown at [/Users/java_re/workspace/8-2-build-macosx-x86_64/jdk8u40/3153/hotspot/src/share/vm/interpreter/linkResolver.cpp, line 1178]
Event: 0.823 Thread 0x00007fef43126000 Exception <a 'java/lang/NullPointerException'> (0x000000079644e618) thrown at [/Users/java_re/workspace/8-2-build-macosx-x86_64/jdk8u40/3153/hotspot/src/share/vm/prims/jvm.cpp, line 1386]
Event: 0.930 Thread 0x00007fef43126000 Exception <a 'java/lang/ArrayIndexOutOfBoundsException'> (0x000000079666e540) thrown at [/Users/java_re/workspace/8-2-build-macosx-x86_64/jdk8u40/3153/hotspot/src/share/vm/runtime/sharedRuntime.cpp, line 605]
Event: 0.930 Thread 0x00007fef43126000 Exception <a 'java/lang/ArrayIndexOutOfBoundsException'> (0x000000079666f190) thrown at [/Users/java_re/workspace/8-2-build-macosx-x86_64/jdk8u40/3153/hotspot/src/share/vm/runtime/sharedRuntime.cpp, line 605]
Event: 0.931 Thread 0x00007fef43126000 Exception <a 'java/lang/ArrayIndexOutOfBoundsException'> (0x0000000796670488) thrown at [/Users/java_re/workspace/8-2-build-macosx-x86_64/jdk8u40/3153/hotspot/src/share/vm/runtime/sharedRuntime.cpp, line 605]

Events (10 events):
Event: 14.661 Thread 0x00007fef43126000 Uncommon trap: trap_request=0xffffff65 fr.pc=0x00000001114b50e4
Event: 14.661 Thread 0x00007fef43126000 DEOPT PACKING pc=0x00000001114b50e4 sp=0x00007fff5074f530
Event: 14.661 Thread 0x00007fef43126000 DEOPT UNPACKING pc=0x0000000110eaf229 sp=0x00007fff5074f4d8 mode 2
Event: 14.661 loading class com/sun/javafx/tk/quantum/QuantumToolkit
Event: 14.661 loading class com/sun/javafx/tk/quantum/QuantumToolkit done
Event: 14.661 Thread 0x00007fef420cb000 Thread exited: 0x00007fef420cb000
Event: 14.662 Thread 0x00007fef42815000 Thread exited: 0x00007fef42815000
Event: 14.662 Thread 0x00007fef43001800 Thread exited: 0x00007fef43001800
Event: 14.662 Thread 0x00007fef419f9000 Thread added: 0x00007fef419f9000
Event: 14.662 Thread 0x00007fef43126000 Thread exited: 0x00007fef43126000


Dynamic libraries:
0x000000000cf4f000 	/System/Library/Frameworks/Cocoa.framework/Versions/A/Cocoa
0x000000000cf4f000 	/System/Library/Frameworks/Security.framework/Versions/A/Security
0x000000000cf4f000 	/System/Library/Frameworks/ApplicationServices.framework/Versions/A/ApplicationServices
0x000000000cf4f000 	/usr/lib/libz.1.dylib
0x000000000cf4f000 	/usr/lib/libSystem.B.dylib
0x000000000cf4f000 	/usr/lib/libobjc.A.dylib
0x000000000cf4f000 	/System/Library/Frameworks/CoreFoundation.framework/Versions/A/CoreFoundation
0x000000000cf4f000 	/System/Library/Frameworks/Foundation.framework/Versions/C/Foundation
0x000000000cf4f000 	/System/Library/Frameworks/AppKit.framework/Versions/C/AppKit
0x000000000cf4f000 	/System/Library/Frameworks/CoreData.framework/Versions/A/CoreData
0x000000000cf4f000 	/System/Library/PrivateFrameworks/RemoteViewServices.framework/Versions/A/RemoteViewServices
0x000000000cf4f000 	/System/Library/PrivateFrameworks/UIFoundation.framework/Versions/A/UIFoundation
0x000000000cf4f000 	/System/Library/Frameworks/IOSurface.framework/Versions/A/IOSurface
0x000000000cf4f000 	/System/Library/Frameworks/AudioToolbox.framework/Versions/A/AudioToolbox
0x000000000cf4f000 	/System/Library/Frameworks/AudioUnit.framework/Versions/A/AudioUnit
0x000000000cf4f000 	/System/Library/PrivateFrameworks/DataDetectorsCore.framework/Versions/A/DataDetectorsCore
0x000000000cf4f000 	/System/Library/PrivateFrameworks/DesktopServicesPriv.framework/Versions/A/DesktopServicesPriv
0x000000000cf4f000 	/System/Library/Frameworks/Carbon.framework/Versions/A/Frameworks/HIToolbox.framework/Versions/A/HIToolbox
0x000000000cf4f000 	/System/Library/Frameworks/QuartzCore.framework/Versions/A/QuartzCore
0x000000000cf4f000 	/System/Library/Frameworks/Carbon.framework/Versions/A/Frameworks/SpeechRecognition.framework/Versions/A/SpeechRecognition
0x000000000cf4f000 	/usr/lib/libauto.dylib
0x000000000cf4f000 	/usr/lib/libicucore.A.dylib
0x000000000cf4f000 	/usr/lib/libxml2.2.dylib
0x000000000cf4f000 	/System/Library/PrivateFrameworks/CoreUI.framework/Versions/A/CoreUI
0x000000000cf4f000 	/System/Library/Frameworks/CoreAudio.framework/Versions/A/CoreAudio
0x000000000cf4f000 	/System/Library/Frameworks/DiskArbitration.framework/Versions/A/DiskArbitration
0x000000000cf4f000 	/usr/lib/liblangid.dylib
0x000000000cf4f000 	/System/Library/PrivateFrameworks/MultitouchSupport.framework/Versions/A/MultitouchSupport
0x000000000cf4f000 	/System/Library/Frameworks/IOKit.framework/Versions/A/IOKit
0x000000000cf4f000 	/usr/lib/libDiagnosticMessagesClient.dylib
0x000000000cf4f000 	/System/Library/Frameworks/CoreServices.framework/Versions/A/CoreServices
0x000000000cf4f000 	/System/Library/PrivateFrameworks/PerformanceAnalysis.framework/Versions/A/PerformanceAnalysis
0x000000000cf4f000 	/System/Library/PrivateFrameworks/GenerationalStorage.framework/Versions/A/GenerationalStorage
0x000000000cf4f000 	/System/Library/Frameworks/OpenGL.framework/Versions/A/OpenGL
0x000000000cf4f000 	/System/Library/PrivateFrameworks/Sharing.framework/Versions/A/Sharing
0x000000000cf4f000 	/System/Library/Frameworks/CoreGraphics.framework/Versions/A/CoreGraphics
0x000000000cf4f000 	/System/Library/Frameworks/CoreText.framework/Versions/A/CoreText
0x000000000cf4f000 	/System/Library/Frameworks/ImageIO.framework/Versions/A/ImageIO
0x000000000cf4f000 	/usr/lib/libextension.dylib
0x000000000cf4f000 	/System/Library/PrivateFrameworks/Backup.framework/Versions/A/Backup
0x000000000cf4f000 	/usr/lib/libarchive.2.dylib
0x000000000cf4f000 	/System/Library/Frameworks/CFNetwork.framework/Versions/A/CFNetwork
0x000000000cf4f000 	/System/Library/Frameworks/SystemConfiguration.framework/Versions/A/SystemConfiguration
0x000000000cf4f000 	/usr/lib/libCRFSuite.dylib
0x000000000cf4f000 	/usr/lib/libc++.1.dylib
0x000000000cf4f000 	/usr/lib/libc++abi.dylib
0x000000000cf4f000 	/usr/lib/system/libcache.dylib
0x000000000cf4f000 	/usr/lib/system/libcommonCrypto.dylib
0x000000000cf4f000 	/usr/lib/system/libcompiler_rt.dylib
0x000000000cf4f000 	/usr/lib/system/libcopyfile.dylib
0x000000000cf4f000 	/usr/lib/system/libcorecrypto.dylib
0x000000000cf4f000 	/usr/lib/system/libdispatch.dylib
0x000000000cf4f000 	/usr/lib/system/libdyld.dylib
0x000000000cf4f000 	/usr/lib/system/libkeymgr.dylib
0x000000000cf4f000 	/usr/lib/system/liblaunch.dylib
0x000000000cf4f000 	/usr/lib/system/libmacho.dylib
0x000000000cf4f000 	/usr/lib/system/libquarantine.dylib
0x000000000cf4f000 	/usr/lib/system/libremovefile.dylib
0x000000000cf4f000 	/usr/lib/system/libsystem_asl.dylib
0x000000000cf4f000 	/usr/lib/system/libsystem_blocks.dylib
0x000000000cf4f000 	/usr/lib/system/libsystem_c.dylib
0x000000000cf4f000 	/usr/lib/system/libsystem_configuration.dylib
0x000000000cf4f000 	/usr/lib/system/libsystem_coreservices.dylib
0x000000000cf4f000 	/usr/lib/system/libsystem_coretls.dylib
0x000000000cf4f000 	/usr/lib/system/libsystem_dnssd.dylib
0x000000000cf4f000 	/usr/lib/system/libsystem_info.dylib
0x000000000cf4f000 	/usr/lib/system/libsystem_kernel.dylib
0x000000000cf4f000 	/usr/lib/system/libsystem_m.dylib
0x000000000cf4f000 	/usr/lib/system/libsystem_malloc.dylib
0x000000000cf4f000 	/usr/lib/system/libsystem_network.dylib
0x000000000cf4f000 	/usr/lib/system/libsystem_networkextension.dylib
0x000000000cf4f000 	/usr/lib/system/libsystem_notify.dylib
0x000000000cf4f000 	/usr/lib/system/libsystem_platform.dylib
0x000000000cf4f000 	/usr/lib/system/libsystem_pthread.dylib
0x000000000cf4f000 	/usr/lib/system/libsystem_sandbox.dylib
0x000000000cf4f000 	/usr/lib/system/libsystem_secinit.dylib
0x000000000cf4f000 	/usr/lib/system/libsystem_stats.dylib
0x000000000cf4f000 	/usr/lib/system/libsystem_trace.dylib
0x000000000cf4f000 	/usr/lib/system/libunc.dylib
0x000000000cf4f000 	/usr/lib/system/libunwind.dylib
0x000000000cf4f000 	/usr/lib/system/libxpc.dylib
0x000000000cf4f000 	/usr/lib/libbz2.1.0.dylib
0x000000000cf4f000 	/usr/lib/liblzma.5.dylib
0x000000000cf4f000 	/usr/lib/libbsm.0.dylib
0x000000000cf4f000 	/usr/lib/libsqlite3.dylib
0x000000000cf4f000 	/usr/lib/system/libkxld.dylib
0x000000000cf4f000 	/usr/lib/libxar.1.dylib
0x000000000cf4f000 	/usr/lib/libpam.2.dylib
0x000000000cf4f000 	/usr/lib/libOpenScriptingUtil.dylib
0x000000000cf4f000 	/System/Library/Frameworks/CoreServices.framework/Versions/A/Frameworks/FSEvents.framework/Versions/A/FSEvents
0x000000000cf4f000 	/System/Library/Frameworks/CoreServices.framework/Versions/A/Frameworks/CarbonCore.framework/Versions/A/CarbonCore
0x000000000cf4f000 	/System/Library/Frameworks/CoreServices.framework/Versions/A/Frameworks/Metadata.framework/Versions/A/Metadata
0x000000000cf4f000 	/System/Library/Frameworks/CoreServices.framework/Versions/A/Frameworks/OSServices.framework/Versions/A/OSServices
0x000000000cf4f000 	/System/Library/Frameworks/CoreServices.framework/Versions/A/Frameworks/SearchKit.framework/Versions/A/SearchKit
0x000000000cf4f000 	/System/Library/Frameworks/CoreServices.framework/Versions/A/Frameworks/AE.framework/Versions/A/AE
0x000000000cf4f000 	/System/Library/Frameworks/CoreServices.framework/Versions/A/Frameworks/LaunchServices.framework/Versions/A/LaunchServices
0x000000000cf4f000 	/System/Library/Frameworks/CoreServices.framework/Versions/A/Frameworks/DictionaryServices.framework/Versions/A/DictionaryServices
0x000000000cf4f000 	/System/Library/Frameworks/NetFS.framework/Versions/A/NetFS
0x000000000cf4f000 	/System/Library/PrivateFrameworks/NetAuth.framework/Versions/A/NetAuth
0x000000000cf4f000 	/System/Library/PrivateFrameworks/login.framework/Versions/A/Frameworks/loginsupport.framework/Versions/A/loginsupport
0x000000000cf4f000 	/System/Library/PrivateFrameworks/TCC.framework/Versions/A/TCC
0x000000000cf4f000 	/usr/lib/libmecabra.dylib
0x000000000cf4f000 	/System/Library/Frameworks/ApplicationServices.framework/Versions/A/Frameworks/ATS.framework/Versions/A/ATS
0x000000000cf4f000 	/System/Library/Frameworks/ApplicationServices.framework/Versions/A/Frameworks/ColorSync.framework/Versions/A/ColorSync
0x000000000cf4f000 	/System/Library/Frameworks/ApplicationServices.framework/Versions/A/Frameworks/HIServices.framework/Versions/A/HIServices
0x000000000cf4f000 	/System/Library/Frameworks/ApplicationServices.framework/Versions/A/Frameworks/LangAnalysis.framework/Versions/A/LangAnalysis
0x000000000cf4f000 	/System/Library/Frameworks/ApplicationServices.framework/Versions/A/Frameworks/PrintCore.framework/Versions/A/PrintCore
0x000000000cf4f000 	/System/Library/Frameworks/ApplicationServices.framework/Versions/A/Frameworks/QD.framework/Versions/A/QD
0x000000000cf4f000 	/System/Library/Frameworks/ApplicationServices.framework/Versions/A/Frameworks/SpeechSynthesis.framework/Versions/A/SpeechSynthesis
0x000000000cf4f000 	/System/Library/Frameworks/Accelerate.framework/Versions/A/Accelerate
0x000000000cf4f000 	/System/Library/Frameworks/Accelerate.framework/Versions/A/Frameworks/vImage.framework/Versions/A/vImage
0x000000000cf4f000 	/System/Library/Frameworks/Accelerate.framework/Versions/A/Frameworks/vecLib.framework/Versions/A/vecLib
0x000000000cf4f000 	/System/Library/Frameworks/Accelerate.framework/Versions/A/Frameworks/vecLib.framework/Versions/A/libvDSP.dylib
0x000000000cf4f000 	/System/Library/Frameworks/Accelerate.framework/Versions/A/Frameworks/vecLib.framework/Versions/A/libvMisc.dylib
0x000000000cf4f000 	/System/Library/Frameworks/Accelerate.framework/Versions/A/Frameworks/vecLib.framework/Versions/A/libLAPACK.dylib
0x000000000cf4f000 	/System/Library/Frameworks/Accelerate.framework/Versions/A/Frameworks/vecLib.framework/Versions/A/libBLAS.dylib
0x000000000cf4f000 	/System/Library/Frameworks/Accelerate.framework/Versions/A/Frameworks/vecLib.framework/Versions/A/libLinearAlgebra.dylib
0x000000000cf4f000 	/System/Library/Frameworks/ApplicationServices.framework/Versions/A/Frameworks/ATS.framework/Versions/A/Resources/libFontParser.dylib
0x000000000cf4f000 	/System/Library/Frameworks/ApplicationServices.framework/Versions/A/Frameworks/ATS.framework/Versions/A/Resources/libFontRegistry.dylib
0x000000000cf4f000 	/System/Library/PrivateFrameworks/AppleVPA.framework/Versions/A/AppleVPA
0x000000000cf4f000 	/System/Library/PrivateFrameworks/AppleJPEG.framework/Versions/A/AppleJPEG
0x000000000cf4f000 	/System/Library/Frameworks/ImageIO.framework/Versions/A/Resources/libJPEG.dylib
0x000000000cf4f000 	/System/Library/Frameworks/ImageIO.framework/Versions/A/Resources/libTIFF.dylib
0x000000000cf4f000 	/System/Library/Frameworks/ImageIO.framework/Versions/A/Resources/libPng.dylib
0x000000000cf4f000 	/System/Library/Frameworks/ImageIO.framework/Versions/A/Resources/libGIF.dylib
0x000000000cf4f000 	/System/Library/Frameworks/ImageIO.framework/Versions/A/Resources/libJP2.dylib
0x000000000cf4f000 	/System/Library/Frameworks/ImageIO.framework/Versions/A/Resources/libRadiance.dylib
0x000000000cf4f000 	/System/Library/Frameworks/CoreVideo.framework/Versions/A/CoreVideo
0x000000000cf4f000 	/System/Library/Frameworks/OpenGL.framework/Versions/A/Libraries/libGLU.dylib
0x000000000cf4f000 	/System/Library/Frameworks/OpenGL.framework/Versions/A/Libraries/libGFXShared.dylib
0x000000000cf4f000 	/System/Library/Frameworks/OpenGL.framework/Versions/A/Libraries/libGL.dylib
0x000000000cf4f000 	/System/Library/Frameworks/OpenGL.framework/Versions/A/Libraries/libGLImage.dylib
0x000000000cf4f000 	/System/Library/Frameworks/OpenGL.framework/Versions/A/Libraries/libCVMSPluginSupport.dylib
0x000000000cf4f000 	/System/Library/Frameworks/OpenGL.framework/Versions/A/Libraries/libCoreVMClient.dylib
0x000000000cf4f000 	/usr/lib/libcups.2.dylib
0x000000000cf4f000 	/System/Library/Frameworks/Kerberos.framework/Versions/A/Kerberos
0x000000000cf4f000 	/System/Library/Frameworks/GSS.framework/Versions/A/GSS
0x000000000cf4f000 	/usr/lib/libresolv.9.dylib
0x000000000cf4f000 	/usr/lib/libiconv.2.dylib
0x000000000cf4f000 	/System/Library/PrivateFrameworks/Heimdal.framework/Versions/A/Heimdal
0x000000000cf4f000 	/usr/lib/libheimdal-asn1.dylib
0x000000000cf4f000 	/System/Library/Frameworks/OpenDirectory.framework/Versions/A/OpenDirectory
0x000000000cf4f000 	/System/Library/PrivateFrameworks/CommonAuth.framework/Versions/A/CommonAuth
0x000000000cf4f000 	/System/Library/Frameworks/OpenDirectory.framework/Versions/A/Frameworks/CFOpenDirectory.framework/Versions/A/CFOpenDirectory
0x000000000cf4f000 	/System/Library/Frameworks/SecurityFoundation.framework/Versions/A/SecurityFoundation
0x000000000cf4f000 	/System/Library/PrivateFrameworks/LanguageModeling.framework/Versions/A/LanguageModeling
0x000000000cf4f000 	/usr/lib/libcmph.dylib
0x000000000cf4f000 	/System/Library/Frameworks/ServiceManagement.framework/Versions/A/ServiceManagement
0x000000000cf4f000 	/usr/lib/libxslt.1.dylib
0x000000000cf4f000 	/System/Library/Frameworks/Carbon.framework/Versions/A/Frameworks/Ink.framework/Versions/A/Ink
0x000000000cf4f000 	/System/Library/Frameworks/QuartzCore.framework/Versions/A/Frameworks/CoreImage.framework/Versions/A/CoreImage
0x000000000cf4f000 	/System/Library/PrivateFrameworks/CrashReporterSupport.framework/Versions/A/CrashReporterSupport
0x000000000cf4f000 	/System/Library/Frameworks/OpenCL.framework/Versions/A/OpenCL
0x000000000cf4f000 	/System/Library/PrivateFrameworks/FaceCore.framework/Versions/A/FaceCore
0x000000000cf4f000 	/System/Library/PrivateFrameworks/Ubiquity.framework/Versions/A/Ubiquity
0x000000000cf4f000 	/System/Library/PrivateFrameworks/IconServices.framework/Versions/A/IconServices
0x000000000cf4f000 	/System/Library/PrivateFrameworks/ChunkingLibrary.framework/Versions/A/ChunkingLibrary
0x000000000cf4f000 	/System/Library/PrivateFrameworks/Apple80211.framework/Versions/A/Apple80211
0x000000000cf4f000 	/System/Library/Frameworks/CoreWLAN.framework/Versions/A/CoreWLAN
0x000000000cf4f000 	/System/Library/Frameworks/IOBluetooth.framework/Versions/A/IOBluetooth
0x000000000cf4f000 	/System/Library/PrivateFrameworks/CoreWiFi.framework/Versions/A/CoreWiFi
0x000000000cf4f000 	/System/Library/Frameworks/CoreBluetooth.framework/Versions/A/CoreBluetooth
0x000000000cf4f000 	/System/Library/PrivateFrameworks/DebugSymbols.framework/Versions/A/DebugSymbols
0x000000000cf4f000 	/System/Library/PrivateFrameworks/CoreSymbolication.framework/Versions/A/CoreSymbolication
0x000000000cf4f000 	/System/Library/PrivateFrameworks/Symbolication.framework/Versions/A/Symbolication
0x000000000cf4f000 	/System/Library/PrivateFrameworks/SpeechRecognitionCore.framework/Versions/A/SpeechRecognitionCore
0x0000000054bf6000 	/System/Library/CoreServices/Encodings/libJapaneseConverter.dylib
0x000000010fe00000 	/Library/Java/JavaVirtualMachines/jdk1.8.0_40.jdk/Contents/Home/jre/lib/server/libjvm.dylib
0x000000000cf4f000 	/usr/lib/libstdc++.6.dylib
0x000000010f5e2000 	/Library/Java/JavaVirtualMachines/jdk1.8.0_40.jdk/Contents/Home/jre/lib/libverify.dylib
0x0000000110e6c000 	/Library/Java/JavaVirtualMachines/jdk1.8.0_40.jdk/Contents/Home/jre/lib/libjava.dylib
0x0000000110ea1000 	/Library/Java/JavaVirtualMachines/jdk1.8.0_40.jdk/Contents/Home/jre/lib/libzip.dylib
0x0000000126f21000 	/System/Library/Frameworks/JavaVM.framework/Frameworks/JavaRuntimeSupport.framework/JavaRuntimeSupport
0x0000000126f39000 	/System/Library/Frameworks/JavaVM.framework/Versions/A/Frameworks/JavaNativeFoundation.framework/Versions/A/JavaNativeFoundation
0x0000000126f4e000 	/System/Library/Frameworks/JavaVM.framework/Versions/A/JavaVM
0x000000000cf4f000 	/System/Library/Frameworks/Carbon.framework/Versions/A/Carbon
0x0000000126f5b000 	/System/Library/PrivateFrameworks/JavaLaunching.framework/Versions/A/JavaLaunching
0x000000000cf4f000 	/System/Library/Frameworks/Carbon.framework/Versions/A/Frameworks/CommonPanels.framework/Versions/A/CommonPanels
0x000000000cf4f000 	/System/Library/Frameworks/Carbon.framework/Versions/A/Frameworks/Help.framework/Versions/A/Help
0x000000000cf4f000 	/System/Library/Frameworks/Carbon.framework/Versions/A/Frameworks/ImageCapture.framework/Versions/A/ImageCapture
0x000000000cf4f000 	/System/Library/Frameworks/Carbon.framework/Versions/A/Frameworks/OpenScripting.framework/Versions/A/OpenScripting
0x000000000cf4f000 	/System/Library/Frameworks/Carbon.framework/Versions/A/Frameworks/Print.framework/Versions/A/Print
0x000000000cf4f000 	/System/Library/Frameworks/Carbon.framework/Versions/A/Frameworks/SecurityHI.framework/Versions/A/SecurityHI
0x0000000128ecd000 	/Applications/IntelliJ IDEA 14 CE.app/Contents/bin/libbreakgen64.jnilib
0x0000000129069000 	/Library/Java/JavaVirtualMachines/jdk1.8.0_40.jdk/Contents/Home/jre/lib/libnet.dylib
0x00000001292ce000 	/Library/Java/JavaVirtualMachines/jdk1.8.0_40.jdk/Contents/Home/jre/lib/libprism_es2.dylib
0x000000000cf4f000 	/System/Library/Frameworks/OpenGL.framework/Versions/A/Resources/GLEngine.bundle/GLEngine
0x000000000cf4f000 	/System/Library/Frameworks/OpenGL.framework/Versions/A/Libraries/libGLProgrammability.dylib
0x0000000000000000 	/System/Library/Extensions/AppleIntelBDWGraphicsGLDriver.bundle/Contents/MacOS/AppleIntelBDWGraphicsGLDriver
0x000000000cf4f000 	/System/Library/PrivateFrameworks/IOAccelerator.framework/Versions/A/IOAccelerator
0x000000000cf4f000 	/System/Library/PrivateFrameworks/GPUSupport.framework/Versions/A/Libraries/libGPUSupportMercury.dylib
0x000000000cf4f000 	/System/Library/Frameworks/OpenGL.framework/Versions/A/Libraries//libLLVMContainer.dylib
0x000000000cf4f000 	/System/Library/Frameworks/OpenGL.framework/Versions/A/Resources/GLRendererFloat.bundle/GLRendererFloat
0x000000000cf4f000 	/System/Library/Frameworks/OpenCL.framework/Versions/A/Libraries/libcldcpuengine.dylib
0x000000000cf4f000 	/System/Library/PrivateFrameworks/DiskImages.framework/Versions/A/DiskImages
0x000000000cf4f000 	/System/Library/Frameworks/DiscRecording.framework/Versions/A/DiscRecording
0x000000000cf4f000 	/usr/lib/libcsfde.dylib
0x000000000cf4f000 	/usr/lib/libcurl.4.dylib
0x000000000cf4f000 	/System/Library/PrivateFrameworks/MediaKit.framework/Versions/A/MediaKit
0x000000000cf4f000 	/System/Library/PrivateFrameworks/ProtectedCloudStorage.framework/Versions/A/ProtectedCloudStorage
0x000000000cf4f000 	/usr/lib/libCoreStorage.dylib
0x000000000cf4f000 	/System/Library/PrivateFrameworks/EFILogin.framework/Versions/A/EFILogin
0x000000000cf4f000 	/usr/lib/libutil.dylib
0x000000000cf4f000 	/System/Library/PrivateFrameworks/FindMyDevice.framework/Versions/A/FindMyDevice
0x000000000cf4f000 	/System/Library/Frameworks/LDAP.framework/Versions/A/LDAP
0x000000000cf4f000 	/usr/lib/libsasl2.2.dylib
0x000000000cf4f000 	/System/Library/PrivateFrameworks/CoreDaemon.framework/Versions/B/CoreDaemon
0x000000000cf4f000 	/usr/lib/libcrypto.0.9.8.dylib
0x000000000cf4f000 	/System/Library/PrivateFrameworks/AppleSRP.framework/Versions/A/AppleSRP
0x000000000cf4f000 	/System/Library/PrivateFrameworks/TrustEvaluationAgent.framework/Versions/A/TrustEvaluationAgent
0x0000000129739000 	/Library/Java/JavaVirtualMachines/jdk1.8.0_40.jdk/Contents/Home/jre/lib/libglass.dylib
0x000000000cf4f000 	/System/Library/PrivateFrameworks/CoreServicesInternal.framework/Versions/A/CoreServicesInternal
0x000000000cf4f000 	/System/Library/PrivateFrameworks/CloudDocs.framework/Versions/A/CloudDocs
0x000000000cf4f000 	/System/Library/PrivateFrameworks/CoreDuet.framework/Versions/A/CoreDuet
0x000000000cf4f000 	/System/Library/Frameworks/CloudKit.framework/Versions/A/CloudKit
0x000000000cf4f000 	/System/Library/PrivateFrameworks/ProtocolBuffer.framework/Versions/A/ProtocolBuffer
0x000000000cf4f000 	/System/Library/PrivateFrameworks/CoreDuetDaemonProtocol.framework/Versions/A/CoreDuetDaemonProtocol
0x000000000cf4f000 	/System/Library/PrivateFrameworks/CoreDuetDebugLogging.framework/Versions/A/CoreDuetDebugLogging
0x000000000cf4f000 	/System/Library/Frameworks/CoreLocation.framework/Versions/A/CoreLocation
0x000000000cf4f000 	/System/Library/Frameworks/Accounts.framework/Versions/A/Accounts
0x000000000cf4f000 	/System/Library/PrivateFrameworks/ApplePushService.framework/Versions/A/ApplePushService
0x000000000cf4f000 	/System/Library/PrivateFrameworks/GeoServices.framework/Versions/A/GeoServices
0x000000000cf4f000 	/System/Library/PrivateFrameworks/OAuth.framework/Versions/A/OAuth
0x000000000cf4f000 	/System/Library/Frameworks/CoreGraphics.framework/Versions/A/Resources/libCGCMS.A.dylib
0x000000000cf4f000 	/System/Library/CoreServices/RawCamera.bundle/Contents/MacOS/RawCamera
0x000000000cf4f000 	/System/Library/Frameworks/CoreGraphics.framework/Versions/A/Resources/libRIP.A.dylib
0x000000000cf4f000 	/System/Library/PrivateFrameworks/FamilyControls.framework/Versions/A/FamilyControls
0x000000000cf4f000 	/System/Library/PrivateFrameworks/CommerceKit.framework/Versions/A/Frameworks/CommerceCore.framework/Versions/A/CommerceCore
0x000000000cf4f000 	/System/Library/PrivateFrameworks/SystemAdministration.framework/Versions/A/SystemAdministration
0x000000000cf4f000 	/System/Library/PrivateFrameworks/AppContainer.framework/Versions/A/AppContainer
0x000000000cf4f000 	/System/Library/PrivateFrameworks/SecCodeWrapper.framework/Versions/A/SecCodeWrapper
0x000000000cf4f000 	/System/Library/Frameworks/DirectoryService.framework/Versions/A/DirectoryService
0x000000000cf4f000 	/System/Library/PrivateFrameworks/LoginUIKit.framework/Versions/A/Frameworks/LoginUICore.framework/Versions/A/LoginUICore
0x000000000cf4f000 	/usr/lib/libodfde.dylib
0x000000012d0e4000 	/Library/Java/JavaVirtualMachines/jdk1.8.0_40.jdk/Contents/Home/jre/lib/libjavafx_font.dylib
0x000000000cf4f000 	/System/Library/Frameworks/CoreGraphics.framework/Versions/A/Resources/libCGXType.A.dylib
0x000000012f063000 	cl_kernels
0x000000012f065000 	/System/Library/Frameworks/OpenCL.framework/Versions/A/Libraries/ImageFormats/unorm8_bgra.dylib
0x000000012f280000 	cl_kernels
0x000000012fb0f000 	/Library/Java/JavaVirtualMachines/jdk1.8.0_40.jdk/Contents/Home/jre/lib/libprism_common.dylib

VM Arguments:
jvm_args: -Didea.launcher.port=7540 -Didea.launcher.bin.path=/Applications/IntelliJ IDEA 14 CE.app/Contents/bin -Dfile.encoding=UTF-8 
java_command: com.intellij.rt.execution.application.AppMain sample.Main
java_class_path (initial): /Library/Java/JavaVirtualMachines/jdk1.8.0_40.jdk/Contents/Home/lib/ant-javafx.jar:/Library/Java/JavaVirtualMachines/jdk1.8.0_40.jdk/Contents/Home/lib/dt.jar:/Library/Java/JavaVirtualMachines/jdk1.8.0_40.jdk/Contents/Home/lib/javafx-mx.jar:/Library/Java/JavaVirtualMachines/jdk1.8.0_40.jdk/Contents/Home/lib/jconsole.jar:/Library/Java/JavaVirtualMachines/jdk1.8.0_40.jdk/Contents/Home/lib/packager.jar:/Library/Java/JavaVirtualMachines/jdk1.8.0_40.jdk/Contents/Home/lib/sa-jdi.jar:/Library/Java/JavaVirtualMachines/jdk1.8.0_40.jdk/Contents/Home/lib/tools.jar:/Library/Java/JavaVirtualMachines/jdk1.8.0_40.jdk/Contents/Home/jre/lib/charsets.jar:/Library/Java/JavaVirtualMachines/jdk1.8.0_40.jdk/Contents/Home/jre/lib/deploy.jar:/Library/Java/JavaVirtualMachines/jdk1.8.0_40.jdk/Contents/Home/jre/lib/javaws.jar:/Library/Java/JavaVirtualMachines/jdk1.8.0_40.jdk/Contents/Home/jre/lib/jce.jar:/Library/Java/JavaVirtualMachines/jdk1.8.0_40.jdk/Contents/Home/jre/lib/jfr.jar:/Library/Java/JavaVirtualMachines/jdk1.8.0_40.jdk/Contents/Home/jre/lib/jfxswt.jar:/Library/Java/JavaVirtualMachines/jdk1.8.0_40.jdk/Contents/Home/jre/lib/jsse.jar:/Library/Java/JavaVirtualMachines/jdk1.8.0_40.jdk/Contents/Home/jre/lib/management-agent.jar:/Library/Java/JavaVirtualMachines/jdk1.8.0_40.jdk/Contents/Home/jre/lib/plugin.jar:/Library/Java/JavaVirtualMachines/jdk1.8.0_40.jdk/Contents/Home/jre/lib/resources.jar:/Library/Java/JavaVirtualMachines/jdk1.8.0_40.jdk/Contents/Home/jre/lib/rt.jar:/Library/Java/JavaVirtualMachines/jdk1.8.0_40.jdk/Contents/Home/jre/lib/ext/cldrdata.jar:/Library/Java/JavaVirtualMachines/jdk1.8.0_40.jdk/Contents/Home/jre/lib/ext/dnsns.jar:/Library/Java/JavaVirtualMachines/jdk1.8.0_40.jdk/Contents/Home/jre/lib/ext/jfxrt.jar:/Library/Java/JavaVirtualMachines/jdk1.8.0_40.jdk/Contents/Home/jre/lib/ext/localedata.jar:/Library/Java/JavaVirtualMachines/jdk1.8.0_40.jdk/Contents/Home/jre/lib/ext/nashorn.jar:/Library/Java/JavaVirtualMachines/jdk1.8.0_40.jdk/Conten
Launcher Type: SUN_STANDARD

Environment Variables:
PATH=/usr/local/bin:/usr/bin:/bin:/usr/sbin:/sbin
SHELL=/bin/bash

Signal Handlers:
SIGSEGV: [libjvm.dylib+0x58ef95], sa_mask[0]=11111111011111110111111111111111, sa_flags=SA_ONSTACK|SA_RESTART|SA_SIGINFO
SIGBUS: [libjvm.dylib+0x58ef95], sa_mask[0]=11111111011111110111111111111111, sa_flags=SA_RESTART|SA_SIGINFO
SIGFPE: [libjvm.dylib+0x46c118], sa_mask[0]=11111111011111110111111111111111, sa_flags=SA_RESTART|SA_SIGINFO
SIGPIPE: [libjvm.dylib+0x46c118], sa_mask[0]=11111111011111110111111111111111, sa_flags=SA_RESTART|SA_SIGINFO
SIGXFSZ: [libjvm.dylib+0x46c118], sa_mask[0]=11111111011111110111111111111111, sa_flags=SA_RESTART|SA_SIGINFO
SIGILL: [libjvm.dylib+0x46c118], sa_mask[0]=11111111011111110111111111111111, sa_flags=SA_RESTART|SA_SIGINFO
SIGUSR1: SIG_DFL, sa_mask[0]=00000000000000000000000000000000, sa_flags=none
SIGUSR2: [libjvm.dylib+0x46bc36], sa_mask[0]=00100000000000000000000000000000, sa_flags=SA_RESTART|SA_SIGINFO
SIGHUP: [libjvm.dylib+0x46a209], sa_mask[0]=11111111011111110111111111111111, sa_flags=SA_RESTART|SA_SIGINFO
SIGINT: [libjvm.dylib+0x46a209], sa_mask[0]=11111111011111110111111111111111, sa_flags=SA_RESTART|SA_SIGINFO
SIGTERM: [libjvm.dylib+0x46a209], sa_mask[0]=11111111011111110111111111111111, sa_flags=SA_RESTART|SA_SIGINFO
SIGQUIT: [libjvm.dylib+0x46a209], sa_mask[0]=11111111011111110111111111111111, sa_flags=SA_RESTART|SA_SIGINFO


---------------  S Y S T E M  ---------------

OS:Bsduname:Darwin 14.1.1 Darwin Kernel Version 14.1.1: Thu Feb 26 22:41:49 PST 2015; root:xnu-2782.15.5~1/RELEASE_X86_64 x86_64
rlimit: STACK 8192k, CORE 0k, NPROC 709, NOFILE 10240, AS infinity
load average:3.44 2.43 2.13

CPU:total 4 (2 cores per cpu, 2 threads per core) family 6 model 61 stepping 4, cmov, cx8, fxsr, mmx, sse, sse2, sse3, ssse3, sse4.1, sse4.2, popcnt, avx, avx2, aes, clmul, erms, 3dnowpref, lzcnt, ht, tsc, tscinvbit, bmi1, bmi2, adx

Memory: 4k page, physical 8388608k(1571376k free)

/proc/meminfo:


vm_info: Java HotSpot(TM) 64-Bit Server VM (25.40-b25) for bsd-amd64 JRE (1.8.0_40-b27), built on Mar 13 2015 04:46:52 by "java_re" with gcc 4.2.1 (Based on Apple Inc. build 5658) (LLVM build 2336.11.00)

time: Thu Oct  1 17:37:33 2015
elapsed time: 21 seconds (0d 0h 0m 21s)

