#
# A fatal error has been detected by the Java Runtime Environment:
#
#  SIGSEGV (0xb) at pc=0x000000011da5b5dd, pid=936, tid=1299
#
# JRE version: Java(TM) SE Runtime Environment (8.0_40-b27) (build 1.8.0_40-b27)
# Java VM: Java HotSpot(TM) 64-Bit Server VM (25.40-b25 mixed mode bsd-amd64 compressed oops)
# Problematic frame:
# C  [libglass.dylib+0x155dd]  GlassScreenDidChangeScreenParameters+0x9d
#
# Failed to write core dump. Core dumps have been disabled. To enable core dumping, try "ulimit -c unlimited" before starting Java again
#
# If you would like to submit a bug report, please visit:
#   http://bugreport.java.com/bugreport/crash.jsp
#

---------------  T H R E A D  ---------------

Current thread is native thread

siginfo: si_signo: 11 (SIGSEGV), si_code: 1 (SEGV_MAPERR), si_addr: 0x0000000000000000

Registers:
RAX=0x000000011da8dbc0, RBX=0x0000000000000000, RCX=0x95009415d44cea45, RDX=0x00007f8c98679d60
RSP=0x00007fff5c445950, RBP=0x00007fff5c445960, RSI=0x00007f8c9870cd68, RDI=0x0000000000000000
R8 =0x00007fff5c445800, R9 =0x00007fff7df82300, R10=0x0000000000000000, R11=0x0000000000000246
R12=0x00007f8c98717880, R13=0x00000000000f4269, R14=0x00007f8c98679c70, R15=0x00007fff5c445aa0
RIP=0x000000011da5b5dd, EFLAGS=0x0000000000010206, ERR=0x0000000000000004
  TRAPNO=0x000000000000000e

Top of Stack: (sp=0x00007fff5c445950)
0x00007fff5c445950:   00007fff5c445b30 00007f8c98679c70
0x00007fff5c445960:   00007fff5c445970 00007fff943eacbc
0x00007fff5c445970:   00007fff5c445cd0 00007fff942dc384
0x00007fff5c445980:   00007fff5c4459d0 0000000000001400
0x00007fff5c445990:   00007fff7deddcf0 00007f8c98756af0
0x00007fff5c4459a0:   0000000000001002 0000000000000900
0x00007fff5c4459b0:   00007f8c98756af0 00007f8c98679c70
0x00007fff5c4459c0:   0000000000000000 00007fff5c445aa0
0x00007fff5c4459d0:   0000000000000000 00007f8c98679c30
0x00007fff5c4459e0:   00007fff5c445b20 0000000000000060
0x00007fff5c4459f0:   00000000000f430b 00007f8c9ab2ad60
0x00007fff5c445a00:   00007f8c9843c430 00007f8c98717880
0x00007fff5c445a10:   0000000000000001 00000000000f4269
0x00007fff5c445a20:   00007f8c98717870 00007fff9099bacb
0x00007fff5c445a30:   0000000000000001 0000000000000001
0x00007fff5c445a40:   0000000000000030 0000000000000001
0x00007fff5c445a50:   00007fff5c445a70 00007fff909a1231
0x00007fff5c445a60:   00007fff7dedbdd0 0000000000000000
0x00007fff5c445a70:   00007fff5c445a90 000000000000000e
0x00007fff5c445a80:   000388039a13da00 00007f8c987178a4
0x00007fff5c445a90:   0000000000000000 00007fff942d1e5f
0x00007fff5c445aa0:   00007f8c98679c70 00007fff7dedbdd0
0x00007fff5c445ab0:   00007fff5c445b30 00007fff942da98f
0x00007fff5c445ac0:   00007fff5c445b34 0000000000470301
0x00007fff5c445ad0:   00000001037d5a00 0000000000000002
0x00007fff5c445ae0:   00000001037d2000 00007f8c986ec672
0x00007fff5c445af0:   0000000000000003 00000001037d6e00
0x00007fff5c445b00:   00007fff5c445bf0 00007fff9099a2a2
0x00007fff5c445b10:   00007f8c9843bfe0 00007fff5c445cd8
0x00007fff5c445b20:   0000000000000017 0000000000000000
0x00007fff5c445b30:   00000000000f4269 00007fff942d2153
0x00007fff5c445b40:   00007fff00000000 00007f8c98442850 

Instructions: (pc=0x000000011da5b5dd)
0x000000011da5b5bd:   89 df 4c 89 f1 41 ff 90 68 04 00 00 48 8d 05 f8
0x000000011da5b5cd:   24 03 00 48 8b 30 48 8d 05 e6 25 03 00 48 8b 10
0x000000011da5b5dd:   48 8b 0b 30 c0 48 89 df ff 91 68 04 00 00 48 8b
0x000000011da5b5ed:   03 48 89 df ff 50 78 48 85 c0 74 36 49 89 c6 48 

Register to memory mapping:

RAX=0x000000011da8dbc0: jScreenNotifySettingsChanged+0 in /Library/Java/JavaVirtualMachines/jdk1.8.0_40.jdk/Contents/Home/jre/lib/libglass.dylib at 0x000000011da46000
RBX=0x0000000000000000 is an unknown value
RCX=0x95009415d44cea45 is an unknown value
RDX=0x00007f8c98679d60 is an unknown value
RSP=0x00007fff5c445950 is an unknown value
RBP=0x00007fff5c445960 is an unknown value
RSI=0x00007f8c9870cd68 is a global jni handle
RDI=0x0000000000000000 is an unknown value
R8 =0x00007fff5c445800 is an unknown value
R9 =0x00007fff7df82300: _thread+0 in /usr/lib/system/libsystem_pthread.dylib at 0x00007fff94956000
R10=0x0000000000000000 is an unknown value
R11=0x0000000000000246 is an unknown value
R12=0x00007f8c98717880 is an unknown value
R13=0x00000000000f4269 is an unknown value
R14=0x00007f8c98679c70 is an unknown value
R15=0x00007fff5c445aa0 is an unknown value


Stack: [0x00007fff5bc49000,0x00007fff5c449000],  sp=0x00007fff5c445950,  free space=8178k
Native frames: (J=compiled Java code, j=interpreted, Vv=VM code, C=native code)
C  [libglass.dylib+0x155dd]  GlassScreenDidChangeScreenParameters+0x9d
C  [CoreFoundation+0x11ecbc]  __CFNOTIFICATIONCENTER_IS_CALLING_OUT_TO_AN_OBSERVER__+0xc
C  [CoreFoundation+0x10384]  _CFXNotificationPost+0xc44
C  [Foundation+0x2aa1]  -[NSNotificationCenter postNotificationName:object:userInfo:]+0x42
C  [AppKit+0x36595e]  -[NSApplication _reactToScreenInvalidationImmediately:]+0x17b
C  [AppKit+0x36579d]  __44-[NSApplication _reactToScreenInvalidation:]_block_invoke+0x4b
C  [CoreFoundation+0x806ac]  __CFRUNLOOP_IS_CALLING_OUT_TO_A_BLOCK__+0xc
C  [CoreFoundation+0x727b5]  __CFRunLoopDoBlocks+0x155
C  [CoreFoundation+0x722f6]  __CFRunLoopRun+0x716
C  [CoreFoundation+0x71998]  CFRunLoopRunSpecific+0x128
C  [java+0x6490]  CreateExecutionEnvironment+0x367
C  [java+0x221c]  JLI_Launch+0x7a0
C  [java+0x84ed]  main+0x65
C  [java+0x1a74]  start+0x34


---------------  P R O C E S S  ---------------

VM state:not at safepoint (normal execution)

VM Mutex/Monitor currently owned by a thread: None

Heap:
 PSYoungGen      total 38400K, used 9883K [0x0000000795580000, 0x0000000798000000, 0x00000007c0000000)
  eden space 33280K, 16% used [0x0000000795580000,0x0000000795b02c48,0x0000000797600000)
  from space 5120K, 82% used [0x0000000797600000,0x0000000797a24040,0x0000000797b00000)
  to   space 5120K, 0% used [0x0000000797b00000,0x0000000797b00000,0x0000000798000000)
 ParOldGen       total 87552K, used 4112K [0x0000000740000000, 0x0000000745580000, 0x0000000795580000)
  object space 87552K, 4% used [0x0000000740000000,0x0000000740404020,0x0000000745580000)
 Metaspace       used 14673K, capacity 15222K, committed 15360K, reserved 1062912K
  class space    used 1869K, capacity 2004K, committed 2048K, reserved 1048576K

Card table byte_map: [0x00000001145c0000,0x00000001149c1000] byte_map_base: 0x0000000110bc0000

Marking Bits: (ParMarkBitMap*) 0x000000010419a7a0
 Begin Bits: [0x0000000115078000, 0x0000000117078000)
 End Bits:   [0x0000000117078000, 0x0000000119078000)

Polling page: 0x000000010499e000

CodeCache: size=245760Kb used=6151Kb max_used=6163Kb free=239609Kb
 bounds [0x0000000105200000, 0x0000000105810000, 0x0000000114200000]
 total_blobs=2640 nmethods=2012 adapters=541
 compilation: enabled

Compilation events (10 events):
Event: 11.690 Thread 0x00007f8c99019000 2008       3       java.lang.invoke.MemberName::isCallerSensitive (7 bytes)
Event: 11.690 Thread 0x00007f8c99019000 nmethod 2008 0x00000001057fcb10 code [0x00000001057fcc80, 0x00000001057fcef0]
Event: 21.555 Thread 0x00007f8c99019000 2009 % !   3       sample.Assets.Ball::run @ 0 (108 bytes)
Event: 21.556 Thread 0x00007f8c99019000 nmethod 2009% 0x0000000105801490 code [0x00000001058016e0, 0x0000000105802298]
Event: 21.894 Thread 0x00007f8c99019000 2010 % !   3       sample.Assets.Ball::run @ 7 (108 bytes)
Event: 21.896 Thread 0x00007f8c99019000 nmethod 2010% 0x00000001058027d0 code [0x0000000105802a20, 0x00000001058035f8]
Event: 22.250 Thread 0x00007f8c99019000 2011   !   3       sample.Assets.Ball::run (108 bytes)
Event: 22.252 Thread 0x00007f8c99019000 nmethod 2011 0x0000000105803b50 code [0x0000000105803da0, 0x00000001058048f8]
Event: 35.656 Thread 0x00007f8c98864800 2012 % !   4       sample.Assets.Ball::run @ 7 (108 bytes)
Event: 35.666 Thread 0x00007f8c98864800 nmethod 2012% 0x00000001057fc090 code [0x00000001057fc240, 0x00000001057fc6f8]

GC Heap History (2 events):
Event: 3.467 GC heap before
{Heap before GC invocations=1 (full 0):
 PSYoungGen      total 38400K, used 33280K [0x0000000795580000, 0x0000000798000000, 0x00000007c0000000)
  eden space 33280K, 100% used [0x0000000795580000,0x0000000797600000,0x0000000797600000)
  from space 5120K, 0% used [0x0000000797b00000,0x0000000797b00000,0x0000000798000000)
  to   space 5120K, 0% used [0x0000000797600000,0x0000000797600000,0x0000000797b00000)
 ParOldGen       total 87552K, used 0K [0x0000000740000000, 0x0000000745580000, 0x0000000795580000)
  object space 87552K, 0% used [0x0000000740000000,0x0000000740000000,0x0000000745580000)
 Metaspace       used 13909K, capacity 14482K, committed 14848K, reserved 1062912K
  class space    used 1856K, capacity 1983K, committed 2048K, reserved 1048576K
Event: 3.475 GC heap after
Heap after GC invocations=1 (full 0):
 PSYoungGen      total 38400K, used 4240K [0x0000000795580000, 0x0000000798000000, 0x00000007c0000000)
  eden space 33280K, 0% used [0x0000000795580000,0x0000000795580000,0x0000000797600000)
  from space 5120K, 82% used [0x0000000797600000,0x0000000797a24040,0x0000000797b00000)
  to   space 5120K, 0% used [0x0000000797b00000,0x0000000797b00000,0x0000000798000000)
 ParOldGen       total 87552K, used 4112K [0x0000000740000000, 0x0000000745580000, 0x0000000795580000)
  object space 87552K, 4% used [0x0000000740000000,0x0000000740404020,0x0000000745580000)
 Metaspace       used 13909K, capacity 14482K, committed 14848K, reserved 1062912K
  class space    used 1856K, capacity 1983K, committed 2048K, reserved 1048576K
}

Deoptimization events (10 events):
Event: 1.221 Thread 0x00007f8c988d2800 Uncommon trap: reason=class_check action=maybe_recompile pc=0x0000000105491684 method=java.io.DataInputStream.readShort()S @ 4
Event: 1.221 Thread 0x00007f8c988d2800 Uncommon trap: reason=class_check action=maybe_recompile pc=0x0000000105491684 method=java.io.DataInputStream.readShort()S @ 4
Event: 1.230 Thread 0x00007f8c988d2800 Uncommon trap: reason=class_check action=maybe_recompile pc=0x000000010533734c method=java.lang.String.equals(Ljava/lang/Object;)Z @ 8
Event: 1.230 Thread 0x00007f8c988d2800 Uncommon trap: reason=class_check action=maybe_recompile pc=0x000000010533734c method=java.lang.String.equals(Ljava/lang/Object;)Z @ 8
Event: 1.230 Thread 0x00007f8c988d2800 Uncommon trap: reason=class_check action=maybe_recompile pc=0x000000010533734c method=java.lang.String.equals(Ljava/lang/Object;)Z @ 8
Event: 1.233 Thread 0x00007f8c988d2800 Uncommon trap: reason=class_check action=maybe_recompile pc=0x000000010533734c method=java.lang.String.equals(Ljava/lang/Object;)Z @ 8
Event: 1.444 Thread 0x00007f8c988d2800 Uncommon trap: reason=unstable_if action=reinterpret pc=0x00000001054f306c method=java.lang.CharacterData.of(I)Ljava/lang/CharacterData; @ 4
Event: 1.488 Thread 0x00007f8c988d2800 Uncommon trap: reason=unstable_if action=reinterpret pc=0x0000000105505130 method=java.util.HashMap.putVal(ILjava/lang/Object;Ljava/lang/Object;ZZ)Ljava/lang/Object; @ 193
Event: 3.465 Thread 0x00007f8c988d2800 Uncommon trap: reason=unstable_if action=reinterpret pc=0x000000010550f8f4 method=jdk.internal.org.objectweb.asm.Type.getArgumentsAndReturnSizes(Ljava/lang/String;)I @ 47
Event: 6.812 Thread 0x00007f8c99122800 Uncommon trap: reason=unstable_if action=reinterpret pc=0x00000001056606bc method=sample.Assets.Block.isTouched(DDDD)I @ 65

Internal exceptions (10 events):
Event: 0.353 Thread 0x00007f8c9906a000 Exception <a 'java/security/PrivilegedActionException'> (0x0000000795ace9c0) thrown at [/Users/java_re/workspace/8-2-build-macosx-x86_64/jdk8u40/3153/hotspot/src/share/vm/prims/jvm.cpp, line 1382]
Event: 0.353 Thread 0x00007f8c9906a000 Exception <a 'java/security/PrivilegedActionException'> (0x0000000795aceb78) thrown at [/Users/java_re/workspace/8-2-build-macosx-x86_64/jdk8u40/3153/hotspot/src/share/vm/prims/jvm.cpp, line 1382]
Event: 0.354 Thread 0x00007f8c9906a000 Exception <a 'java/security/PrivilegedActionException'> (0x0000000795ad1d68) thrown at [/Users/java_re/workspace/8-2-build-macosx-x86_64/jdk8u40/3153/hotspot/src/share/vm/prims/jvm.cpp, line 1382]
Event: 0.354 Thread 0x00007f8c9906a000 Exception <a 'java/security/PrivilegedActionException'> (0x0000000795ad1f20) thrown at [/Users/java_re/workspace/8-2-build-macosx-x86_64/jdk8u40/3153/hotspot/src/share/vm/prims/jvm.cpp, line 1382]
Event: 0.354 Thread 0x00007f8c9906a000 Exception <a 'java/lang/NullPointerException'> (0x0000000795ad3840) thrown at [/Users/java_re/workspace/8-2-build-macosx-x86_64/jdk8u40/3153/hotspot/src/share/vm/interpreter/linkResolver.cpp, line 1178]
Event: 0.838 Thread 0x00007f8c988d2800 Exception <a 'java/lang/NullPointerException'> (0x000000079644ec58) thrown at [/Users/java_re/workspace/8-2-build-macosx-x86_64/jdk8u40/3153/hotspot/src/share/vm/interpreter/linkResolver.cpp, line 1178]
Event: 0.838 Thread 0x00007f8c988d2800 Exception <a 'java/lang/NullPointerException'> (0x000000079644ec58) thrown at [/Users/java_re/workspace/8-2-build-macosx-x86_64/jdk8u40/3153/hotspot/src/share/vm/prims/jvm.cpp, line 1386]
Event: 0.936 Thread 0x00007f8c988d2800 Exception <a 'java/lang/ArrayIndexOutOfBoundsException'> (0x000000079666eb90) thrown at [/Users/java_re/workspace/8-2-build-macosx-x86_64/jdk8u40/3153/hotspot/src/share/vm/runtime/sharedRuntime.cpp, line 605]
Event: 0.936 Thread 0x00007f8c988d2800 Exception <a 'java/lang/ArrayIndexOutOfBoundsException'> (0x000000079666f7e0) thrown at [/Users/java_re/workspace/8-2-build-macosx-x86_64/jdk8u40/3153/hotspot/src/share/vm/runtime/sharedRuntime.cpp, line 605]
Event: 0.937 Thread 0x00007f8c988d2800 Exception <a 'java/lang/ArrayIndexOutOfBoundsException'> (0x0000000796670ad8) thrown at [/Users/java_re/workspace/8-2-build-macosx-x86_64/jdk8u40/3153/hotspot/src/share/vm/runtime/sharedRuntime.cpp, line 605]

Events (10 events):
Event: 11.686 loading class com/sun/javafx/tk/quantum/QuantumRenderer done
Event: 11.687 loading class com/sun/javafx/tk/quantum/QuantumToolkit
Event: 11.687 loading class com/sun/javafx/tk/quantum/QuantumToolkit done
Event: 11.687 Thread 0x00007f8c988bd800 Thread exited: 0x00007f8c988bd800
Event: 11.688 Thread 0x00007f8c9906a000 Thread exited: 0x00007f8c9906a000
Event: 11.688 Thread 0x00007f8c9a002800 Thread exited: 0x00007f8c9a002800
Event: 11.688 Thread 0x00007f8c9a002800 Thread added: 0x00007f8c9a002800
Event: 11.688 Thread 0x00007f8c988d2800 Thread exited: 0x00007f8c988d2800
Event: 38.518 Thread 0x00007f8c99122800 DEOPT PACKING pc=0x000000010580342c sp=0x00000001214fc810
Event: 38.518 Thread 0x00007f8c99122800 DEOPT UNPACKING pc=0x0000000105247633 sp=0x00000001214fc610 mode 0


Dynamic libraries:
0x000000000cf4f000 	/System/Library/Frameworks/Cocoa.framework/Versions/A/Cocoa
0x000000000cf4f000 	/System/Library/Frameworks/Security.framework/Versions/A/Security
0x000000000cf4f000 	/System/Library/Frameworks/ApplicationServices.framework/Versions/A/ApplicationServices
0x000000000cf4f000 	/usr/lib/libz.1.dylib
0x000000000cf4f000 	/usr/lib/libSystem.B.dylib
0x000000000cf4f000 	/usr/lib/libobjc.A.dylib
0x000000000cf4f000 	/System/Library/Frameworks/CoreFoundation.framework/Versions/A/CoreFoundation
0x000000000cf4f000 	/System/Library/Frameworks/Foundation.framework/Versions/C/Foundation
0x000000000cf4f000 	/System/Library/Frameworks/AppKit.framework/Versions/C/AppKit
0x000000000cf4f000 	/System/Library/Frameworks/CoreData.framework/Versions/A/CoreData
0x000000000cf4f000 	/System/Library/PrivateFrameworks/RemoteViewServices.framework/Versions/A/RemoteViewServices
0x000000000cf4f000 	/System/Library/PrivateFrameworks/UIFoundation.framework/Versions/A/UIFoundation
0x000000000cf4f000 	/System/Library/Frameworks/IOSurface.framework/Versions/A/IOSurface
0x000000000cf4f000 	/System/Library/Frameworks/AudioToolbox.framework/Versions/A/AudioToolbox
0x000000000cf4f000 	/System/Library/Frameworks/AudioUnit.framework/Versions/A/AudioUnit
0x000000000cf4f000 	/System/Library/PrivateFrameworks/DataDetectorsCore.framework/Versions/A/DataDetectorsCore
0x000000000cf4f000 	/System/Library/PrivateFrameworks/DesktopServicesPriv.framework/Versions/A/DesktopServicesPriv
0x000000000cf4f000 	/System/Library/Frameworks/Carbon.framework/Versions/A/Frameworks/HIToolbox.framework/Versions/A/HIToolbox
0x000000000cf4f000 	/System/Library/Frameworks/QuartzCore.framework/Versions/A/QuartzCore
0x000000000cf4f000 	/System/Library/Frameworks/Carbon.framework/Versions/A/Frameworks/SpeechRecognition.framework/Versions/A/SpeechRecognition
0x000000000cf4f000 	/usr/lib/libauto.dylib
0x000000000cf4f000 	/usr/lib/libicucore.A.dylib
0x000000000cf4f000 	/usr/lib/libxml2.2.dylib
0x000000000cf4f000 	/System/Library/PrivateFrameworks/CoreUI.framework/Versions/A/CoreUI
0x000000000cf4f000 	/System/Library/Frameworks/CoreAudio.framework/Versions/A/CoreAudio
0x000000000cf4f000 	/System/Library/Frameworks/DiskArbitration.framework/Versions/A/DiskArbitration
0x000000000cf4f000 	/usr/lib/liblangid.dylib
0x000000000cf4f000 	/System/Library/PrivateFrameworks/MultitouchSupport.framework/Versions/A/MultitouchSupport
0x000000000cf4f000 	/System/Library/Frameworks/IOKit.framework/Versions/A/IOKit
0x000000000cf4f000 	/usr/lib/libDiagnosticMessagesClient.dylib
0x000000000cf4f000 	/System/Library/Frameworks/CoreServices.framework/Versions/A/CoreServices
0x000000000cf4f000 	/System/Library/PrivateFrameworks/PerformanceAnalysis.framework/Versions/A/PerformanceAnalysis
0x000000000cf4f000 	/System/Library/PrivateFrameworks/GenerationalStorage.framework/Versions/A/GenerationalStorage
0x000000000cf4f000 	/System/Library/Frameworks/OpenGL.framework/Versions/A/OpenGL
0x000000000cf4f000 	/System/Library/PrivateFrameworks/Sharing.framework/Versions/A/Sharing
0x000000000cf4f000 	/System/Library/Frameworks/CoreGraphics.framework/Versions/A/CoreGraphics
0x000000000cf4f000 	/System/Library/Frameworks/CoreText.framework/Versions/A/CoreText
0x000000000cf4f000 	/System/Library/Frameworks/ImageIO.framework/Versions/A/ImageIO
0x000000000cf4f000 	/usr/lib/libextension.dylib
0x000000000cf4f000 	/System/Library/PrivateFrameworks/Backup.framework/Versions/A/Backup
0x000000000cf4f000 	/usr/lib/libarchive.2.dylib
0x000000000cf4f000 	/System/Library/Frameworks/CFNetwork.framework/Versions/A/CFNetwork
0x000000000cf4f000 	/System/Library/Frameworks/SystemConfiguration.framework/Versions/A/SystemConfiguration
0x000000000cf4f000 	/usr/lib/libCRFSuite.dylib
0x000000000cf4f000 	/usr/lib/libc++.1.dylib
0x000000000cf4f000 	/usr/lib/libc++abi.dylib
0x000000000cf4f000 	/usr/lib/system/libcache.dylib
0x000000000cf4f000 	/usr/lib/system/libcommonCrypto.dylib
0x000000000cf4f000 	/usr/lib/system/libcompiler_rt.dylib
0x000000000cf4f000 	/usr/lib/system/libcopyfile.dylib
0x000000000cf4f000 	/usr/lib/system/libcorecrypto.dylib
0x000000000cf4f000 	/usr/lib/system/libdispatch.dylib
0x000000000cf4f000 	/usr/lib/system/libdyld.dylib
0x000000000cf4f000 	/usr/lib/system/libkeymgr.dylib
0x000000000cf4f000 	/usr/lib/system/liblaunch.dylib
0x000000000cf4f000 	/usr/lib/system/libmacho.dylib
0x000000000cf4f000 	/usr/lib/system/libquarantine.dylib
0x000000000cf4f000 	/usr/lib/system/libremovefile.dylib
0x000000000cf4f000 	/usr/lib/system/libsystem_asl.dylib
0x000000000cf4f000 	/usr/lib/system/libsystem_blocks.dylib
0x000000000cf4f000 	/usr/lib/system/libsystem_c.dylib
0x000000000cf4f000 	/usr/lib/system/libsystem_configuration.dylib
0x000000000cf4f000 	/usr/lib/system/libsystem_coreservices.dylib
0x000000000cf4f000 	/usr/lib/system/libsystem_coretls.dylib
0x000000000cf4f000 	/usr/lib/system/libsystem_dnssd.dylib
0x000000000cf4f000 	/usr/lib/system/libsystem_info.dylib
0x000000000cf4f000 	/usr/lib/system/libsystem_kernel.dylib
0x000000000cf4f000 	/usr/lib/system/libsystem_m.dylib
0x000000000cf4f000 	/usr/lib/system/libsystem_malloc.dylib
0x000000000cf4f000 	/usr/lib/system/libsystem_network.dylib
0x000000000cf4f000 	/usr/lib/system/libsystem_networkextension.dylib
0x000000000cf4f000 	/usr/lib/system/libsystem_notify.dylib
0x000000000cf4f000 	/usr/lib/system/libsystem_platform.dylib
0x000000000cf4f000 	/usr/lib/system/libsystem_pthread.dylib
0x000000000cf4f000 	/usr/lib/system/libsystem_sandbox.dylib
0x000000000cf4f000 	/usr/lib/system/libsystem_secinit.dylib
0x000000000cf4f000 	/usr/lib/system/libsystem_stats.dylib
0x000000000cf4f000 	/usr/lib/system/libsystem_trace.dylib
0x000000000cf4f000 	/usr/lib/system/libunc.dylib
0x000000000cf4f000 	/usr/lib/system/libunwind.dylib
0x000000000cf4f000 	/usr/lib/system/libxpc.dylib
0x000000000cf4f000 	/usr/lib/libbz2.1.0.dylib
0x000000000cf4f000 	/usr/lib/liblzma.5.dylib
0x000000000cf4f000 	/usr/lib/libbsm.0.dylib
0x000000000cf4f000 	/usr/lib/libsqlite3.dylib
0x000000000cf4f000 	/usr/lib/system/libkxld.dylib
0x000000000cf4f000 	/usr/lib/libxar.1.dylib
0x000000000cf4f000 	/usr/lib/libpam.2.dylib
0x000000000cf4f000 	/usr/lib/libOpenScriptingUtil.dylib
0x000000000cf4f000 	/System/Library/Frameworks/CoreServices.framework/Versions/A/Frameworks/FSEvents.framework/Versions/A/FSEvents
0x000000000cf4f000 	/System/Library/Frameworks/CoreServices.framework/Versions/A/Frameworks/CarbonCore.framework/Versions/A/CarbonCore
0x000000000cf4f000 	/System/Library/Frameworks/CoreServices.framework/Versions/A/Frameworks/Metadata.framework/Versions/A/Metadata
0x000000000cf4f000 	/System/Library/Frameworks/CoreServices.framework/Versions/A/Frameworks/OSServices.framework/Versions/A/OSServices
0x000000000cf4f000 	/System/Library/Frameworks/CoreServices.framework/Versions/A/Frameworks/SearchKit.framework/Versions/A/SearchKit
0x000000000cf4f000 	/System/Library/Frameworks/CoreServices.framework/Versions/A/Frameworks/AE.framework/Versions/A/AE
0x000000000cf4f000 	/System/Library/Frameworks/CoreServices.framework/Versions/A/Frameworks/LaunchServices.framework/Versions/A/LaunchServices
0x000000000cf4f000 	/System/Library/Frameworks/CoreServices.framework/Versions/A/Frameworks/DictionaryServices.framework/Versions/A/DictionaryServices
0x000000000cf4f000 	/System/Library/Frameworks/NetFS.framework/Versions/A/NetFS
0x000000000cf4f000 	/System/Library/PrivateFrameworks/NetAuth.framework/Versions/A/NetAuth
0x000000000cf4f000 	/System/Library/PrivateFrameworks/login.framework/Versions/A/Frameworks/loginsupport.framework/Versions/A/loginsupport
0x000000000cf4f000 	/System/Library/PrivateFrameworks/TCC.framework/Versions/A/TCC
0x000000000cf4f000 	/usr/lib/libmecabra.dylib
0x000000000cf4f000 	/System/Library/Frameworks/ApplicationServices.framework/Versions/A/Frameworks/ATS.framework/Versions/A/ATS
0x000000000cf4f000 	/System/Library/Frameworks/ApplicationServices.framework/Versions/A/Frameworks/ColorSync.framework/Versions/A/ColorSync
0x000000000cf4f000 	/System/Library/Frameworks/ApplicationServices.framework/Versions/A/Frameworks/HIServices.framework/Versions/A/HIServices
0x000000000cf4f000 	/System/Library/Frameworks/ApplicationServices.framework/Versions/A/Frameworks/LangAnalysis.framework/Versions/A/LangAnalysis
0x000000000cf4f000 	/System/Library/Frameworks/ApplicationServices.framework/Versions/A/Frameworks/PrintCore.framework/Versions/A/PrintCore
0x000000000cf4f000 	/System/Library/Frameworks/ApplicationServices.framework/Versions/A/Frameworks/QD.framework/Versions/A/QD
0x000000000cf4f000 	/System/Library/Frameworks/ApplicationServices.framework/Versions/A/Frameworks/SpeechSynthesis.framework/Versions/A/SpeechSynthesis
0x000000000cf4f000 	/System/Library/Frameworks/Accelerate.framework/Versions/A/Accelerate
0x000000000cf4f000 	/System/Library/Frameworks/Accelerate.framework/Versions/A/Frameworks/vImage.framework/Versions/A/vImage
0x000000000cf4f000 	/System/Library/Frameworks/Accelerate.framework/Versions/A/Frameworks/vecLib.framework/Versions/A/vecLib
0x000000000cf4f000 	/System/Library/Frameworks/Accelerate.framework/Versions/A/Frameworks/vecLib.framework/Versions/A/libvDSP.dylib
0x000000000cf4f000 	/System/Library/Frameworks/Accelerate.framework/Versions/A/Frameworks/vecLib.framework/Versions/A/libvMisc.dylib
0x000000000cf4f000 	/System/Library/Frameworks/Accelerate.framework/Versions/A/Frameworks/vecLib.framework/Versions/A/libLAPACK.dylib
0x000000000cf4f000 	/System/Library/Frameworks/Accelerate.framework/Versions/A/Frameworks/vecLib.framework/Versions/A/libBLAS.dylib
0x000000000cf4f000 	/System/Library/Frameworks/Accelerate.framework/Versions/A/Frameworks/vecLib.framework/Versions/A/libLinearAlgebra.dylib
0x000000000cf4f000 	/System/Library/Frameworks/ApplicationServices.framework/Versions/A/Frameworks/ATS.framework/Versions/A/Resources/libFontParser.dylib
0x000000000cf4f000 	/System/Library/Frameworks/ApplicationServices.framework/Versions/A/Frameworks/ATS.framework/Versions/A/Resources/libFontRegistry.dylib
0x000000000cf4f000 	/System/Library/PrivateFrameworks/AppleVPA.framework/Versions/A/AppleVPA
0x000000000cf4f000 	/System/Library/PrivateFrameworks/AppleJPEG.framework/Versions/A/AppleJPEG
0x000000000cf4f000 	/System/Library/Frameworks/ImageIO.framework/Versions/A/Resources/libJPEG.dylib
0x000000000cf4f000 	/System/Library/Frameworks/ImageIO.framework/Versions/A/Resources/libTIFF.dylib
0x000000000cf4f000 	/System/Library/Frameworks/ImageIO.framework/Versions/A/Resources/libPng.dylib
0x000000000cf4f000 	/System/Library/Frameworks/ImageIO.framework/Versions/A/Resources/libGIF.dylib
0x000000000cf4f000 	/System/Library/Frameworks/ImageIO.framework/Versions/A/Resources/libJP2.dylib
0x000000000cf4f000 	/System/Library/Frameworks/ImageIO.framework/Versions/A/Resources/libRadiance.dylib
0x000000000cf4f000 	/System/Library/Frameworks/CoreVideo.framework/Versions/A/CoreVideo
0x000000000cf4f000 	/System/Library/Frameworks/OpenGL.framework/Versions/A/Libraries/libGLU.dylib
0x000000000cf4f000 	/System/Library/Frameworks/OpenGL.framework/Versions/A/Libraries/libGFXShared.dylib
0x000000000cf4f000 	/System/Library/Frameworks/OpenGL.framework/Versions/A/Libraries/libGL.dylib
0x000000000cf4f000 	/System/Library/Frameworks/OpenGL.framework/Versions/A/Libraries/libGLImage.dylib
0x000000000cf4f000 	/System/Library/Frameworks/OpenGL.framework/Versions/A/Libraries/libCVMSPluginSupport.dylib
0x000000000cf4f000 	/System/Library/Frameworks/OpenGL.framework/Versions/A/Libraries/libCoreVMClient.dylib
0x000000000cf4f000 	/usr/lib/libcups.2.dylib
0x000000000cf4f000 	/System/Library/Frameworks/Kerberos.framework/Versions/A/Kerberos
0x000000000cf4f000 	/System/Library/Frameworks/GSS.framework/Versions/A/GSS
0x000000000cf4f000 	/usr/lib/libresolv.9.dylib
0x000000000cf4f000 	/usr/lib/libiconv.2.dylib
0x000000000cf4f000 	/System/Library/PrivateFrameworks/Heimdal.framework/Versions/A/Heimdal
0x000000000cf4f000 	/usr/lib/libheimdal-asn1.dylib
0x000000000cf4f000 	/System/Library/Frameworks/OpenDirectory.framework/Versions/A/OpenDirectory
0x000000000cf4f000 	/System/Library/PrivateFrameworks/CommonAuth.framework/Versions/A/CommonAuth
0x000000000cf4f000 	/System/Library/Frameworks/OpenDirectory.framework/Versions/A/Frameworks/CFOpenDirectory.framework/Versions/A/CFOpenDirectory
0x000000000cf4f000 	/System/Library/Frameworks/SecurityFoundation.framework/Versions/A/SecurityFoundation
0x000000000cf4f000 	/System/Library/PrivateFrameworks/LanguageModeling.framework/Versions/A/LanguageModeling
0x000000000cf4f000 	/usr/lib/libcmph.dylib
0x000000000cf4f000 	/System/Library/Frameworks/ServiceManagement.framework/Versions/A/ServiceManagement
0x000000000cf4f000 	/usr/lib/libxslt.1.dylib
0x000000000cf4f000 	/System/Library/Frameworks/Carbon.framework/Versions/A/Frameworks/Ink.framework/Versions/A/Ink
0x000000000cf4f000 	/System/Library/Frameworks/QuartzCore.framework/Versions/A/Frameworks/CoreImage.framework/Versions/A/CoreImage
0x000000000cf4f000 	/System/Library/PrivateFrameworks/CrashReporterSupport.framework/Versions/A/CrashReporterSupport
0x000000000cf4f000 	/System/Library/Frameworks/OpenCL.framework/Versions/A/OpenCL
0x000000000cf4f000 	/System/Library/PrivateFrameworks/FaceCore.framework/Versions/A/FaceCore
0x000000000cf4f000 	/System/Library/PrivateFrameworks/Ubiquity.framework/Versions/A/Ubiquity
0x000000000cf4f000 	/System/Library/PrivateFrameworks/IconServices.framework/Versions/A/IconServices
0x000000000cf4f000 	/System/Library/PrivateFrameworks/ChunkingLibrary.framework/Versions/A/ChunkingLibrary
0x000000000cf4f000 	/System/Library/PrivateFrameworks/Apple80211.framework/Versions/A/Apple80211
0x000000000cf4f000 	/System/Library/Frameworks/CoreWLAN.framework/Versions/A/CoreWLAN
0x000000000cf4f000 	/System/Library/Frameworks/IOBluetooth.framework/Versions/A/IOBluetooth
0x000000000cf4f000 	/System/Library/PrivateFrameworks/CoreWiFi.framework/Versions/A/CoreWiFi
0x000000000cf4f000 	/System/Library/Frameworks/CoreBluetooth.framework/Versions/A/CoreBluetooth
0x000000000cf4f000 	/System/Library/PrivateFrameworks/DebugSymbols.framework/Versions/A/DebugSymbols
0x000000000cf4f000 	/System/Library/PrivateFrameworks/CoreSymbolication.framework/Versions/A/CoreSymbolication
0x000000000cf4f000 	/System/Library/PrivateFrameworks/Symbolication.framework/Versions/A/Symbolication
0x000000000cf4f000 	/System/Library/PrivateFrameworks/SpeechRecognitionCore.framework/Versions/A/SpeechRecognitionCore
0x0000000048f03000 	/System/Library/CoreServices/Encodings/libJapaneseConverter.dylib
0x00000001038d8000 	/Library/Java/JavaVirtualMachines/jdk1.8.0_40.jdk/Contents/Home/jre/lib/server/libjvm.dylib
0x000000000cf4f000 	/usr/lib/libstdc++.6.dylib
0x000000010495b000 	/Library/Java/JavaVirtualMachines/jdk1.8.0_40.jdk/Contents/Home/jre/lib/libverify.dylib
0x0000000104969000 	/Library/Java/JavaVirtualMachines/jdk1.8.0_40.jdk/Contents/Home/jre/lib/libjava.dylib
0x00000001049a8000 	/Library/Java/JavaVirtualMachines/jdk1.8.0_40.jdk/Contents/Home/jre/lib/libzip.dylib
0x000000011b22f000 	/System/Library/Frameworks/JavaVM.framework/Frameworks/JavaRuntimeSupport.framework/JavaRuntimeSupport
0x000000011b247000 	/System/Library/Frameworks/JavaVM.framework/Versions/A/Frameworks/JavaNativeFoundation.framework/Versions/A/JavaNativeFoundation
0x000000011b25c000 	/System/Library/Frameworks/JavaVM.framework/Versions/A/JavaVM
0x000000000cf4f000 	/System/Library/Frameworks/Carbon.framework/Versions/A/Carbon
0x000000011b269000 	/System/Library/PrivateFrameworks/JavaLaunching.framework/Versions/A/JavaLaunching
0x000000000cf4f000 	/System/Library/Frameworks/Carbon.framework/Versions/A/Frameworks/CommonPanels.framework/Versions/A/CommonPanels
0x000000000cf4f000 	/System/Library/Frameworks/Carbon.framework/Versions/A/Frameworks/Help.framework/Versions/A/Help
0x000000000cf4f000 	/System/Library/Frameworks/Carbon.framework/Versions/A/Frameworks/ImageCapture.framework/Versions/A/ImageCapture
0x000000000cf4f000 	/System/Library/Frameworks/Carbon.framework/Versions/A/Frameworks/OpenScripting.framework/Versions/A/OpenScripting
0x000000000cf4f000 	/System/Library/Frameworks/Carbon.framework/Versions/A/Frameworks/Print.framework/Versions/A/Print
0x000000000cf4f000 	/System/Library/Frameworks/Carbon.framework/Versions/A/Frameworks/SecurityHI.framework/Versions/A/SecurityHI
0x000000011d157000 	/Applications/IntelliJ IDEA 14 CE.app/Contents/bin/libbreakgen64.jnilib
0x000000011d25d000 	/Library/Java/JavaVirtualMachines/jdk1.8.0_40.jdk/Contents/Home/jre/lib/libnet.dylib
0x000000011d558000 	/Library/Java/JavaVirtualMachines/jdk1.8.0_40.jdk/Contents/Home/jre/lib/libprism_es2.dylib
0x000000000cf4f000 	/System/Library/Frameworks/OpenGL.framework/Versions/A/Resources/GLEngine.bundle/GLEngine
0x000000000cf4f000 	/System/Library/Frameworks/OpenGL.framework/Versions/A/Libraries/libGLProgrammability.dylib
0x0000000000000000 	/System/Library/Extensions/AppleIntelBDWGraphicsGLDriver.bundle/Contents/MacOS/AppleIntelBDWGraphicsGLDriver
0x000000000cf4f000 	/System/Library/PrivateFrameworks/IOAccelerator.framework/Versions/A/IOAccelerator
0x000000000cf4f000 	/System/Library/PrivateFrameworks/GPUSupport.framework/Versions/A/Libraries/libGPUSupportMercury.dylib
0x000000000cf4f000 	/System/Library/Frameworks/OpenGL.framework/Versions/A/Libraries//libLLVMContainer.dylib
0x000000000cf4f000 	/System/Library/Frameworks/OpenGL.framework/Versions/A/Resources/GLRendererFloat.bundle/GLRendererFloat
0x000000000cf4f000 	/System/Library/Frameworks/OpenCL.framework/Versions/A/Libraries/libcldcpuengine.dylib
0x000000000cf4f000 	/System/Library/PrivateFrameworks/DiskImages.framework/Versions/A/DiskImages
0x000000000cf4f000 	/System/Library/Frameworks/DiscRecording.framework/Versions/A/DiscRecording
0x000000000cf4f000 	/usr/lib/libcsfde.dylib
0x000000000cf4f000 	/usr/lib/libcurl.4.dylib
0x000000000cf4f000 	/System/Library/PrivateFrameworks/MediaKit.framework/Versions/A/MediaKit
0x000000000cf4f000 	/System/Library/PrivateFrameworks/ProtectedCloudStorage.framework/Versions/A/ProtectedCloudStorage
0x000000000cf4f000 	/usr/lib/libCoreStorage.dylib
0x000000000cf4f000 	/System/Library/PrivateFrameworks/EFILogin.framework/Versions/A/EFILogin
0x000000000cf4f000 	/usr/lib/libutil.dylib
0x000000000cf4f000 	/System/Library/PrivateFrameworks/FindMyDevice.framework/Versions/A/FindMyDevice
0x000000000cf4f000 	/System/Library/Frameworks/LDAP.framework/Versions/A/LDAP
0x000000000cf4f000 	/usr/lib/libsasl2.2.dylib
0x000000000cf4f000 	/System/Library/PrivateFrameworks/CoreDaemon.framework/Versions/B/CoreDaemon
0x000000000cf4f000 	/usr/lib/libcrypto.0.9.8.dylib
0x000000000cf4f000 	/System/Library/PrivateFrameworks/AppleSRP.framework/Versions/A/AppleSRP
0x000000000cf4f000 	/System/Library/PrivateFrameworks/TrustEvaluationAgent.framework/Versions/A/TrustEvaluationAgent
0x000000011da46000 	/Library/Java/JavaVirtualMachines/jdk1.8.0_40.jdk/Contents/Home/jre/lib/libglass.dylib
0x000000000cf4f000 	/System/Library/PrivateFrameworks/CoreServicesInternal.framework/Versions/A/CoreServicesInternal
0x000000000cf4f000 	/System/Library/PrivateFrameworks/CloudDocs.framework/Versions/A/CloudDocs
0x000000000cf4f000 	/System/Library/PrivateFrameworks/CoreDuet.framework/Versions/A/CoreDuet
0x000000000cf4f000 	/System/Library/Frameworks/CloudKit.framework/Versions/A/CloudKit
0x000000000cf4f000 	/System/Library/PrivateFrameworks/ProtocolBuffer.framework/Versions/A/ProtocolBuffer
0x000000000cf4f000 	/System/Library/PrivateFrameworks/CoreDuetDaemonProtocol.framework/Versions/A/CoreDuetDaemonProtocol
0x000000000cf4f000 	/System/Library/PrivateFrameworks/CoreDuetDebugLogging.framework/Versions/A/CoreDuetDebugLogging
0x000000000cf4f000 	/System/Library/Frameworks/CoreLocation.framework/Versions/A/CoreLocation
0x000000000cf4f000 	/System/Library/Frameworks/Accounts.framework/Versions/A/Accounts
0x000000000cf4f000 	/System/Library/PrivateFrameworks/ApplePushService.framework/Versions/A/ApplePushService
0x000000000cf4f000 	/System/Library/PrivateFrameworks/GeoServices.framework/Versions/A/GeoServices
0x000000000cf4f000 	/System/Library/PrivateFrameworks/OAuth.framework/Versions/A/OAuth
0x000000000cf4f000 	/System/Library/Frameworks/CoreGraphics.framework/Versions/A/Resources/libCGCMS.A.dylib
0x000000000cf4f000 	/System/Library/CoreServices/RawCamera.bundle/Contents/MacOS/RawCamera
0x000000000cf4f000 	/System/Library/Frameworks/CoreGraphics.framework/Versions/A/Resources/libRIP.A.dylib
0x000000000cf4f000 	/System/Library/PrivateFrameworks/FamilyControls.framework/Versions/A/FamilyControls
0x000000000cf4f000 	/System/Library/PrivateFrameworks/CommerceKit.framework/Versions/A/Frameworks/CommerceCore.framework/Versions/A/CommerceCore
0x000000000cf4f000 	/System/Library/PrivateFrameworks/SystemAdministration.framework/Versions/A/SystemAdministration
0x000000000cf4f000 	/System/Library/PrivateFrameworks/AppContainer.framework/Versions/A/AppContainer
0x000000000cf4f000 	/System/Library/PrivateFrameworks/SecCodeWrapper.framework/Versions/A/SecCodeWrapper
0x000000000cf4f000 	/System/Library/Frameworks/DirectoryService.framework/Versions/A/DirectoryService
0x000000000cf4f000 	/System/Library/PrivateFrameworks/LoginUIKit.framework/Versions/A/Frameworks/LoginUICore.framework/Versions/A/LoginUICore
0x000000000cf4f000 	/usr/lib/libodfde.dylib
0x00000001213f1000 	/Library/Java/JavaVirtualMachines/jdk1.8.0_40.jdk/Contents/Home/jre/lib/libjavafx_font.dylib
0x000000000cf4f000 	/System/Library/Frameworks/CoreGraphics.framework/Versions/A/Resources/libCGXType.A.dylib
0x0000000123361000 	cl_kernels
0x0000000123363000 	/System/Library/Frameworks/OpenCL.framework/Versions/A/Libraries/ImageFormats/unorm8_bgra.dylib
0x000000012348d000 	cl_kernels
0x0000000123e2a000 	/Library/Java/JavaVirtualMachines/jdk1.8.0_40.jdk/Contents/Home/jre/lib/libprism_common.dylib

VM Arguments:
jvm_args: -Didea.launcher.port=7534 -Didea.launcher.bin.path=/Applications/IntelliJ IDEA 14 CE.app/Contents/bin -Dfile.encoding=UTF-8 
java_command: com.intellij.rt.execution.application.AppMain sample.Main
java_class_path (initial): /Library/Java/JavaVirtualMachines/jdk1.8.0_40.jdk/Contents/Home/lib/ant-javafx.jar:/Library/Java/JavaVirtualMachines/jdk1.8.0_40.jdk/Contents/Home/lib/dt.jar:/Library/Java/JavaVirtualMachines/jdk1.8.0_40.jdk/Contents/Home/lib/javafx-mx.jar:/Library/Java/JavaVirtualMachines/jdk1.8.0_40.jdk/Contents/Home/lib/jconsole.jar:/Library/Java/JavaVirtualMachines/jdk1.8.0_40.jdk/Contents/Home/lib/packager.jar:/Library/Java/JavaVirtualMachines/jdk1.8.0_40.jdk/Contents/Home/lib/sa-jdi.jar:/Library/Java/JavaVirtualMachines/jdk1.8.0_40.jdk/Contents/Home/lib/tools.jar:/Library/Java/JavaVirtualMachines/jdk1.8.0_40.jdk/Contents/Home/jre/lib/charsets.jar:/Library/Java/JavaVirtualMachines/jdk1.8.0_40.jdk/Contents/Home/jre/lib/deploy.jar:/Library/Java/JavaVirtualMachines/jdk1.8.0_40.jdk/Contents/Home/jre/lib/javaws.jar:/Library/Java/JavaVirtualMachines/jdk1.8.0_40.jdk/Contents/Home/jre/lib/jce.jar:/Library/Java/JavaVirtualMachines/jdk1.8.0_40.jdk/Contents/Home/jre/lib/jfr.jar:/Library/Java/JavaVirtualMachines/jdk1.8.0_40.jdk/Contents/Home/jre/lib/jfxswt.jar:/Library/Java/JavaVirtualMachines/jdk1.8.0_40.jdk/Contents/Home/jre/lib/jsse.jar:/Library/Java/JavaVirtualMachines/jdk1.8.0_40.jdk/Contents/Home/jre/lib/management-agent.jar:/Library/Java/JavaVirtualMachines/jdk1.8.0_40.jdk/Contents/Home/jre/lib/plugin.jar:/Library/Java/JavaVirtualMachines/jdk1.8.0_40.jdk/Contents/Home/jre/lib/resources.jar:/Library/Java/JavaVirtualMachines/jdk1.8.0_40.jdk/Contents/Home/jre/lib/rt.jar:/Library/Java/JavaVirtualMachines/jdk1.8.0_40.jdk/Contents/Home/jre/lib/ext/cldrdata.jar:/Library/Java/JavaVirtualMachines/jdk1.8.0_40.jdk/Contents/Home/jre/lib/ext/dnsns.jar:/Library/Java/JavaVirtualMachines/jdk1.8.0_40.jdk/Contents/Home/jre/lib/ext/jfxrt.jar:/Library/Java/JavaVirtualMachines/jdk1.8.0_40.jdk/Contents/Home/jre/lib/ext/localedata.jar:/Library/Java/JavaVirtualMachines/jdk1.8.0_40.jdk/Contents/Home/jre/lib/ext/nashorn.jar:/Library/Java/JavaVirtualMachines/jdk1.8.0_40.jdk/Conten
Launcher Type: SUN_STANDARD

Environment Variables:
PATH=/usr/local/bin:/usr/bin:/bin:/usr/sbin:/sbin
SHELL=/bin/bash

Signal Handlers:
SIGSEGV: [libjvm.dylib+0x58ef95], sa_mask[0]=11111111011111110111111111111111, sa_flags=SA_ONSTACK|SA_RESTART|SA_SIGINFO
SIGBUS: [libjvm.dylib+0x58ef95], sa_mask[0]=11111111011111110111111111111111, sa_flags=SA_RESTART|SA_SIGINFO
SIGFPE: [libjvm.dylib+0x46c118], sa_mask[0]=11111111011111110111111111111111, sa_flags=SA_RESTART|SA_SIGINFO
SIGPIPE: [libjvm.dylib+0x46c118], sa_mask[0]=11111111011111110111111111111111, sa_flags=SA_RESTART|SA_SIGINFO
SIGXFSZ: [libjvm.dylib+0x46c118], sa_mask[0]=11111111011111110111111111111111, sa_flags=SA_RESTART|SA_SIGINFO
SIGILL: [libjvm.dylib+0x46c118], sa_mask[0]=11111111011111110111111111111111, sa_flags=SA_RESTART|SA_SIGINFO
SIGUSR1: SIG_DFL, sa_mask[0]=00000000000000000000000000000000, sa_flags=none
SIGUSR2: [libjvm.dylib+0x46bc36], sa_mask[0]=00100000000000000000000000000000, sa_flags=SA_RESTART|SA_SIGINFO
SIGHUP: [libjvm.dylib+0x46a209], sa_mask[0]=11111111011111110111111111111111, sa_flags=SA_RESTART|SA_SIGINFO
SIGINT: [libjvm.dylib+0x46a209], sa_mask[0]=11111111011111110111111111111111, sa_flags=SA_RESTART|SA_SIGINFO
SIGTERM: [libjvm.dylib+0x46a209], sa_mask[0]=11111111011111110111111111111111, sa_flags=SA_RESTART|SA_SIGINFO
SIGQUIT: [libjvm.dylib+0x46a209], sa_mask[0]=11111111011111110111111111111111, sa_flags=SA_RESTART|SA_SIGINFO


---------------  S Y S T E M  ---------------

OS:Bsduname:Darwin 14.1.1 Darwin Kernel Version 14.1.1: Thu Feb 26 22:41:49 PST 2015; root:xnu-2782.15.5~1/RELEASE_X86_64 x86_64
rlimit: STACK 8192k, CORE 0k, NPROC 709, NOFILE 10240, AS infinity
load average:2.30 2.05 1.98

CPU:total 4 (2 cores per cpu, 2 threads per core) family 6 model 61 stepping 4, cmov, cx8, fxsr, mmx, sse, sse2, sse3, ssse3, sse4.1, sse4.2, popcnt, avx, avx2, aes, clmul, erms, 3dnowpref, lzcnt, ht, tsc, tscinvbit, bmi1, bmi2, adx

Memory: 4k page, physical 8388608k(1585656k free)

/proc/meminfo:


vm_info: Java HotSpot(TM) 64-Bit Server VM (25.40-b25) for bsd-amd64 JRE (1.8.0_40-b27), built on Mar 13 2015 04:46:52 by "java_re" with gcc 4.2.1 (Based on Apple Inc. build 5658) (LLVM build 2336.11.00)

time: Thu Oct  1 17:36:26 2015
elapsed time: 50 seconds (0d 0h 0m 50s)

