#
# A fatal error has been detected by the Java Runtime Environment:
#
#  SIGSEGV (0xb) at pc=0x0000000125e065dd, pid=558, tid=1299
#
# JRE version: Java(TM) SE Runtime Environment (8.0_40-b27) (build 1.8.0_40-b27)
# Java VM: Java HotSpot(TM) 64-Bit Server VM (25.40-b25 mixed mode bsd-amd64 compressed oops)
# Problematic frame:
# C  [libglass.dylib+0x155dd]  GlassScreenDidChangeScreenParameters+0x9d
#
# Failed to write core dump. Core dumps have been disabled. To enable core dumping, try "ulimit -c unlimited" before starting Java again
#
# If you would like to submit a bug report, please visit:
#   http://bugreport.java.com/bugreport/crash.jsp
#

---------------  T H R E A D  ---------------

Current thread is native thread

siginfo: si_signo: 11 (SIGSEGV), si_code: 1 (SEGV_MAPERR), si_addr: 0x0000000000000000

Registers:
RAX=0x0000000125e38bc0, RBX=0x0000000000000000, RCX=0x8700c03728a40bd3, RDX=0x00007fb100f6cf70
RSP=0x00007fff5409a950, RBP=0x00007fff5409a960, RSI=0x00007fb100d0dfe8, RDI=0x0000000000000000
R8 =0x00007fff5409a800, R9 =0x00007fff7b836300, R10=0x0000000000000000, R11=0x0000000000000246
R12=0x00007fb100c21b80, R13=0x00000000000f4269, R14=0x00007fb100f6ce80, R15=0x00007fff5409aaa0
RIP=0x0000000125e065dd, EFLAGS=0x0000000000010202, ERR=0x0000000000000004
  TRAPNO=0x000000000000000e

Top of Stack: (sp=0x00007fff5409a950)
0x00007fff5409a950:   00007fff5409ab30 00007fb100f6ce80
0x00007fff5409a960:   00007fff5409a970 00007fff91c9ecbc
0x00007fff5409a970:   00007fff5409acd0 00007fff91b90384
0x00007fff5409a980:   00007fff5409a9d0 0000000000001400
0x00007fff5409a990:   00007fff7b791cf0 00007fb103415510
0x00007fff5409a9a0:   0000000000001002 0000000000000900
0x00007fff5409a9b0:   00007fb103415510 00007fb100f6ce80
0x00007fff5409a9c0:   0000000000000000 00007fff5409aaa0
0x00007fff5409a9d0:   0000000000000000 00007fb100f6ce40
0x00007fff5409a9e0:   00007fff5409ab20 0000000000000060
0x00007fff5409a9f0:   00000000000f4325 00007fb100ed1fb0
0x00007fff5409aa00:   00007fb100c435c0 00007fb100c21b80
0x00007fff5409aa10:   0000000000000001 00000000000f4269
0x00007fff5409aa20:   00007fb100c21b70 00007fff8e24facb
0x00007fff5409aa30:   0000000000000001 0000000000000001
0x00007fff5409aa40:   0000000000000030 0000000000000001
0x00007fff5409aa50:   00007fff5409aa70 00007fff8e255231
0x00007fff5409aa60:   00007fff7b78fdd0 0000000000000000
0x00007fff5409aa70:   00007fff5409aa90 0000000000000020
0x00007fff5409aa80:   0002230300e60ce0 00007fb100c21ba4
0x00007fff5409aa90:   0000000000000000 00007fff7bb338c8
0x00007fff5409aaa0:   00007fb100f6ce80 00007fff93f00098
0x00007fff5409aab0:   00007fff5409ab50 00007fff9220c513
0x00007fff5409aac0:   00007fff5409ab34 000000000047d701
0x00007fff5409aad0:   000000010bb80a00 0000000000000002
0x00007fff5409aae0:   000000010bb7d000 00007fb10361df92
0x00007fff5409aaf0:   0000000000000003 000000010bb81e00
0x00007fff5409ab00:   00007fff5409abf0 00007fff8e24e2a2
0x00007fff5409ab10:   00007fff7bb338e4 00007fff7bb338e8
0x00007fff5409ab20:   0000000000000017 0000000000000000
0x00007fff5409ab30:   00000000000f4269 00007fff7bb2b0f0
0x00007fff5409ab40:   0000000000000000 00007fff93f00098 

Instructions: (pc=0x0000000125e065dd)
0x0000000125e065bd:   89 df 4c 89 f1 41 ff 90 68 04 00 00 48 8d 05 f8
0x0000000125e065cd:   24 03 00 48 8b 30 48 8d 05 e6 25 03 00 48 8b 10
0x0000000125e065dd:   48 8b 0b 30 c0 48 89 df ff 91 68 04 00 00 48 8b
0x0000000125e065ed:   03 48 89 df ff 50 78 48 85 c0 74 36 49 89 c6 48 

Register to memory mapping:

RAX=0x0000000125e38bc0: jScreenNotifySettingsChanged+0 in /Library/Java/JavaVirtualMachines/jdk1.8.0_40.jdk/Contents/Home/jre/lib/libglass.dylib at 0x0000000125df1000
RBX=0x0000000000000000 is an unknown value
RCX=0x8700c03728a40bd3 is an unknown value
RDX=0x00007fb100f6cf70 is an unknown value
RSP=0x00007fff5409a950 is an unknown value
RBP=0x00007fff5409a960 is an unknown value
RSI=0x00007fb100d0dfe8 is a global jni handle
RDI=0x0000000000000000 is an unknown value
R8 =0x00007fff5409a800 is an unknown value
R9 =0x00007fff7b836300: _thread+0 in /usr/lib/system/libsystem_pthread.dylib at 0x00007fff9220a000
R10=0x0000000000000000 is an unknown value
R11=0x0000000000000246 is an unknown value
R12=0x00007fb100c21b80 is an unknown value
R13=0x00000000000f4269 is an unknown value
R14=0x00007fb100f6ce80 is an unknown value
R15=0x00007fff5409aaa0 is an unknown value


Stack: [0x00007fff5389e000,0x00007fff5409e000],  sp=0x00007fff5409a950,  free space=8178k
Native frames: (J=compiled Java code, j=interpreted, Vv=VM code, C=native code)
C  [libglass.dylib+0x155dd]  GlassScreenDidChangeScreenParameters+0x9d
C  [CoreFoundation+0x11ecbc]  __CFNOTIFICATIONCENTER_IS_CALLING_OUT_TO_AN_OBSERVER__+0xc
C  [CoreFoundation+0x10384]  _CFXNotificationPost+0xc44
C  [Foundation+0x2aa1]  -[NSNotificationCenter postNotificationName:object:userInfo:]+0x42
C  [AppKit+0x36595e]  -[NSApplication _reactToScreenInvalidationImmediately:]+0x17b
C  [AppKit+0x36579d]  __44-[NSApplication _reactToScreenInvalidation:]_block_invoke+0x4b
C  [CoreFoundation+0x806ac]  __CFRUNLOOP_IS_CALLING_OUT_TO_A_BLOCK__+0xc
C  [CoreFoundation+0x727b5]  __CFRunLoopDoBlocks+0x155
C  [CoreFoundation+0x722f6]  __CFRunLoopRun+0x716
C  [CoreFoundation+0x71998]  CFRunLoopRunSpecific+0x128
C  [java+0x6490]  CreateExecutionEnvironment+0x367
C  [java+0x221c]  JLI_Launch+0x7a0
C  [java+0x84ed]  main+0x65
C  [java+0x1a74]  start+0x34


---------------  P R O C E S S  ---------------

VM state:not at safepoint (normal execution)

VM Mutex/Monitor currently owned by a thread: None

Heap:
 PSYoungGen      total 38400K, used 33280K [0x0000000795580000, 0x0000000798000000, 0x00000007c0000000)
  eden space 33280K, 100% used [0x0000000795580000,0x0000000797600000,0x0000000797600000)
  from space 5120K, 0% used [0x0000000797b00000,0x0000000797b00000,0x0000000798000000)
  to   space 5120K, 0% used [0x0000000797600000,0x0000000797600000,0x0000000797b00000)
 ParOldGen       total 87552K, used 0K [0x0000000740000000, 0x0000000745580000, 0x0000000795580000)
  object space 87552K, 0% used [0x0000000740000000,0x0000000740000000,0x0000000745580000)
 Metaspace       used 13756K, capacity 14290K, committed 14592K, reserved 1062912K
  class space    used 1831K, capacity 1954K, committed 2048K, reserved 1048576K

Card table byte_map: [0x000000011ca00000,0x000000011ce01000] byte_map_base: 0x0000000119000000

Marking Bits: (ParMarkBitMap*) 0x000000010c5457a0
 Begin Bits: [0x000000011d4b8000, 0x000000011f4b8000)
 End Bits:   [0x000000011f4b8000, 0x00000001214b8000)

Polling page: 0x000000010cd32000

CodeCache: size=245760Kb used=3823Kb max_used=3823Kb free=241936Kb
 bounds [0x000000010cd45000, 0x000000010d105000, 0x000000011bd45000]
 total_blobs=1773 nmethods=1146 adapters=541
 compilation: enabled

Compilation events (10 events):
Event: 11.814 Thread 0x00007fb102808000 1142       1       java.lang.invoke.InfoFromMemberName::getReferenceKind (5 bytes)
Event: 11.814 Thread 0x00007fb102808000 nmethod 1142 0x000000010d0f8410 code [0x000000010d0f8560, 0x000000010d0f8670]
Event: 11.814 Thread 0x00007fb102808000 1143       1       java.lang.invoke.InnerClassLambdaMetafactory::access$200 (5 bytes)
Event: 11.814 Thread 0x00007fb102808000 nmethod 1143 0x000000010d0f8150 code [0x000000010d0f82a0, 0x000000010d0f8390]
Event: 11.814 Thread 0x00007fb102808000 1144       1       java.lang.invoke.InnerClassLambdaMetafactory::access$500 (5 bytes)
Event: 11.814 Thread 0x00007fb102808000 nmethod 1144 0x000000010d0f7e90 code [0x000000010d0f7fe0, 0x000000010d0f80d0]
Event: 11.814 Thread 0x00007fb102808000 1145       1       java.lang.invoke.InnerClassLambdaMetafactory::access$600 (5 bytes)
Event: 11.814 Thread 0x00007fb102808000 nmethod 1145 0x000000010d0f7bd0 code [0x000000010d0f7d20, 0x000000010d0f7e10]
Event: 11.814 Thread 0x00007fb102808000 1146       1       java.lang.invoke.InnerClassLambdaMetafactory::access$700 (5 bytes)
Event: 11.814 Thread 0x00007fb102808000 nmethod 1146 0x000000010d101c90 code [0x000000010d101de0, 0x000000010d101ed0]

GC Heap History (0 events):
No events

Deoptimization events (10 events):
Event: 1.162 Thread 0x00007fb1021cc800 Uncommon trap: reason=class_check action=maybe_recompile pc=0x000000010cfc8b84 method=java.io.DataInputStream.readShort()S @ 4
Event: 1.162 Thread 0x00007fb1021cc800 Uncommon trap: reason=class_check action=maybe_recompile pc=0x000000010cfc8b84 method=java.io.DataInputStream.readShort()S @ 4
Event: 1.163 Thread 0x00007fb1021cc800 Uncommon trap: reason=class_check action=maybe_recompile pc=0x000000010cfc8b84 method=java.io.DataInputStream.readShort()S @ 4
Event: 1.163 Thread 0x00007fb1021cc800 Uncommon trap: reason=class_check action=maybe_recompile pc=0x000000010cfc8b84 method=java.io.DataInputStream.readShort()S @ 4
Event: 1.172 Thread 0x00007fb1021cc800 Uncommon trap: reason=class_check action=maybe_recompile pc=0x000000010ce7c30c method=java.lang.String.equals(Ljava/lang/Object;)Z @ 8
Event: 1.172 Thread 0x00007fb1021cc800 Uncommon trap: reason=class_check action=maybe_recompile pc=0x000000010ce7c30c method=java.lang.String.equals(Ljava/lang/Object;)Z @ 8
Event: 1.172 Thread 0x00007fb1021cc800 Uncommon trap: reason=class_check action=maybe_recompile pc=0x000000010ce7c30c method=java.lang.String.equals(Ljava/lang/Object;)Z @ 8
Event: 1.175 Thread 0x00007fb1021cc800 Uncommon trap: reason=class_check action=maybe_recompile pc=0x000000010ce7c30c method=java.lang.String.equals(Ljava/lang/Object;)Z @ 8
Event: 1.389 Thread 0x00007fb1021cc800 Uncommon trap: reason=unstable_if action=reinterpret pc=0x000000010cf85660 method=java.lang.CharacterData.of(I)Ljava/lang/CharacterData; @ 4
Event: 1.432 Thread 0x00007fb1021cc800 Uncommon trap: reason=unstable_if action=reinterpret pc=0x000000010d053d30 method=java.util.HashMap.putVal(ILjava/lang/Object;Ljava/lang/Object;ZZ)Ljava/lang/Object; @ 193

Internal exceptions (10 events):
Event: 0.258 Thread 0x00007fb101864800 Exception <a 'java/security/PrivilegedActionException'> (0x0000000795ace9c0) thrown at [/Users/java_re/workspace/8-2-build-macosx-x86_64/jdk8u40/3153/hotspot/src/share/vm/prims/jvm.cpp, line 1382]
Event: 0.258 Thread 0x00007fb101864800 Exception <a 'java/security/PrivilegedActionException'> (0x0000000795aceb78) thrown at [/Users/java_re/workspace/8-2-build-macosx-x86_64/jdk8u40/3153/hotspot/src/share/vm/prims/jvm.cpp, line 1382]
Event: 0.258 Thread 0x00007fb101864800 Exception <a 'java/security/PrivilegedActionException'> (0x0000000795ad1d68) thrown at [/Users/java_re/workspace/8-2-build-macosx-x86_64/jdk8u40/3153/hotspot/src/share/vm/prims/jvm.cpp, line 1382]
Event: 0.258 Thread 0x00007fb101864800 Exception <a 'java/security/PrivilegedActionException'> (0x0000000795ad1f20) thrown at [/Users/java_re/workspace/8-2-build-macosx-x86_64/jdk8u40/3153/hotspot/src/share/vm/prims/jvm.cpp, line 1382]
Event: 0.259 Thread 0x00007fb101864800 Exception <a 'java/lang/NullPointerException'> (0x0000000795ad3840) thrown at [/Users/java_re/workspace/8-2-build-macosx-x86_64/jdk8u40/3153/hotspot/src/share/vm/interpreter/linkResolver.cpp, line 1178]
Event: 0.733 Thread 0x00007fb1021cc800 Exception <a 'java/lang/NullPointerException'> (0x000000079644ec58) thrown at [/Users/java_re/workspace/8-2-build-macosx-x86_64/jdk8u40/3153/hotspot/src/share/vm/interpreter/linkResolver.cpp, line 1178]
Event: 0.733 Thread 0x00007fb1021cc800 Exception <a 'java/lang/NullPointerException'> (0x000000079644ec58) thrown at [/Users/java_re/workspace/8-2-build-macosx-x86_64/jdk8u40/3153/hotspot/src/share/vm/prims/jvm.cpp, line 1386]
Event: 0.830 Thread 0x00007fb1021cc800 Exception <a 'java/lang/ArrayIndexOutOfBoundsException'> (0x000000079666eda0) thrown at [/Users/java_re/workspace/8-2-build-macosx-x86_64/jdk8u40/3153/hotspot/src/share/vm/runtime/sharedRuntime.cpp, line 605]
Event: 0.830 Thread 0x00007fb1021cc800 Exception <a 'java/lang/ArrayIndexOutOfBoundsException'> (0x000000079666f9f0) thrown at [/Users/java_re/workspace/8-2-build-macosx-x86_64/jdk8u40/3153/hotspot/src/share/vm/runtime/sharedRuntime.cpp, line 605]
Event: 0.831 Thread 0x00007fb1021cc800 Exception <a 'java/lang/ArrayIndexOutOfBoundsException'> (0x0000000796670ce8) thrown at [/Users/java_re/workspace/8-2-build-macosx-x86_64/jdk8u40/3153/hotspot/src/share/vm/runtime/sharedRuntime.cpp, line 605]

Events (10 events):
Event: 11.810 loading class javafx/application/Application done
Event: 11.814 loading class com/sun/javafx/tk/quantum/QuantumRenderer
Event: 11.814 loading class com/sun/javafx/tk/quantum/QuantumRenderer done
Event: 11.815 loading class com/sun/javafx/tk/quantum/QuantumToolkit
Event: 11.815 loading class com/sun/javafx/tk/quantum/QuantumToolkit done
Event: 11.815 Thread 0x00007fb10285d800 Thread exited: 0x00007fb10285d800
Event: 11.815 Thread 0x00007fb101864800 Thread exited: 0x00007fb101864800
Event: 11.815 Thread 0x00007fb10180a000 Thread exited: 0x00007fb10180a000
Event: 11.815 Thread 0x00007fb10180a000 Thread added: 0x00007fb10180a000
Event: 11.815 Thread 0x00007fb1021cc800 Thread exited: 0x00007fb1021cc800


Dynamic libraries:
0x000000000a803000 	/System/Library/Frameworks/Cocoa.framework/Versions/A/Cocoa
0x000000000a803000 	/System/Library/Frameworks/Security.framework/Versions/A/Security
0x000000000a803000 	/System/Library/Frameworks/ApplicationServices.framework/Versions/A/ApplicationServices
0x000000000a803000 	/usr/lib/libz.1.dylib
0x000000000a803000 	/usr/lib/libSystem.B.dylib
0x000000000a803000 	/usr/lib/libobjc.A.dylib
0x000000000a803000 	/System/Library/Frameworks/CoreFoundation.framework/Versions/A/CoreFoundation
0x000000000a803000 	/System/Library/Frameworks/Foundation.framework/Versions/C/Foundation
0x000000000a803000 	/System/Library/Frameworks/AppKit.framework/Versions/C/AppKit
0x000000000a803000 	/System/Library/Frameworks/CoreData.framework/Versions/A/CoreData
0x000000000a803000 	/System/Library/PrivateFrameworks/RemoteViewServices.framework/Versions/A/RemoteViewServices
0x000000000a803000 	/System/Library/PrivateFrameworks/UIFoundation.framework/Versions/A/UIFoundation
0x000000000a803000 	/System/Library/Frameworks/IOSurface.framework/Versions/A/IOSurface
0x000000000a803000 	/System/Library/Frameworks/AudioToolbox.framework/Versions/A/AudioToolbox
0x000000000a803000 	/System/Library/Frameworks/AudioUnit.framework/Versions/A/AudioUnit
0x000000000a803000 	/System/Library/PrivateFrameworks/DataDetectorsCore.framework/Versions/A/DataDetectorsCore
0x000000000a803000 	/System/Library/PrivateFrameworks/DesktopServicesPriv.framework/Versions/A/DesktopServicesPriv
0x000000000a803000 	/System/Library/Frameworks/Carbon.framework/Versions/A/Frameworks/HIToolbox.framework/Versions/A/HIToolbox
0x000000000a803000 	/System/Library/Frameworks/QuartzCore.framework/Versions/A/QuartzCore
0x000000000a803000 	/System/Library/Frameworks/Carbon.framework/Versions/A/Frameworks/SpeechRecognition.framework/Versions/A/SpeechRecognition
0x000000000a803000 	/usr/lib/libauto.dylib
0x000000000a803000 	/usr/lib/libicucore.A.dylib
0x000000000a803000 	/usr/lib/libxml2.2.dylib
0x000000000a803000 	/System/Library/PrivateFrameworks/CoreUI.framework/Versions/A/CoreUI
0x000000000a803000 	/System/Library/Frameworks/CoreAudio.framework/Versions/A/CoreAudio
0x000000000a803000 	/System/Library/Frameworks/DiskArbitration.framework/Versions/A/DiskArbitration
0x000000000a803000 	/usr/lib/liblangid.dylib
0x000000000a803000 	/System/Library/PrivateFrameworks/MultitouchSupport.framework/Versions/A/MultitouchSupport
0x000000000a803000 	/System/Library/Frameworks/IOKit.framework/Versions/A/IOKit
0x000000000a803000 	/usr/lib/libDiagnosticMessagesClient.dylib
0x000000000a803000 	/System/Library/Frameworks/CoreServices.framework/Versions/A/CoreServices
0x000000000a803000 	/System/Library/PrivateFrameworks/PerformanceAnalysis.framework/Versions/A/PerformanceAnalysis
0x000000000a803000 	/System/Library/PrivateFrameworks/GenerationalStorage.framework/Versions/A/GenerationalStorage
0x000000000a803000 	/System/Library/Frameworks/OpenGL.framework/Versions/A/OpenGL
0x000000000a803000 	/System/Library/PrivateFrameworks/Sharing.framework/Versions/A/Sharing
0x000000000a803000 	/System/Library/Frameworks/CoreGraphics.framework/Versions/A/CoreGraphics
0x000000000a803000 	/System/Library/Frameworks/CoreText.framework/Versions/A/CoreText
0x000000000a803000 	/System/Library/Frameworks/ImageIO.framework/Versions/A/ImageIO
0x000000000a803000 	/usr/lib/libextension.dylib
0x000000000a803000 	/System/Library/PrivateFrameworks/Backup.framework/Versions/A/Backup
0x000000000a803000 	/usr/lib/libarchive.2.dylib
0x000000000a803000 	/System/Library/Frameworks/CFNetwork.framework/Versions/A/CFNetwork
0x000000000a803000 	/System/Library/Frameworks/SystemConfiguration.framework/Versions/A/SystemConfiguration
0x000000000a803000 	/usr/lib/libCRFSuite.dylib
0x000000000a803000 	/usr/lib/libc++.1.dylib
0x000000000a803000 	/usr/lib/libc++abi.dylib
0x000000000a803000 	/usr/lib/system/libcache.dylib
0x000000000a803000 	/usr/lib/system/libcommonCrypto.dylib
0x000000000a803000 	/usr/lib/system/libcompiler_rt.dylib
0x000000000a803000 	/usr/lib/system/libcopyfile.dylib
0x000000000a803000 	/usr/lib/system/libcorecrypto.dylib
0x000000000a803000 	/usr/lib/system/libdispatch.dylib
0x000000000a803000 	/usr/lib/system/libdyld.dylib
0x000000000a803000 	/usr/lib/system/libkeymgr.dylib
0x000000000a803000 	/usr/lib/system/liblaunch.dylib
0x000000000a803000 	/usr/lib/system/libmacho.dylib
0x000000000a803000 	/usr/lib/system/libquarantine.dylib
0x000000000a803000 	/usr/lib/system/libremovefile.dylib
0x000000000a803000 	/usr/lib/system/libsystem_asl.dylib
0x000000000a803000 	/usr/lib/system/libsystem_blocks.dylib
0x000000000a803000 	/usr/lib/system/libsystem_c.dylib
0x000000000a803000 	/usr/lib/system/libsystem_configuration.dylib
0x000000000a803000 	/usr/lib/system/libsystem_coreservices.dylib
0x000000000a803000 	/usr/lib/system/libsystem_coretls.dylib
0x000000000a803000 	/usr/lib/system/libsystem_dnssd.dylib
0x000000000a803000 	/usr/lib/system/libsystem_info.dylib
0x000000000a803000 	/usr/lib/system/libsystem_kernel.dylib
0x000000000a803000 	/usr/lib/system/libsystem_m.dylib
0x000000000a803000 	/usr/lib/system/libsystem_malloc.dylib
0x000000000a803000 	/usr/lib/system/libsystem_network.dylib
0x000000000a803000 	/usr/lib/system/libsystem_networkextension.dylib
0x000000000a803000 	/usr/lib/system/libsystem_notify.dylib
0x000000000a803000 	/usr/lib/system/libsystem_platform.dylib
0x000000000a803000 	/usr/lib/system/libsystem_pthread.dylib
0x000000000a803000 	/usr/lib/system/libsystem_sandbox.dylib
0x000000000a803000 	/usr/lib/system/libsystem_secinit.dylib
0x000000000a803000 	/usr/lib/system/libsystem_stats.dylib
0x000000000a803000 	/usr/lib/system/libsystem_trace.dylib
0x000000000a803000 	/usr/lib/system/libunc.dylib
0x000000000a803000 	/usr/lib/system/libunwind.dylib
0x000000000a803000 	/usr/lib/system/libxpc.dylib
0x000000000a803000 	/usr/lib/libbz2.1.0.dylib
0x000000000a803000 	/usr/lib/liblzma.5.dylib
0x000000000a803000 	/usr/lib/libbsm.0.dylib
0x000000000a803000 	/usr/lib/libsqlite3.dylib
0x000000000a803000 	/usr/lib/system/libkxld.dylib
0x000000000a803000 	/usr/lib/libxar.1.dylib
0x000000000a803000 	/usr/lib/libpam.2.dylib
0x000000000a803000 	/usr/lib/libOpenScriptingUtil.dylib
0x000000000a803000 	/System/Library/Frameworks/CoreServices.framework/Versions/A/Frameworks/FSEvents.framework/Versions/A/FSEvents
0x000000000a803000 	/System/Library/Frameworks/CoreServices.framework/Versions/A/Frameworks/CarbonCore.framework/Versions/A/CarbonCore
0x000000000a803000 	/System/Library/Frameworks/CoreServices.framework/Versions/A/Frameworks/Metadata.framework/Versions/A/Metadata
0x000000000a803000 	/System/Library/Frameworks/CoreServices.framework/Versions/A/Frameworks/OSServices.framework/Versions/A/OSServices
0x000000000a803000 	/System/Library/Frameworks/CoreServices.framework/Versions/A/Frameworks/SearchKit.framework/Versions/A/SearchKit
0x000000000a803000 	/System/Library/Frameworks/CoreServices.framework/Versions/A/Frameworks/AE.framework/Versions/A/AE
0x000000000a803000 	/System/Library/Frameworks/CoreServices.framework/Versions/A/Frameworks/LaunchServices.framework/Versions/A/LaunchServices
0x000000000a803000 	/System/Library/Frameworks/CoreServices.framework/Versions/A/Frameworks/DictionaryServices.framework/Versions/A/DictionaryServices
0x000000000a803000 	/System/Library/Frameworks/NetFS.framework/Versions/A/NetFS
0x000000000a803000 	/System/Library/PrivateFrameworks/NetAuth.framework/Versions/A/NetAuth
0x000000000a803000 	/System/Library/PrivateFrameworks/login.framework/Versions/A/Frameworks/loginsupport.framework/Versions/A/loginsupport
0x000000000a803000 	/System/Library/PrivateFrameworks/TCC.framework/Versions/A/TCC
0x000000000a803000 	/usr/lib/libmecabra.dylib
0x000000000a803000 	/System/Library/Frameworks/ApplicationServices.framework/Versions/A/Frameworks/ATS.framework/Versions/A/ATS
0x000000000a803000 	/System/Library/Frameworks/ApplicationServices.framework/Versions/A/Frameworks/ColorSync.framework/Versions/A/ColorSync
0x000000000a803000 	/System/Library/Frameworks/ApplicationServices.framework/Versions/A/Frameworks/HIServices.framework/Versions/A/HIServices
0x000000000a803000 	/System/Library/Frameworks/ApplicationServices.framework/Versions/A/Frameworks/LangAnalysis.framework/Versions/A/LangAnalysis
0x000000000a803000 	/System/Library/Frameworks/ApplicationServices.framework/Versions/A/Frameworks/PrintCore.framework/Versions/A/PrintCore
0x000000000a803000 	/System/Library/Frameworks/ApplicationServices.framework/Versions/A/Frameworks/QD.framework/Versions/A/QD
0x000000000a803000 	/System/Library/Frameworks/ApplicationServices.framework/Versions/A/Frameworks/SpeechSynthesis.framework/Versions/A/SpeechSynthesis
0x000000000a803000 	/System/Library/Frameworks/Accelerate.framework/Versions/A/Accelerate
0x000000000a803000 	/System/Library/Frameworks/Accelerate.framework/Versions/A/Frameworks/vImage.framework/Versions/A/vImage
0x000000000a803000 	/System/Library/Frameworks/Accelerate.framework/Versions/A/Frameworks/vecLib.framework/Versions/A/vecLib
0x000000000a803000 	/System/Library/Frameworks/Accelerate.framework/Versions/A/Frameworks/vecLib.framework/Versions/A/libvDSP.dylib
0x000000000a803000 	/System/Library/Frameworks/Accelerate.framework/Versions/A/Frameworks/vecLib.framework/Versions/A/libvMisc.dylib
0x000000000a803000 	/System/Library/Frameworks/Accelerate.framework/Versions/A/Frameworks/vecLib.framework/Versions/A/libLAPACK.dylib
0x000000000a803000 	/System/Library/Frameworks/Accelerate.framework/Versions/A/Frameworks/vecLib.framework/Versions/A/libBLAS.dylib
0x000000000a803000 	/System/Library/Frameworks/Accelerate.framework/Versions/A/Frameworks/vecLib.framework/Versions/A/libLinearAlgebra.dylib
0x000000000a803000 	/System/Library/Frameworks/ApplicationServices.framework/Versions/A/Frameworks/ATS.framework/Versions/A/Resources/libFontParser.dylib
0x000000000a803000 	/System/Library/Frameworks/ApplicationServices.framework/Versions/A/Frameworks/ATS.framework/Versions/A/Resources/libFontRegistry.dylib
0x000000000a803000 	/System/Library/PrivateFrameworks/AppleVPA.framework/Versions/A/AppleVPA
0x000000000a803000 	/System/Library/PrivateFrameworks/AppleJPEG.framework/Versions/A/AppleJPEG
0x000000000a803000 	/System/Library/Frameworks/ImageIO.framework/Versions/A/Resources/libJPEG.dylib
0x000000000a803000 	/System/Library/Frameworks/ImageIO.framework/Versions/A/Resources/libTIFF.dylib
0x000000000a803000 	/System/Library/Frameworks/ImageIO.framework/Versions/A/Resources/libPng.dylib
0x000000000a803000 	/System/Library/Frameworks/ImageIO.framework/Versions/A/Resources/libGIF.dylib
0x000000000a803000 	/System/Library/Frameworks/ImageIO.framework/Versions/A/Resources/libJP2.dylib
0x000000000a803000 	/System/Library/Frameworks/ImageIO.framework/Versions/A/Resources/libRadiance.dylib
0x000000000a803000 	/System/Library/Frameworks/CoreVideo.framework/Versions/A/CoreVideo
0x000000000a803000 	/System/Library/Frameworks/OpenGL.framework/Versions/A/Libraries/libGLU.dylib
0x000000000a803000 	/System/Library/Frameworks/OpenGL.framework/Versions/A/Libraries/libGFXShared.dylib
0x000000000a803000 	/System/Library/Frameworks/OpenGL.framework/Versions/A/Libraries/libGL.dylib
0x000000000a803000 	/System/Library/Frameworks/OpenGL.framework/Versions/A/Libraries/libGLImage.dylib
0x000000000a803000 	/System/Library/Frameworks/OpenGL.framework/Versions/A/Libraries/libCVMSPluginSupport.dylib
0x000000000a803000 	/System/Library/Frameworks/OpenGL.framework/Versions/A/Libraries/libCoreVMClient.dylib
0x000000000a803000 	/usr/lib/libcups.2.dylib
0x000000000a803000 	/System/Library/Frameworks/Kerberos.framework/Versions/A/Kerberos
0x000000000a803000 	/System/Library/Frameworks/GSS.framework/Versions/A/GSS
0x000000000a803000 	/usr/lib/libresolv.9.dylib
0x000000000a803000 	/usr/lib/libiconv.2.dylib
0x000000000a803000 	/System/Library/PrivateFrameworks/Heimdal.framework/Versions/A/Heimdal
0x000000000a803000 	/usr/lib/libheimdal-asn1.dylib
0x000000000a803000 	/System/Library/Frameworks/OpenDirectory.framework/Versions/A/OpenDirectory
0x000000000a803000 	/System/Library/PrivateFrameworks/CommonAuth.framework/Versions/A/CommonAuth
0x000000000a803000 	/System/Library/Frameworks/OpenDirectory.framework/Versions/A/Frameworks/CFOpenDirectory.framework/Versions/A/CFOpenDirectory
0x000000000a803000 	/System/Library/Frameworks/SecurityFoundation.framework/Versions/A/SecurityFoundation
0x000000000a803000 	/System/Library/PrivateFrameworks/LanguageModeling.framework/Versions/A/LanguageModeling
0x000000000a803000 	/usr/lib/libcmph.dylib
0x000000000a803000 	/System/Library/Frameworks/ServiceManagement.framework/Versions/A/ServiceManagement
0x000000000a803000 	/usr/lib/libxslt.1.dylib
0x000000000a803000 	/System/Library/Frameworks/Carbon.framework/Versions/A/Frameworks/Ink.framework/Versions/A/Ink
0x000000000a803000 	/System/Library/Frameworks/QuartzCore.framework/Versions/A/Frameworks/CoreImage.framework/Versions/A/CoreImage
0x000000000a803000 	/System/Library/PrivateFrameworks/CrashReporterSupport.framework/Versions/A/CrashReporterSupport
0x000000000a803000 	/System/Library/Frameworks/OpenCL.framework/Versions/A/OpenCL
0x000000000a803000 	/System/Library/PrivateFrameworks/FaceCore.framework/Versions/A/FaceCore
0x000000000a803000 	/System/Library/PrivateFrameworks/Ubiquity.framework/Versions/A/Ubiquity
0x000000000a803000 	/System/Library/PrivateFrameworks/IconServices.framework/Versions/A/IconServices
0x000000000a803000 	/System/Library/PrivateFrameworks/ChunkingLibrary.framework/Versions/A/ChunkingLibrary
0x000000000a803000 	/System/Library/PrivateFrameworks/Apple80211.framework/Versions/A/Apple80211
0x000000000a803000 	/System/Library/Frameworks/CoreWLAN.framework/Versions/A/CoreWLAN
0x000000000a803000 	/System/Library/Frameworks/IOBluetooth.framework/Versions/A/IOBluetooth
0x000000000a803000 	/System/Library/PrivateFrameworks/CoreWiFi.framework/Versions/A/CoreWiFi
0x000000000a803000 	/System/Library/Frameworks/CoreBluetooth.framework/Versions/A/CoreBluetooth
0x000000000a803000 	/System/Library/PrivateFrameworks/DebugSymbols.framework/Versions/A/DebugSymbols
0x000000000a803000 	/System/Library/PrivateFrameworks/CoreSymbolication.framework/Versions/A/CoreSymbolication
0x000000000a803000 	/System/Library/PrivateFrameworks/Symbolication.framework/Versions/A/Symbolication
0x000000000a803000 	/System/Library/PrivateFrameworks/SpeechRecognitionCore.framework/Versions/A/SpeechRecognitionCore
0x00000000512ae000 	/System/Library/CoreServices/Encodings/libJapaneseConverter.dylib
0x000000010bc83000 	/Library/Java/JavaVirtualMachines/jdk1.8.0_40.jdk/Contents/Home/jre/lib/server/libjvm.dylib
0x000000000a803000 	/usr/lib/libstdc++.6.dylib
0x000000010ccef000 	/Library/Java/JavaVirtualMachines/jdk1.8.0_40.jdk/Contents/Home/jre/lib/libverify.dylib
0x000000010ccfd000 	/Library/Java/JavaVirtualMachines/jdk1.8.0_40.jdk/Contents/Home/jre/lib/libjava.dylib
0x000000010cd3c000 	/Library/Java/JavaVirtualMachines/jdk1.8.0_40.jdk/Contents/Home/jre/lib/libzip.dylib
0x000000011c1e8000 	/System/Library/Frameworks/JavaVM.framework/Frameworks/JavaRuntimeSupport.framework/JavaRuntimeSupport
0x00000001235ec000 	/System/Library/Frameworks/JavaVM.framework/Versions/A/Frameworks/JavaNativeFoundation.framework/Versions/A/JavaNativeFoundation
0x0000000123601000 	/System/Library/Frameworks/JavaVM.framework/Versions/A/JavaVM
0x000000000a803000 	/System/Library/Frameworks/Carbon.framework/Versions/A/Carbon
0x000000012360e000 	/System/Library/PrivateFrameworks/JavaLaunching.framework/Versions/A/JavaLaunching
0x000000000a803000 	/System/Library/Frameworks/Carbon.framework/Versions/A/Frameworks/CommonPanels.framework/Versions/A/CommonPanels
0x000000000a803000 	/System/Library/Frameworks/Carbon.framework/Versions/A/Frameworks/Help.framework/Versions/A/Help
0x000000000a803000 	/System/Library/Frameworks/Carbon.framework/Versions/A/Frameworks/ImageCapture.framework/Versions/A/ImageCapture
0x000000000a803000 	/System/Library/Frameworks/Carbon.framework/Versions/A/Frameworks/OpenScripting.framework/Versions/A/OpenScripting
0x000000000a803000 	/System/Library/Frameworks/Carbon.framework/Versions/A/Frameworks/Print.framework/Versions/A/Print
0x000000000a803000 	/System/Library/Frameworks/Carbon.framework/Versions/A/Frameworks/SecurityHI.framework/Versions/A/SecurityHI
0x0000000125585000 	/Applications/IntelliJ IDEA 14 CE.app/Contents/bin/libbreakgen64.jnilib
0x0000000125721000 	/Library/Java/JavaVirtualMachines/jdk1.8.0_40.jdk/Contents/Home/jre/lib/libnet.dylib
0x0000000125986000 	/Library/Java/JavaVirtualMachines/jdk1.8.0_40.jdk/Contents/Home/jre/lib/libprism_es2.dylib
0x000000000a803000 	/System/Library/Frameworks/OpenGL.framework/Versions/A/Resources/GLEngine.bundle/GLEngine
0x000000000a803000 	/System/Library/Frameworks/OpenGL.framework/Versions/A/Libraries/libGLProgrammability.dylib
0x0000000000000000 	/System/Library/Extensions/AppleIntelBDWGraphicsGLDriver.bundle/Contents/MacOS/AppleIntelBDWGraphicsGLDriver
0x000000000a803000 	/System/Library/PrivateFrameworks/IOAccelerator.framework/Versions/A/IOAccelerator
0x000000000a803000 	/System/Library/PrivateFrameworks/GPUSupport.framework/Versions/A/Libraries/libGPUSupportMercury.dylib
0x000000000a803000 	/System/Library/Frameworks/OpenGL.framework/Versions/A/Libraries//libLLVMContainer.dylib
0x000000000a803000 	/System/Library/Frameworks/OpenGL.framework/Versions/A/Resources/GLRendererFloat.bundle/GLRendererFloat
0x000000000a803000 	/System/Library/Frameworks/OpenCL.framework/Versions/A/Libraries/libcldcpuengine.dylib
0x000000000a803000 	/System/Library/PrivateFrameworks/DiskImages.framework/Versions/A/DiskImages
0x000000000a803000 	/System/Library/Frameworks/DiscRecording.framework/Versions/A/DiscRecording
0x000000000a803000 	/usr/lib/libcsfde.dylib
0x000000000a803000 	/usr/lib/libcurl.4.dylib
0x000000000a803000 	/System/Library/PrivateFrameworks/MediaKit.framework/Versions/A/MediaKit
0x000000000a803000 	/System/Library/PrivateFrameworks/ProtectedCloudStorage.framework/Versions/A/ProtectedCloudStorage
0x000000000a803000 	/usr/lib/libCoreStorage.dylib
0x000000000a803000 	/System/Library/PrivateFrameworks/EFILogin.framework/Versions/A/EFILogin
0x000000000a803000 	/usr/lib/libutil.dylib
0x000000000a803000 	/System/Library/PrivateFrameworks/FindMyDevice.framework/Versions/A/FindMyDevice
0x000000000a803000 	/System/Library/Frameworks/LDAP.framework/Versions/A/LDAP
0x000000000a803000 	/usr/lib/libsasl2.2.dylib
0x000000000a803000 	/System/Library/PrivateFrameworks/CoreDaemon.framework/Versions/B/CoreDaemon
0x000000000a803000 	/usr/lib/libcrypto.0.9.8.dylib
0x000000000a803000 	/System/Library/PrivateFrameworks/AppleSRP.framework/Versions/A/AppleSRP
0x000000000a803000 	/System/Library/PrivateFrameworks/TrustEvaluationAgent.framework/Versions/A/TrustEvaluationAgent
0x0000000125df1000 	/Library/Java/JavaVirtualMachines/jdk1.8.0_40.jdk/Contents/Home/jre/lib/libglass.dylib
0x000000000a803000 	/System/Library/PrivateFrameworks/CoreServicesInternal.framework/Versions/A/CoreServicesInternal
0x000000000a803000 	/System/Library/PrivateFrameworks/CloudDocs.framework/Versions/A/CloudDocs
0x000000000a803000 	/System/Library/PrivateFrameworks/CoreDuet.framework/Versions/A/CoreDuet
0x000000000a803000 	/System/Library/Frameworks/CloudKit.framework/Versions/A/CloudKit
0x000000000a803000 	/System/Library/PrivateFrameworks/ProtocolBuffer.framework/Versions/A/ProtocolBuffer
0x000000000a803000 	/System/Library/PrivateFrameworks/CoreDuetDaemonProtocol.framework/Versions/A/CoreDuetDaemonProtocol
0x000000000a803000 	/System/Library/PrivateFrameworks/CoreDuetDebugLogging.framework/Versions/A/CoreDuetDebugLogging
0x000000000a803000 	/System/Library/Frameworks/CoreLocation.framework/Versions/A/CoreLocation
0x000000000a803000 	/System/Library/Frameworks/Accounts.framework/Versions/A/Accounts
0x000000000a803000 	/System/Library/PrivateFrameworks/ApplePushService.framework/Versions/A/ApplePushService
0x000000000a803000 	/System/Library/PrivateFrameworks/GeoServices.framework/Versions/A/GeoServices
0x000000000a803000 	/System/Library/PrivateFrameworks/OAuth.framework/Versions/A/OAuth
0x000000000a803000 	/System/Library/Frameworks/CoreGraphics.framework/Versions/A/Resources/libCGCMS.A.dylib
0x000000000a803000 	/System/Library/CoreServices/RawCamera.bundle/Contents/MacOS/RawCamera
0x000000000a803000 	/System/Library/Frameworks/CoreGraphics.framework/Versions/A/Resources/libRIP.A.dylib
0x000000000a803000 	/System/Library/PrivateFrameworks/FamilyControls.framework/Versions/A/FamilyControls
0x000000000a803000 	/System/Library/PrivateFrameworks/CommerceKit.framework/Versions/A/Frameworks/CommerceCore.framework/Versions/A/CommerceCore
0x000000000a803000 	/System/Library/PrivateFrameworks/SystemAdministration.framework/Versions/A/SystemAdministration
0x000000000a803000 	/System/Library/PrivateFrameworks/AppContainer.framework/Versions/A/AppContainer
0x000000000a803000 	/System/Library/PrivateFrameworks/SecCodeWrapper.framework/Versions/A/SecCodeWrapper
0x000000000a803000 	/System/Library/Frameworks/DirectoryService.framework/Versions/A/DirectoryService
0x000000000a803000 	/System/Library/PrivateFrameworks/LoginUIKit.framework/Versions/A/Frameworks/LoginUICore.framework/Versions/A/LoginUICore
0x000000000a803000 	/usr/lib/libodfde.dylib
0x000000012979c000 	/Library/Java/JavaVirtualMachines/jdk1.8.0_40.jdk/Contents/Home/jre/lib/libjavafx_font.dylib
0x000000000a803000 	/System/Library/Frameworks/CoreGraphics.framework/Versions/A/Resources/libCGXType.A.dylib
0x000000012b70c000 	cl_kernels
0x000000012b70e000 	/System/Library/Frameworks/OpenCL.framework/Versions/A/Libraries/ImageFormats/unorm8_bgra.dylib
0x000000012b929000 	cl_kernels
0x000000012c1bf000 	/Library/Java/JavaVirtualMachines/jdk1.8.0_40.jdk/Contents/Home/jre/lib/libprism_common.dylib

VM Arguments:
jvm_args: -Didea.launcher.port=7537 -Didea.launcher.bin.path=/Applications/IntelliJ IDEA 14 CE.app/Contents/bin -Dfile.encoding=UTF-8 
java_command: com.intellij.rt.execution.application.AppMain sample.Main
java_class_path (initial): /Library/Java/JavaVirtualMachines/jdk1.8.0_40.jdk/Contents/Home/lib/ant-javafx.jar:/Library/Java/JavaVirtualMachines/jdk1.8.0_40.jdk/Contents/Home/lib/dt.jar:/Library/Java/JavaVirtualMachines/jdk1.8.0_40.jdk/Contents/Home/lib/javafx-mx.jar:/Library/Java/JavaVirtualMachines/jdk1.8.0_40.jdk/Contents/Home/lib/jconsole.jar:/Library/Java/JavaVirtualMachines/jdk1.8.0_40.jdk/Contents/Home/lib/packager.jar:/Library/Java/JavaVirtualMachines/jdk1.8.0_40.jdk/Contents/Home/lib/sa-jdi.jar:/Library/Java/JavaVirtualMachines/jdk1.8.0_40.jdk/Contents/Home/lib/tools.jar:/Library/Java/JavaVirtualMachines/jdk1.8.0_40.jdk/Contents/Home/jre/lib/charsets.jar:/Library/Java/JavaVirtualMachines/jdk1.8.0_40.jdk/Contents/Home/jre/lib/deploy.jar:/Library/Java/JavaVirtualMachines/jdk1.8.0_40.jdk/Contents/Home/jre/lib/javaws.jar:/Library/Java/JavaVirtualMachines/jdk1.8.0_40.jdk/Contents/Home/jre/lib/jce.jar:/Library/Java/JavaVirtualMachines/jdk1.8.0_40.jdk/Contents/Home/jre/lib/jfr.jar:/Library/Java/JavaVirtualMachines/jdk1.8.0_40.jdk/Contents/Home/jre/lib/jfxswt.jar:/Library/Java/JavaVirtualMachines/jdk1.8.0_40.jdk/Contents/Home/jre/lib/jsse.jar:/Library/Java/JavaVirtualMachines/jdk1.8.0_40.jdk/Contents/Home/jre/lib/management-agent.jar:/Library/Java/JavaVirtualMachines/jdk1.8.0_40.jdk/Contents/Home/jre/lib/plugin.jar:/Library/Java/JavaVirtualMachines/jdk1.8.0_40.jdk/Contents/Home/jre/lib/resources.jar:/Library/Java/JavaVirtualMachines/jdk1.8.0_40.jdk/Contents/Home/jre/lib/rt.jar:/Library/Java/JavaVirtualMachines/jdk1.8.0_40.jdk/Contents/Home/jre/lib/ext/cldrdata.jar:/Library/Java/JavaVirtualMachines/jdk1.8.0_40.jdk/Contents/Home/jre/lib/ext/dnsns.jar:/Library/Java/JavaVirtualMachines/jdk1.8.0_40.jdk/Contents/Home/jre/lib/ext/jfxrt.jar:/Library/Java/JavaVirtualMachines/jdk1.8.0_40.jdk/Contents/Home/jre/lib/ext/localedata.jar:/Library/Java/JavaVirtualMachines/jdk1.8.0_40.jdk/Contents/Home/jre/lib/ext/nashorn.jar:/Library/Java/JavaVirtualMachines/jdk1.8.0_40.jdk/Conten
Launcher Type: SUN_STANDARD

Environment Variables:
PATH=/usr/local/bin:/usr/bin:/bin:/usr/sbin:/sbin
SHELL=/bin/bash

Signal Handlers:
SIGSEGV: [libjvm.dylib+0x58ef95], sa_mask[0]=11111111011111110111111111111111, sa_flags=SA_ONSTACK|SA_RESTART|SA_SIGINFO
SIGBUS: [libjvm.dylib+0x58ef95], sa_mask[0]=11111111011111110111111111111111, sa_flags=SA_RESTART|SA_SIGINFO
SIGFPE: [libjvm.dylib+0x46c118], sa_mask[0]=11111111011111110111111111111111, sa_flags=SA_RESTART|SA_SIGINFO
SIGPIPE: [libjvm.dylib+0x46c118], sa_mask[0]=11111111011111110111111111111111, sa_flags=SA_RESTART|SA_SIGINFO
SIGXFSZ: [libjvm.dylib+0x46c118], sa_mask[0]=11111111011111110111111111111111, sa_flags=SA_RESTART|SA_SIGINFO
SIGILL: [libjvm.dylib+0x46c118], sa_mask[0]=11111111011111110111111111111111, sa_flags=SA_RESTART|SA_SIGINFO
SIGUSR1: SIG_DFL, sa_mask[0]=00000000000000000000000000000000, sa_flags=none
SIGUSR2: [libjvm.dylib+0x46bc36], sa_mask[0]=00100000000000000000000000000000, sa_flags=SA_RESTART|SA_SIGINFO
SIGHUP: [libjvm.dylib+0x46a209], sa_mask[0]=11111111011111110111111111111111, sa_flags=SA_RESTART|SA_SIGINFO
SIGINT: [libjvm.dylib+0x46a209], sa_mask[0]=11111111011111110111111111111111, sa_flags=SA_RESTART|SA_SIGINFO
SIGTERM: [libjvm.dylib+0x46a209], sa_mask[0]=11111111011111110111111111111111, sa_flags=SA_RESTART|SA_SIGINFO
SIGQUIT: [libjvm.dylib+0x46a209], sa_mask[0]=11111111011111110111111111111111, sa_flags=SA_RESTART|SA_SIGINFO


---------------  S Y S T E M  ---------------

OS:Bsduname:Darwin 14.1.1 Darwin Kernel Version 14.1.1: Thu Feb 26 22:41:49 PST 2015; root:xnu-2782.15.5~1/RELEASE_X86_64 x86_64
rlimit: STACK 8192k, CORE 0k, NPROC 709, NOFILE 10240, AS infinity
load average:3.66 2.97 2.23

CPU:total 4 (2 cores per cpu, 2 threads per core) family 6 model 61 stepping 4, cmov, cx8, fxsr, mmx, sse, sse2, sse3, ssse3, sse4.1, sse4.2, popcnt, avx, avx2, aes, clmul, erms, 3dnowpref, lzcnt, ht, tsc, tscinvbit, bmi1, bmi2, adx

Memory: 4k page, physical 8388608k(3950720k free)

/proc/meminfo:


vm_info: Java HotSpot(TM) 64-Bit Server VM (25.40-b25) for bsd-amd64 JRE (1.8.0_40-b27), built on Mar 13 2015 04:46:52 by "java_re" with gcc 4.2.1 (Based on Apple Inc. build 5658) (LLVM build 2336.11.00)

time: Fri Oct  2 12:27:57 2015
elapsed time: 18 seconds (0d 0h 0m 18s)

