#
# A fatal error has been detected by the Java Runtime Environment:
#
#  SIGSEGV (0xb) at pc=0x00000001259ce5dd, pid=555, tid=1299
#
# JRE version: Java(TM) SE Runtime Environment (8.0_40-b27) (build 1.8.0_40-b27)
# Java VM: Java HotSpot(TM) 64-Bit Server VM (25.40-b25 mixed mode bsd-amd64 compressed oops)
# Problematic frame:
# C  [libglass.dylib+0x155dd]  GlassScreenDidChangeScreenParameters+0x9d
#
# Failed to write core dump. Core dumps have been disabled. To enable core dumping, try "ulimit -c unlimited" before starting Java again
#
# If you would like to submit a bug report, please visit:
#   http://bugreport.java.com/bugreport/crash.jsp
#

---------------  T H R E A D  ---------------

Current thread is native thread

siginfo: si_signo: 11 (SIGSEGV), si_code: 1 (SEGV_MAPERR), si_addr: 0x0000000000000000

Registers:
RAX=0x0000000125a00bc0, RBX=0x0000000000000000, RCX=0xcf0041b6c21ae437, RDX=0x00007fe37965d850
RSP=0x00007fff545c79a0, RBP=0x00007fff545c79b0, RSI=0x00007fe37960f5c8, RDI=0x0000000000000000
R8 =0x00007fff545c7850, R9 =0x00007fff7b836300, R10=0x0000000000000000, R11=0x0000000000000246
R12=0x00007fe379703de0, R13=0x00000000000f4269, R14=0x00007fe37965d760, R15=0x00007fff545c7af0
RIP=0x00000001259ce5dd, EFLAGS=0x0000000000010206, ERR=0x0000000000000004
  TRAPNO=0x000000000000000e

Top of Stack: (sp=0x00007fff545c79a0)
0x00007fff545c79a0:   00007fff545c7b80 00007fe37965d760
0x00007fff545c79b0:   00007fff545c79c0 00007fff91c9ecbc
0x00007fff545c79c0:   00007fff545c7d20 00007fff91b90384
0x00007fff545c79d0:   00007fff545c7a20 0000000000001400
0x00007fff545c79e0:   00007fff7b791cf0 00007fe3797e4ca0
0x00007fff545c79f0:   0000000000001002 0000000000000900
0x00007fff545c7a00:   00007fe3797e4ca0 00007fe37965d760
0x00007fff545c7a10:   0000000000000000 00007fff545c7af0
0x00007fff545c7a20:   0000000000000000 00007fe37965d720
0x00007fff545c7a30:   00007fff545c7b70 0000000000000060
0x00007fff545c7a40:   00000000000f4317 00007fe3796be670
0x00007fff545c7a50:   00007fe37943e120 00007fe379703de0
0x00007fff545c7a60:   0000000000000001 00000000000f4269
0x00007fff545c7a70:   00007fe379703dd0 00007fff8e24facb
0x00007fff545c7a80:   0000000000000001 0000000000000001
0x00007fff545c7a90:   0000000000000030 0000000000000001
0x00007fff545c7aa0:   00007fff545c7ac0 00007fff8e255231
0x00007fff545c7ab0:   00007fff7b78fdd0 0000000000000000
0x00007fff545c7ac0:   00007fff545c7ae0 000000000000001f
0x00007fff545c7ad0:   0002b9037b026000 00007fe379703e04
0x00007fff545c7ae0:   0000000000000000 00007fff91b85e5f
0x00007fff545c7af0:   00007fe37965d760 00007fff7b78fdd0
0x00007fff545c7b00:   00007fff545c7b80 00007fff91b8e98f
0x00007fff545c7b10:   00007fff545c7b8c 00007fff545c7b90
0x00007fff545c7b20:   000000010b653a00 0000000000000002
0x00007fff545c7b30:   000000010b650000 00007fe3796c6b42
0x00007fff545c7b40:   0000000000000003 000000010b654e00
0x00007fff545c7b50:   00007fff545c7c40 00007fff8e24e2a2
0x00007fff545c7b60:   00007fe37943dd20 00007fff545c7d28
0x00007fff545c7b70:   0000000000000017 0000000000000000
0x00007fff545c7b80:   00000000000f4269 00007fff91b86153
0x00007fff545c7b90:   00007fff00000000 00007fe379444800 

Instructions: (pc=0x00000001259ce5dd)
0x00000001259ce5bd:   89 df 4c 89 f1 41 ff 90 68 04 00 00 48 8d 05 f8
0x00000001259ce5cd:   24 03 00 48 8b 30 48 8d 05 e6 25 03 00 48 8b 10
0x00000001259ce5dd:   48 8b 0b 30 c0 48 89 df ff 91 68 04 00 00 48 8b
0x00000001259ce5ed:   03 48 89 df ff 50 78 48 85 c0 74 36 49 89 c6 48 

Register to memory mapping:

RAX=0x0000000125a00bc0: jScreenNotifySettingsChanged+0 in /Library/Java/JavaVirtualMachines/jdk1.8.0_40.jdk/Contents/Home/jre/lib/libglass.dylib at 0x00000001259b9000
RBX=0x0000000000000000 is an unknown value
RCX=0xcf0041b6c21ae437 is an unknown value
RDX=0x00007fe37965d850 is an unknown value
RSP=0x00007fff545c79a0 is an unknown value
RBP=0x00007fff545c79b0 is an unknown value
RSI=0x00007fe37960f5c8 is a global jni handle
RDI=0x0000000000000000 is an unknown value
R8 =0x00007fff545c7850 is an unknown value
R9 =0x00007fff7b836300: _thread+0 in /usr/lib/system/libsystem_pthread.dylib at 0x00007fff9220a000
R10=0x0000000000000000 is an unknown value
R11=0x0000000000000246 is an unknown value
R12=0x00007fe379703de0 is an unknown value
R13=0x00000000000f4269 is an unknown value
R14=0x00007fe37965d760 is an unknown value
R15=0x00007fff545c7af0 is an unknown value


Stack: [0x00007fff53dcb000,0x00007fff545cb000],  sp=0x00007fff545c79a0,  free space=8178k
Native frames: (J=compiled Java code, j=interpreted, Vv=VM code, C=native code)
C  [libglass.dylib+0x155dd]  GlassScreenDidChangeScreenParameters+0x9d
C  [CoreFoundation+0x11ecbc]  __CFNOTIFICATIONCENTER_IS_CALLING_OUT_TO_AN_OBSERVER__+0xc
C  [CoreFoundation+0x10384]  _CFXNotificationPost+0xc44
C  [Foundation+0x2aa1]  -[NSNotificationCenter postNotificationName:object:userInfo:]+0x42
C  [AppKit+0x36595e]  -[NSApplication _reactToScreenInvalidationImmediately:]+0x17b
C  [AppKit+0x36579d]  __44-[NSApplication _reactToScreenInvalidation:]_block_invoke+0x4b
C  [CoreFoundation+0x806ac]  __CFRUNLOOP_IS_CALLING_OUT_TO_A_BLOCK__+0xc
C  [CoreFoundation+0x727b5]  __CFRunLoopDoBlocks+0x155
C  [CoreFoundation+0x722f6]  __CFRunLoopRun+0x716
C  [CoreFoundation+0x71998]  CFRunLoopRunSpecific+0x128
C  [java+0x6490]  CreateExecutionEnvironment+0x367
C  [java+0x221c]  JLI_Launch+0x7a0
C  [java+0x84ed]  main+0x65
C  [java+0x1a74]  start+0x34


---------------  P R O C E S S  ---------------

VM state:at safepoint (normal execution)

VM Mutex/Monitor currently owned by a thread:  ([mutex/lock_event])
[0x00007fe379602020] Threads_lock - owner thread: 0x00007fe37a03c000
[0x00007fe379602520] Heap_lock - owner thread: 0x00007fe37b23e000

Heap:
 PSYoungGen      total 38400K, used 7128K [0x0000000795580000, 0x0000000798000000, 0x00000007c0000000)
  eden space 33280K, 6% used [0x0000000795580000,0x000000079577a2b8,0x0000000797600000)
  from space 5120K, 99% used [0x0000000797600000,0x0000000797afc050,0x0000000797b00000)
  to   space 5120K, 0% used [0x0000000797b00000,0x0000000797b00000,0x0000000798000000)
 ParOldGen       total 87552K, used 3152K [0x0000000740000000, 0x0000000745580000, 0x0000000795580000)
  object space 87552K, 3% used [0x0000000740000000,0x0000000740314010,0x0000000745580000)
 Metaspace       used 13668K, capacity 14218K, committed 14336K, reserved 1060864K
  class space    used 1806K, capacity 1955K, committed 2048K, reserved 1048576K

Card table byte_map: [0x000000011c440000,0x000000011c841000] byte_map_base: 0x0000000118a40000

Marking Bits: (ParMarkBitMap*) 0x000000010c0187a0
 Begin Bits: [0x000000011cef8000, 0x000000011eef8000)
 End Bits:   [0x000000011eef8000, 0x0000000120ef8000)

Polling page: 0x000000010c7e7000

CodeCache: size=245760Kb used=4037Kb max_used=4037Kb free=241722Kb
 bounds [0x000000010d080000, 0x000000010d480000, 0x000000011c080000]
 total_blobs=1778 nmethods=1163 adapters=536
 compilation: enabled

Compilation events (10 events):
Event: 274.929 Thread 0x00007fe37b019800 1158       1       java.lang.invoke.InnerClassLambdaMetafactory::access$500 (5 bytes)
Event: 274.929 Thread 0x00007fe37b019800 nmethod 1158 0x000000010d471990 code [0x000000010d471ae0, 0x000000010d471bd0]
Event: 274.929 Thread 0x00007fe37b019800 1159       1       java.lang.invoke.InnerClassLambdaMetafactory::access$600 (5 bytes)
Event: 274.929 Thread 0x00007fe37b019800 nmethod 1159 0x000000010d471c50 code [0x000000010d471da0, 0x000000010d471e90]
Event: 274.929 Thread 0x00007fe37b019800 1160       1       java.lang.invoke.InnerClassLambdaMetafactory::access$700 (5 bytes)
Event: 274.929 Thread 0x00007fe37b019800 nmethod 1160 0x000000010d471f10 code [0x000000010d472060, 0x000000010d472150]
Event: 274.930 Thread 0x00007fe37b019800 1162       3       java.util.concurrent.locks.AbstractOwnableSynchronizer::setExclusiveOwnerThread (6 bytes)
Event: 274.931 Thread 0x00007fe37b019800 nmethod 1162 0x000000010d472550 code [0x000000010d4726a0, 0x000000010d472810]
Event: 274.932 Thread 0x00007fe37b019800 1163       3       java.lang.invoke.MethodHandles::access$000 (4 bytes)
Event: 274.932 Thread 0x00007fe37b019800 nmethod 1163 0x000000010d472890 code [0x000000010d4729e0, 0x000000010d472b10]

GC Heap History (2 events):
Event: 264.470 GC heap before
{Heap before GC invocations=1 (full 0):
 PSYoungGen      total 38400K, used 33280K [0x0000000795580000, 0x0000000798000000, 0x00000007c0000000)
  eden space 33280K, 100% used [0x0000000795580000,0x0000000797600000,0x0000000797600000)
  from space 5120K, 0% used [0x0000000797b00000,0x0000000797b00000,0x0000000798000000)
  to   space 5120K, 0% used [0x0000000797600000,0x0000000797600000,0x0000000797b00000)
 ParOldGen       total 87552K, used 0K [0x0000000740000000, 0x0000000745580000, 0x0000000795580000)
  object space 87552K, 0% used [0x0000000740000000,0x0000000740000000,0x0000000745580000)
 Metaspace       used 13616K, capacity 14168K, committed 14336K, reserved 1060864K
  class space    used 1797K, capacity 1944K, committed 2048K, reserved 1048576K
Event: 264.482 GC heap after
Heap after GC invocations=1 (full 0):
 PSYoungGen      total 38400K, used 5104K [0x0000000795580000, 0x0000000798000000, 0x00000007c0000000)
  eden space 33280K, 0% used [0x0000000795580000,0x0000000795580000,0x0000000797600000)
  from space 5120K, 99% used [0x0000000797600000,0x0000000797afc050,0x0000000797b00000)
  to   space 5120K, 0% used [0x0000000797b00000,0x0000000797b00000,0x0000000798000000)
 ParOldGen       total 87552K, used 3152K [0x0000000740000000, 0x0000000745580000, 0x0000000795580000)
  object space 87552K, 3% used [0x0000000740000000,0x0000000740314010,0x0000000745580000)
 Metaspace       used 13616K, capacity 14168K, committed 14336K, reserved 1060864K
  class space    used 1797K, capacity 1944K, committed 2048K, reserved 1048576K
}

Deoptimization events (10 events):
Event: 2.148 Thread 0x00007fe37b1d9000 Uncommon trap: reason=class_check action=maybe_recompile pc=0x000000010d31ce58 method=java.io.DataInputStream.readShort()S @ 4
Event: 2.149 Thread 0x00007fe37b1d9000 Uncommon trap: reason=class_check action=maybe_recompile pc=0x000000010d31ce58 method=java.io.DataInputStream.readShort()S @ 4
Event: 2.150 Thread 0x00007fe37b1d9000 Uncommon trap: reason=class_check action=maybe_recompile pc=0x000000010d31ce58 method=java.io.DataInputStream.readShort()S @ 4
Event: 2.150 Thread 0x00007fe37b1d9000 Uncommon trap: reason=class_check action=maybe_recompile pc=0x000000010d31ce58 method=java.io.DataInputStream.readShort()S @ 4
Event: 2.160 Thread 0x00007fe37b1d9000 Uncommon trap: reason=class_check action=maybe_recompile pc=0x000000010d1b2c84 method=java.lang.String.equals(Ljava/lang/Object;)Z @ 8
Event: 2.160 Thread 0x00007fe37b1d9000 Uncommon trap: reason=class_check action=maybe_recompile pc=0x000000010d1b2c84 method=java.lang.String.equals(Ljava/lang/Object;)Z @ 8
Event: 2.160 Thread 0x00007fe37b1d9000 Uncommon trap: reason=class_check action=maybe_recompile pc=0x000000010d1b2c84 method=java.lang.String.equals(Ljava/lang/Object;)Z @ 8
Event: 2.163 Thread 0x00007fe37b1d9000 Uncommon trap: reason=class_check action=maybe_recompile pc=0x000000010d1b2c84 method=java.lang.String.equals(Ljava/lang/Object;)Z @ 8
Event: 2.335 Thread 0x00007fe37b1d9000 Uncommon trap: reason=unstable_if action=reinterpret pc=0x000000010d2ddba0 method=java.lang.CharacterData.of(I)Ljava/lang/CharacterData; @ 4
Event: 2.376 Thread 0x00007fe37b1d9000 Uncommon trap: reason=unstable_if action=reinterpret pc=0x000000010d3b6ac4 method=java.util.HashMap.putVal(ILjava/lang/Object;Ljava/lang/Object;ZZ)Ljava/lang/Object; @ 193

Internal exceptions (10 events):
Event: 1.037 Thread 0x00007fe37a007000 Exception <a 'java/security/PrivilegedActionException'> (0x0000000795a349c0) thrown at [/Users/java_re/workspace/8-2-build-macosx-x86_64/jdk8u40/3153/hotspot/src/share/vm/prims/jvm.cpp, line 1382]
Event: 1.037 Thread 0x00007fe37a007000 Exception <a 'java/security/PrivilegedActionException'> (0x0000000795a34b78) thrown at [/Users/java_re/workspace/8-2-build-macosx-x86_64/jdk8u40/3153/hotspot/src/share/vm/prims/jvm.cpp, line 1382]
Event: 1.037 Thread 0x00007fe37a007000 Exception <a 'java/security/PrivilegedActionException'> (0x0000000795a37d68) thrown at [/Users/java_re/workspace/8-2-build-macosx-x86_64/jdk8u40/3153/hotspot/src/share/vm/prims/jvm.cpp, line 1382]
Event: 1.037 Thread 0x00007fe37a007000 Exception <a 'java/security/PrivilegedActionException'> (0x0000000795a37f20) thrown at [/Users/java_re/workspace/8-2-build-macosx-x86_64/jdk8u40/3153/hotspot/src/share/vm/prims/jvm.cpp, line 1382]
Event: 1.038 Thread 0x00007fe37a007000 Exception <a 'java/lang/NullPointerException'> (0x0000000795a39840) thrown at [/Users/java_re/workspace/8-2-build-macosx-x86_64/jdk8u40/3153/hotspot/src/share/vm/interpreter/linkResolver.cpp, line 1178]
Event: 1.719 Thread 0x00007fe37b1d9000 Exception <a 'java/lang/NullPointerException'> (0x0000000796450690) thrown at [/Users/java_re/workspace/8-2-build-macosx-x86_64/jdk8u40/3153/hotspot/src/share/vm/interpreter/linkResolver.cpp, line 1178]
Event: 1.719 Thread 0x00007fe37b1d9000 Exception <a 'java/lang/NullPointerException'> (0x0000000796450690) thrown at [/Users/java_re/workspace/8-2-build-macosx-x86_64/jdk8u40/3153/hotspot/src/share/vm/prims/jvm.cpp, line 1386]
Event: 1.845 Thread 0x00007fe37b1d9000 Exception <a 'java/lang/ArrayIndexOutOfBoundsException'> (0x000000079666ea88) thrown at [/Users/java_re/workspace/8-2-build-macosx-x86_64/jdk8u40/3153/hotspot/src/share/vm/runtime/sharedRuntime.cpp, line 605]
Event: 1.846 Thread 0x00007fe37b1d9000 Exception <a 'java/lang/ArrayIndexOutOfBoundsException'> (0x000000079666f6d8) thrown at [/Users/java_re/workspace/8-2-build-macosx-x86_64/jdk8u40/3153/hotspot/src/share/vm/runtime/sharedRuntime.cpp, line 605]
Event: 1.846 Thread 0x00007fe37b1d9000 Exception <a 'java/lang/ArrayIndexOutOfBoundsException'> (0x00000007966709d0) thrown at [/Users/java_re/workspace/8-2-build-macosx-x86_64/jdk8u40/3153/hotspot/src/share/vm/runtime/sharedRuntime.cpp, line 605]

Events (10 events):
Event: 274.932 Thread 0x00007fe37986d800 Thread exited: 0x00007fe37986d800
Event: 274.932 Thread 0x00007fe37b23e000 Thread exited: 0x00007fe37b23e000
Event: 274.932 Thread 0x00007fe37a007000 Thread exited: 0x00007fe37a007000
Event: 274.933 Thread 0x00007fe37b23e000 Thread added: 0x00007fe37b23e000
Event: 274.933 Thread 0x00007fe37b1d9000 Thread exited: 0x00007fe37b1d9000
Event: 274.933 loading class java/util/IdentityHashMap$KeyIterator
Event: 274.933 loading class java/util/IdentityHashMap$IdentityHashMapIterator
Event: 274.933 loading class java/util/IdentityHashMap$IdentityHashMapIterator done
Event: 274.933 loading class java/util/IdentityHashMap$KeyIterator done
Event: 274.933 Thread 0x00007fe37b23e000 Thread exited: 0x00007fe37b23e000


Dynamic libraries:
0x000000000a803000 	/System/Library/Frameworks/Cocoa.framework/Versions/A/Cocoa
0x000000000a803000 	/System/Library/Frameworks/Security.framework/Versions/A/Security
0x000000000a803000 	/System/Library/Frameworks/ApplicationServices.framework/Versions/A/ApplicationServices
0x000000000a803000 	/usr/lib/libz.1.dylib
0x000000000a803000 	/usr/lib/libSystem.B.dylib
0x000000000a803000 	/usr/lib/libobjc.A.dylib
0x000000000a803000 	/System/Library/Frameworks/CoreFoundation.framework/Versions/A/CoreFoundation
0x000000000a803000 	/System/Library/Frameworks/Foundation.framework/Versions/C/Foundation
0x000000000a803000 	/System/Library/Frameworks/AppKit.framework/Versions/C/AppKit
0x000000000a803000 	/System/Library/Frameworks/CoreData.framework/Versions/A/CoreData
0x000000000a803000 	/System/Library/PrivateFrameworks/RemoteViewServices.framework/Versions/A/RemoteViewServices
0x000000000a803000 	/System/Library/PrivateFrameworks/UIFoundation.framework/Versions/A/UIFoundation
0x000000000a803000 	/System/Library/Frameworks/IOSurface.framework/Versions/A/IOSurface
0x000000000a803000 	/System/Library/Frameworks/AudioToolbox.framework/Versions/A/AudioToolbox
0x000000000a803000 	/System/Library/Frameworks/AudioUnit.framework/Versions/A/AudioUnit
0x000000000a803000 	/System/Library/PrivateFrameworks/DataDetectorsCore.framework/Versions/A/DataDetectorsCore
0x000000000a803000 	/System/Library/PrivateFrameworks/DesktopServicesPriv.framework/Versions/A/DesktopServicesPriv
0x000000000a803000 	/System/Library/Frameworks/Carbon.framework/Versions/A/Frameworks/HIToolbox.framework/Versions/A/HIToolbox
0x000000000a803000 	/System/Library/Frameworks/QuartzCore.framework/Versions/A/QuartzCore
0x000000000a803000 	/System/Library/Frameworks/Carbon.framework/Versions/A/Frameworks/SpeechRecognition.framework/Versions/A/SpeechRecognition
0x000000000a803000 	/usr/lib/libauto.dylib
0x000000000a803000 	/usr/lib/libicucore.A.dylib
0x000000000a803000 	/usr/lib/libxml2.2.dylib
0x000000000a803000 	/System/Library/PrivateFrameworks/CoreUI.framework/Versions/A/CoreUI
0x000000000a803000 	/System/Library/Frameworks/CoreAudio.framework/Versions/A/CoreAudio
0x000000000a803000 	/System/Library/Frameworks/DiskArbitration.framework/Versions/A/DiskArbitration
0x000000000a803000 	/usr/lib/liblangid.dylib
0x000000000a803000 	/System/Library/PrivateFrameworks/MultitouchSupport.framework/Versions/A/MultitouchSupport
0x000000000a803000 	/System/Library/Frameworks/IOKit.framework/Versions/A/IOKit
0x000000000a803000 	/usr/lib/libDiagnosticMessagesClient.dylib
0x000000000a803000 	/System/Library/Frameworks/CoreServices.framework/Versions/A/CoreServices
0x000000000a803000 	/System/Library/PrivateFrameworks/PerformanceAnalysis.framework/Versions/A/PerformanceAnalysis
0x000000000a803000 	/System/Library/PrivateFrameworks/GenerationalStorage.framework/Versions/A/GenerationalStorage
0x000000000a803000 	/System/Library/Frameworks/OpenGL.framework/Versions/A/OpenGL
0x000000000a803000 	/System/Library/PrivateFrameworks/Sharing.framework/Versions/A/Sharing
0x000000000a803000 	/System/Library/Frameworks/CoreGraphics.framework/Versions/A/CoreGraphics
0x000000000a803000 	/System/Library/Frameworks/CoreText.framework/Versions/A/CoreText
0x000000000a803000 	/System/Library/Frameworks/ImageIO.framework/Versions/A/ImageIO
0x000000000a803000 	/usr/lib/libextension.dylib
0x000000000a803000 	/System/Library/PrivateFrameworks/Backup.framework/Versions/A/Backup
0x000000000a803000 	/usr/lib/libarchive.2.dylib
0x000000000a803000 	/System/Library/Frameworks/CFNetwork.framework/Versions/A/CFNetwork
0x000000000a803000 	/System/Library/Frameworks/SystemConfiguration.framework/Versions/A/SystemConfiguration
0x000000000a803000 	/usr/lib/libCRFSuite.dylib
0x000000000a803000 	/usr/lib/libc++.1.dylib
0x000000000a803000 	/usr/lib/libc++abi.dylib
0x000000000a803000 	/usr/lib/system/libcache.dylib
0x000000000a803000 	/usr/lib/system/libcommonCrypto.dylib
0x000000000a803000 	/usr/lib/system/libcompiler_rt.dylib
0x000000000a803000 	/usr/lib/system/libcopyfile.dylib
0x000000000a803000 	/usr/lib/system/libcorecrypto.dylib
0x000000000a803000 	/usr/lib/system/libdispatch.dylib
0x000000000a803000 	/usr/lib/system/libdyld.dylib
0x000000000a803000 	/usr/lib/system/libkeymgr.dylib
0x000000000a803000 	/usr/lib/system/liblaunch.dylib
0x000000000a803000 	/usr/lib/system/libmacho.dylib
0x000000000a803000 	/usr/lib/system/libquarantine.dylib
0x000000000a803000 	/usr/lib/system/libremovefile.dylib
0x000000000a803000 	/usr/lib/system/libsystem_asl.dylib
0x000000000a803000 	/usr/lib/system/libsystem_blocks.dylib
0x000000000a803000 	/usr/lib/system/libsystem_c.dylib
0x000000000a803000 	/usr/lib/system/libsystem_configuration.dylib
0x000000000a803000 	/usr/lib/system/libsystem_coreservices.dylib
0x000000000a803000 	/usr/lib/system/libsystem_coretls.dylib
0x000000000a803000 	/usr/lib/system/libsystem_dnssd.dylib
0x000000000a803000 	/usr/lib/system/libsystem_info.dylib
0x000000000a803000 	/usr/lib/system/libsystem_kernel.dylib
0x000000000a803000 	/usr/lib/system/libsystem_m.dylib
0x000000000a803000 	/usr/lib/system/libsystem_malloc.dylib
0x000000000a803000 	/usr/lib/system/libsystem_network.dylib
0x000000000a803000 	/usr/lib/system/libsystem_networkextension.dylib
0x000000000a803000 	/usr/lib/system/libsystem_notify.dylib
0x000000000a803000 	/usr/lib/system/libsystem_platform.dylib
0x000000000a803000 	/usr/lib/system/libsystem_pthread.dylib
0x000000000a803000 	/usr/lib/system/libsystem_sandbox.dylib
0x000000000a803000 	/usr/lib/system/libsystem_secinit.dylib
0x000000000a803000 	/usr/lib/system/libsystem_stats.dylib
0x000000000a803000 	/usr/lib/system/libsystem_trace.dylib
0x000000000a803000 	/usr/lib/system/libunc.dylib
0x000000000a803000 	/usr/lib/system/libunwind.dylib
0x000000000a803000 	/usr/lib/system/libxpc.dylib
0x000000000a803000 	/usr/lib/libbz2.1.0.dylib
0x000000000a803000 	/usr/lib/liblzma.5.dylib
0x000000000a803000 	/usr/lib/libbsm.0.dylib
0x000000000a803000 	/usr/lib/libsqlite3.dylib
0x000000000a803000 	/usr/lib/system/libkxld.dylib
0x000000000a803000 	/usr/lib/libxar.1.dylib
0x000000000a803000 	/usr/lib/libpam.2.dylib
0x000000000a803000 	/usr/lib/libOpenScriptingUtil.dylib
0x000000000a803000 	/System/Library/Frameworks/CoreServices.framework/Versions/A/Frameworks/FSEvents.framework/Versions/A/FSEvents
0x000000000a803000 	/System/Library/Frameworks/CoreServices.framework/Versions/A/Frameworks/CarbonCore.framework/Versions/A/CarbonCore
0x000000000a803000 	/System/Library/Frameworks/CoreServices.framework/Versions/A/Frameworks/Metadata.framework/Versions/A/Metadata
0x000000000a803000 	/System/Library/Frameworks/CoreServices.framework/Versions/A/Frameworks/OSServices.framework/Versions/A/OSServices
0x000000000a803000 	/System/Library/Frameworks/CoreServices.framework/Versions/A/Frameworks/SearchKit.framework/Versions/A/SearchKit
0x000000000a803000 	/System/Library/Frameworks/CoreServices.framework/Versions/A/Frameworks/AE.framework/Versions/A/AE
0x000000000a803000 	/System/Library/Frameworks/CoreServices.framework/Versions/A/Frameworks/LaunchServices.framework/Versions/A/LaunchServices
0x000000000a803000 	/System/Library/Frameworks/CoreServices.framework/Versions/A/Frameworks/DictionaryServices.framework/Versions/A/DictionaryServices
0x000000000a803000 	/System/Library/Frameworks/NetFS.framework/Versions/A/NetFS
0x000000000a803000 	/System/Library/PrivateFrameworks/NetAuth.framework/Versions/A/NetAuth
0x000000000a803000 	/System/Library/PrivateFrameworks/login.framework/Versions/A/Frameworks/loginsupport.framework/Versions/A/loginsupport
0x000000000a803000 	/System/Library/PrivateFrameworks/TCC.framework/Versions/A/TCC
0x000000000a803000 	/usr/lib/libmecabra.dylib
0x000000000a803000 	/System/Library/Frameworks/ApplicationServices.framework/Versions/A/Frameworks/ATS.framework/Versions/A/ATS
0x000000000a803000 	/System/Library/Frameworks/ApplicationServices.framework/Versions/A/Frameworks/ColorSync.framework/Versions/A/ColorSync
0x000000000a803000 	/System/Library/Frameworks/ApplicationServices.framework/Versions/A/Frameworks/HIServices.framework/Versions/A/HIServices
0x000000000a803000 	/System/Library/Frameworks/ApplicationServices.framework/Versions/A/Frameworks/LangAnalysis.framework/Versions/A/LangAnalysis
0x000000000a803000 	/System/Library/Frameworks/ApplicationServices.framework/Versions/A/Frameworks/PrintCore.framework/Versions/A/PrintCore
0x000000000a803000 	/System/Library/Frameworks/ApplicationServices.framework/Versions/A/Frameworks/QD.framework/Versions/A/QD
0x000000000a803000 	/System/Library/Frameworks/ApplicationServices.framework/Versions/A/Frameworks/SpeechSynthesis.framework/Versions/A/SpeechSynthesis
0x000000000a803000 	/System/Library/Frameworks/Accelerate.framework/Versions/A/Accelerate
0x000000000a803000 	/System/Library/Frameworks/Accelerate.framework/Versions/A/Frameworks/vImage.framework/Versions/A/vImage
0x000000000a803000 	/System/Library/Frameworks/Accelerate.framework/Versions/A/Frameworks/vecLib.framework/Versions/A/vecLib
0x000000000a803000 	/System/Library/Frameworks/Accelerate.framework/Versions/A/Frameworks/vecLib.framework/Versions/A/libvDSP.dylib
0x000000000a803000 	/System/Library/Frameworks/Accelerate.framework/Versions/A/Frameworks/vecLib.framework/Versions/A/libvMisc.dylib
0x000000000a803000 	/System/Library/Frameworks/Accelerate.framework/Versions/A/Frameworks/vecLib.framework/Versions/A/libLAPACK.dylib
0x000000000a803000 	/System/Library/Frameworks/Accelerate.framework/Versions/A/Frameworks/vecLib.framework/Versions/A/libBLAS.dylib
0x000000000a803000 	/System/Library/Frameworks/Accelerate.framework/Versions/A/Frameworks/vecLib.framework/Versions/A/libLinearAlgebra.dylib
0x000000000a803000 	/System/Library/Frameworks/ApplicationServices.framework/Versions/A/Frameworks/ATS.framework/Versions/A/Resources/libFontParser.dylib
0x000000000a803000 	/System/Library/Frameworks/ApplicationServices.framework/Versions/A/Frameworks/ATS.framework/Versions/A/Resources/libFontRegistry.dylib
0x000000000a803000 	/System/Library/PrivateFrameworks/AppleVPA.framework/Versions/A/AppleVPA
0x000000000a803000 	/System/Library/PrivateFrameworks/AppleJPEG.framework/Versions/A/AppleJPEG
0x000000000a803000 	/System/Library/Frameworks/ImageIO.framework/Versions/A/Resources/libJPEG.dylib
0x000000000a803000 	/System/Library/Frameworks/ImageIO.framework/Versions/A/Resources/libTIFF.dylib
0x000000000a803000 	/System/Library/Frameworks/ImageIO.framework/Versions/A/Resources/libPng.dylib
0x000000000a803000 	/System/Library/Frameworks/ImageIO.framework/Versions/A/Resources/libGIF.dylib
0x000000000a803000 	/System/Library/Frameworks/ImageIO.framework/Versions/A/Resources/libJP2.dylib
0x000000000a803000 	/System/Library/Frameworks/ImageIO.framework/Versions/A/Resources/libRadiance.dylib
0x000000000a803000 	/System/Library/Frameworks/CoreVideo.framework/Versions/A/CoreVideo
0x000000000a803000 	/System/Library/Frameworks/OpenGL.framework/Versions/A/Libraries/libGLU.dylib
0x000000000a803000 	/System/Library/Frameworks/OpenGL.framework/Versions/A/Libraries/libGFXShared.dylib
0x000000000a803000 	/System/Library/Frameworks/OpenGL.framework/Versions/A/Libraries/libGL.dylib
0x000000000a803000 	/System/Library/Frameworks/OpenGL.framework/Versions/A/Libraries/libGLImage.dylib
0x000000000a803000 	/System/Library/Frameworks/OpenGL.framework/Versions/A/Libraries/libCVMSPluginSupport.dylib
0x000000000a803000 	/System/Library/Frameworks/OpenGL.framework/Versions/A/Libraries/libCoreVMClient.dylib
0x000000000a803000 	/usr/lib/libcups.2.dylib
0x000000000a803000 	/System/Library/Frameworks/Kerberos.framework/Versions/A/Kerberos
0x000000000a803000 	/System/Library/Frameworks/GSS.framework/Versions/A/GSS
0x000000000a803000 	/usr/lib/libresolv.9.dylib
0x000000000a803000 	/usr/lib/libiconv.2.dylib
0x000000000a803000 	/System/Library/PrivateFrameworks/Heimdal.framework/Versions/A/Heimdal
0x000000000a803000 	/usr/lib/libheimdal-asn1.dylib
0x000000000a803000 	/System/Library/Frameworks/OpenDirectory.framework/Versions/A/OpenDirectory
0x000000000a803000 	/System/Library/PrivateFrameworks/CommonAuth.framework/Versions/A/CommonAuth
0x000000000a803000 	/System/Library/Frameworks/OpenDirectory.framework/Versions/A/Frameworks/CFOpenDirectory.framework/Versions/A/CFOpenDirectory
0x000000000a803000 	/System/Library/Frameworks/SecurityFoundation.framework/Versions/A/SecurityFoundation
0x000000000a803000 	/System/Library/PrivateFrameworks/LanguageModeling.framework/Versions/A/LanguageModeling
0x000000000a803000 	/usr/lib/libcmph.dylib
0x000000000a803000 	/System/Library/Frameworks/ServiceManagement.framework/Versions/A/ServiceManagement
0x000000000a803000 	/usr/lib/libxslt.1.dylib
0x000000000a803000 	/System/Library/Frameworks/Carbon.framework/Versions/A/Frameworks/Ink.framework/Versions/A/Ink
0x000000000a803000 	/System/Library/Frameworks/QuartzCore.framework/Versions/A/Frameworks/CoreImage.framework/Versions/A/CoreImage
0x000000000a803000 	/System/Library/PrivateFrameworks/CrashReporterSupport.framework/Versions/A/CrashReporterSupport
0x000000000a803000 	/System/Library/Frameworks/OpenCL.framework/Versions/A/OpenCL
0x000000000a803000 	/System/Library/PrivateFrameworks/FaceCore.framework/Versions/A/FaceCore
0x000000000a803000 	/System/Library/PrivateFrameworks/Ubiquity.framework/Versions/A/Ubiquity
0x000000000a803000 	/System/Library/PrivateFrameworks/IconServices.framework/Versions/A/IconServices
0x000000000a803000 	/System/Library/PrivateFrameworks/ChunkingLibrary.framework/Versions/A/ChunkingLibrary
0x000000000a803000 	/System/Library/PrivateFrameworks/Apple80211.framework/Versions/A/Apple80211
0x000000000a803000 	/System/Library/Frameworks/CoreWLAN.framework/Versions/A/CoreWLAN
0x000000000a803000 	/System/Library/Frameworks/IOBluetooth.framework/Versions/A/IOBluetooth
0x000000000a803000 	/System/Library/PrivateFrameworks/CoreWiFi.framework/Versions/A/CoreWiFi
0x000000000a803000 	/System/Library/Frameworks/CoreBluetooth.framework/Versions/A/CoreBluetooth
0x000000000a803000 	/System/Library/PrivateFrameworks/DebugSymbols.framework/Versions/A/DebugSymbols
0x000000000a803000 	/System/Library/PrivateFrameworks/CoreSymbolication.framework/Versions/A/CoreSymbolication
0x000000000a803000 	/System/Library/PrivateFrameworks/Symbolication.framework/Versions/A/Symbolication
0x000000000a803000 	/System/Library/PrivateFrameworks/SpeechRecognitionCore.framework/Versions/A/SpeechRecognitionCore
0x0000000050d81000 	/System/Library/CoreServices/Encodings/libJapaneseConverter.dylib
0x000000010b756000 	/Library/Java/JavaVirtualMachines/jdk1.8.0_40.jdk/Contents/Home/jre/lib/server/libjvm.dylib
0x000000000a803000 	/usr/lib/libstdc++.6.dylib
0x000000010c7d9000 	/Library/Java/JavaVirtualMachines/jdk1.8.0_40.jdk/Contents/Home/jre/lib/libverify.dylib
0x000000010d000000 	/Library/Java/JavaVirtualMachines/jdk1.8.0_40.jdk/Contents/Home/jre/lib/libjava.dylib
0x000000010d035000 	/Library/Java/JavaVirtualMachines/jdk1.8.0_40.jdk/Contents/Home/jre/lib/libjdwp.dylib
0x000000010c7e8000 	/Library/Java/JavaVirtualMachines/jdk1.8.0_40.jdk/Contents/Home/jre/lib/libnpt.dylib
0x000000010c7f5000 	/Library/Java/JavaVirtualMachines/jdk1.8.0_40.jdk/Contents/Home/jre/lib/libzip.dylib
0x00000001230f7000 	/System/Library/Frameworks/JavaVM.framework/Frameworks/JavaRuntimeSupport.framework/JavaRuntimeSupport
0x000000012310f000 	/System/Library/Frameworks/JavaVM.framework/Versions/A/Frameworks/JavaNativeFoundation.framework/Versions/A/JavaNativeFoundation
0x0000000123124000 	/System/Library/Frameworks/JavaVM.framework/Versions/A/JavaVM
0x000000000a803000 	/System/Library/Frameworks/Carbon.framework/Versions/A/Carbon
0x0000000123131000 	/System/Library/PrivateFrameworks/JavaLaunching.framework/Versions/A/JavaLaunching
0x000000000a803000 	/System/Library/Frameworks/Carbon.framework/Versions/A/Frameworks/CommonPanels.framework/Versions/A/CommonPanels
0x000000000a803000 	/System/Library/Frameworks/Carbon.framework/Versions/A/Frameworks/Help.framework/Versions/A/Help
0x000000000a803000 	/System/Library/Frameworks/Carbon.framework/Versions/A/Frameworks/ImageCapture.framework/Versions/A/ImageCapture
0x000000000a803000 	/System/Library/Frameworks/Carbon.framework/Versions/A/Frameworks/OpenScripting.framework/Versions/A/OpenScripting
0x000000000a803000 	/System/Library/Frameworks/Carbon.framework/Versions/A/Frameworks/Print.framework/Versions/A/Print
0x000000000a803000 	/System/Library/Frameworks/Carbon.framework/Versions/A/Frameworks/SecurityHI.framework/Versions/A/SecurityHI
0x00000001249be000 	/Library/Java/JavaVirtualMachines/jdk1.8.0_40.jdk/Contents/Home/jre/lib/libdt_socket.dylib
0x00000001254cb000 	/Library/Java/JavaVirtualMachines/jdk1.8.0_40.jdk/Contents/Home/jre/lib/libprism_es2.dylib
0x000000000a803000 	/System/Library/Frameworks/OpenGL.framework/Versions/A/Resources/GLEngine.bundle/GLEngine
0x000000000a803000 	/System/Library/Frameworks/OpenGL.framework/Versions/A/Libraries/libGLProgrammability.dylib
0x0000000000000000 	/System/Library/Extensions/AppleIntelBDWGraphicsGLDriver.bundle/Contents/MacOS/AppleIntelBDWGraphicsGLDriver
0x000000000a803000 	/System/Library/PrivateFrameworks/IOAccelerator.framework/Versions/A/IOAccelerator
0x000000000a803000 	/System/Library/PrivateFrameworks/GPUSupport.framework/Versions/A/Libraries/libGPUSupportMercury.dylib
0x000000000a803000 	/System/Library/Frameworks/OpenGL.framework/Versions/A/Libraries//libLLVMContainer.dylib
0x000000000a803000 	/System/Library/Frameworks/OpenGL.framework/Versions/A/Resources/GLRendererFloat.bundle/GLRendererFloat
0x000000000a803000 	/System/Library/Frameworks/OpenCL.framework/Versions/A/Libraries/libcldcpuengine.dylib
0x000000000a803000 	/System/Library/PrivateFrameworks/DiskImages.framework/Versions/A/DiskImages
0x000000000a803000 	/System/Library/Frameworks/DiscRecording.framework/Versions/A/DiscRecording
0x000000000a803000 	/usr/lib/libcsfde.dylib
0x000000000a803000 	/usr/lib/libcurl.4.dylib
0x000000000a803000 	/System/Library/PrivateFrameworks/MediaKit.framework/Versions/A/MediaKit
0x000000000a803000 	/System/Library/PrivateFrameworks/ProtectedCloudStorage.framework/Versions/A/ProtectedCloudStorage
0x000000000a803000 	/usr/lib/libCoreStorage.dylib
0x000000000a803000 	/System/Library/PrivateFrameworks/EFILogin.framework/Versions/A/EFILogin
0x000000000a803000 	/usr/lib/libutil.dylib
0x000000000a803000 	/System/Library/PrivateFrameworks/FindMyDevice.framework/Versions/A/FindMyDevice
0x000000000a803000 	/System/Library/Frameworks/LDAP.framework/Versions/A/LDAP
0x000000000a803000 	/usr/lib/libsasl2.2.dylib
0x000000000a803000 	/System/Library/PrivateFrameworks/CoreDaemon.framework/Versions/B/CoreDaemon
0x000000000a803000 	/usr/lib/libcrypto.0.9.8.dylib
0x000000000a803000 	/System/Library/PrivateFrameworks/AppleSRP.framework/Versions/A/AppleSRP
0x000000000a803000 	/System/Library/PrivateFrameworks/TrustEvaluationAgent.framework/Versions/A/TrustEvaluationAgent
0x00000001259b9000 	/Library/Java/JavaVirtualMachines/jdk1.8.0_40.jdk/Contents/Home/jre/lib/libglass.dylib
0x000000000a803000 	/System/Library/PrivateFrameworks/CoreServicesInternal.framework/Versions/A/CoreServicesInternal
0x000000000a803000 	/System/Library/PrivateFrameworks/CloudDocs.framework/Versions/A/CloudDocs
0x000000000a803000 	/System/Library/PrivateFrameworks/CoreDuet.framework/Versions/A/CoreDuet
0x000000000a803000 	/System/Library/Frameworks/CloudKit.framework/Versions/A/CloudKit
0x000000000a803000 	/System/Library/PrivateFrameworks/ProtocolBuffer.framework/Versions/A/ProtocolBuffer
0x000000000a803000 	/System/Library/PrivateFrameworks/CoreDuetDaemonProtocol.framework/Versions/A/CoreDuetDaemonProtocol
0x000000000a803000 	/System/Library/PrivateFrameworks/CoreDuetDebugLogging.framework/Versions/A/CoreDuetDebugLogging
0x000000000a803000 	/System/Library/Frameworks/CoreLocation.framework/Versions/A/CoreLocation
0x000000000a803000 	/System/Library/Frameworks/Accounts.framework/Versions/A/Accounts
0x000000000a803000 	/System/Library/PrivateFrameworks/ApplePushService.framework/Versions/A/ApplePushService
0x000000000a803000 	/System/Library/PrivateFrameworks/GeoServices.framework/Versions/A/GeoServices
0x000000000a803000 	/System/Library/PrivateFrameworks/OAuth.framework/Versions/A/OAuth
0x000000000a803000 	/System/Library/Frameworks/CoreGraphics.framework/Versions/A/Resources/libCGCMS.A.dylib
0x000000000a803000 	/System/Library/CoreServices/RawCamera.bundle/Contents/MacOS/RawCamera
0x000000000a803000 	/System/Library/Frameworks/CoreGraphics.framework/Versions/A/Resources/libRIP.A.dylib
0x000000000a803000 	/System/Library/PrivateFrameworks/FamilyControls.framework/Versions/A/FamilyControls
0x000000000a803000 	/System/Library/PrivateFrameworks/CommerceKit.framework/Versions/A/Frameworks/CommerceCore.framework/Versions/A/CommerceCore
0x000000000a803000 	/System/Library/PrivateFrameworks/SystemAdministration.framework/Versions/A/SystemAdministration
0x000000000a803000 	/System/Library/PrivateFrameworks/AppContainer.framework/Versions/A/AppContainer
0x000000000a803000 	/System/Library/PrivateFrameworks/SecCodeWrapper.framework/Versions/A/SecCodeWrapper
0x000000000a803000 	/System/Library/Frameworks/DirectoryService.framework/Versions/A/DirectoryService
0x000000000a803000 	/System/Library/PrivateFrameworks/LoginUIKit.framework/Versions/A/Frameworks/LoginUICore.framework/Versions/A/LoginUICore
0x000000000a803000 	/usr/lib/libodfde.dylib
0x0000000129548000 	/Library/Java/JavaVirtualMachines/jdk1.8.0_40.jdk/Contents/Home/jre/lib/libjavafx_font.dylib
0x000000000a803000 	/System/Library/Frameworks/CoreGraphics.framework/Versions/A/Resources/libCGXType.A.dylib
0x000000012b3c8000 	cl_kernels
0x000000012b3ca000 	/System/Library/Frameworks/OpenCL.framework/Versions/A/Libraries/ImageFormats/unorm8_bgra.dylib
0x000000012b4f4000 	cl_kernels
0x000000012bdf1000 	/Library/Java/JavaVirtualMachines/jdk1.8.0_40.jdk/Contents/Home/jre/lib/libprism_common.dylib

VM Arguments:
jvm_args: -agentlib:jdwp=transport=dt_socket,address=127.0.0.1:49942,suspend=y,server=n -Dfile.encoding=UTF-8 
java_command: sample.Main
java_class_path (initial): /Library/Java/JavaVirtualMachines/jdk1.8.0_40.jdk/Contents/Home/lib/ant-javafx.jar:/Library/Java/JavaVirtualMachines/jdk1.8.0_40.jdk/Contents/Home/lib/dt.jar:/Library/Java/JavaVirtualMachines/jdk1.8.0_40.jdk/Contents/Home/lib/javafx-mx.jar:/Library/Java/JavaVirtualMachines/jdk1.8.0_40.jdk/Contents/Home/lib/jconsole.jar:/Library/Java/JavaVirtualMachines/jdk1.8.0_40.jdk/Contents/Home/lib/packager.jar:/Library/Java/JavaVirtualMachines/jdk1.8.0_40.jdk/Contents/Home/lib/sa-jdi.jar:/Library/Java/JavaVirtualMachines/jdk1.8.0_40.jdk/Contents/Home/lib/tools.jar:/Library/Java/JavaVirtualMachines/jdk1.8.0_40.jdk/Contents/Home/jre/lib/charsets.jar:/Library/Java/JavaVirtualMachines/jdk1.8.0_40.jdk/Contents/Home/jre/lib/deploy.jar:/Library/Java/JavaVirtualMachines/jdk1.8.0_40.jdk/Contents/Home/jre/lib/javaws.jar:/Library/Java/JavaVirtualMachines/jdk1.8.0_40.jdk/Contents/Home/jre/lib/jce.jar:/Library/Java/JavaVirtualMachines/jdk1.8.0_40.jdk/Contents/Home/jre/lib/jfr.jar:/Library/Java/JavaVirtualMachines/jdk1.8.0_40.jdk/Contents/Home/jre/lib/jfxswt.jar:/Library/Java/JavaVirtualMachines/jdk1.8.0_40.jdk/Contents/Home/jre/lib/jsse.jar:/Library/Java/JavaVirtualMachines/jdk1.8.0_40.jdk/Contents/Home/jre/lib/management-agent.jar:/Library/Java/JavaVirtualMachines/jdk1.8.0_40.jdk/Contents/Home/jre/lib/plugin.jar:/Library/Java/JavaVirtualMachines/jdk1.8.0_40.jdk/Contents/Home/jre/lib/resources.jar:/Library/Java/JavaVirtualMachines/jdk1.8.0_40.jdk/Contents/Home/jre/lib/rt.jar:/Library/Java/JavaVirtualMachines/jdk1.8.0_40.jdk/Contents/Home/jre/lib/ext/cldrdata.jar:/Library/Java/JavaVirtualMachines/jdk1.8.0_40.jdk/Contents/Home/jre/lib/ext/dnsns.jar:/Library/Java/JavaVirtualMachines/jdk1.8.0_40.jdk/Contents/Home/jre/lib/ext/jfxrt.jar:/Library/Java/JavaVirtualMachines/jdk1.8.0_40.jdk/Contents/Home/jre/lib/ext/localedata.jar:/Library/Java/JavaVirtualMachines/jdk1.8.0_40.jdk/Contents/Home/jre/lib/ext/nashorn.jar:/Library/Java/JavaVirtualMachines/jdk1.8.0_40.jdk/Conten
Launcher Type: SUN_STANDARD

Environment Variables:
PATH=/usr/local/bin:/usr/bin:/bin:/usr/sbin:/sbin
SHELL=/bin/bash

Signal Handlers:
SIGSEGV: [libjvm.dylib+0x58ef95], sa_mask[0]=11111111011111110111111111111111, sa_flags=SA_ONSTACK|SA_RESTART|SA_SIGINFO
SIGBUS: [libjvm.dylib+0x58ef95], sa_mask[0]=11111111011111110111111111111111, sa_flags=SA_RESTART|SA_SIGINFO
SIGFPE: [libjvm.dylib+0x46c118], sa_mask[0]=11111111011111110111111111111111, sa_flags=SA_RESTART|SA_SIGINFO
SIGPIPE: [libjvm.dylib+0x46c118], sa_mask[0]=11111111011111110111111111111111, sa_flags=SA_RESTART|SA_SIGINFO
SIGXFSZ: [libjvm.dylib+0x46c118], sa_mask[0]=11111111011111110111111111111111, sa_flags=SA_RESTART|SA_SIGINFO
SIGILL: [libjvm.dylib+0x46c118], sa_mask[0]=11111111011111110111111111111111, sa_flags=SA_RESTART|SA_SIGINFO
SIGUSR1: SIG_DFL, sa_mask[0]=00000000000000000000000000000000, sa_flags=none
SIGUSR2: [libjvm.dylib+0x46bc36], sa_mask[0]=00100000000000000000000000000000, sa_flags=SA_RESTART|SA_SIGINFO
SIGHUP: [libjvm.dylib+0x46a209], sa_mask[0]=11111111011111110111111111111111, sa_flags=SA_RESTART|SA_SIGINFO
SIGINT: [libjvm.dylib+0x46a209], sa_mask[0]=11111111011111110111111111111111, sa_flags=SA_RESTART|SA_SIGINFO
SIGTERM: [libjvm.dylib+0x46a209], sa_mask[0]=11111111011111110111111111111111, sa_flags=SA_RESTART|SA_SIGINFO
SIGQUIT: [libjvm.dylib+0x46a209], sa_mask[0]=11111111011111110111111111111111, sa_flags=SA_RESTART|SA_SIGINFO


---------------  S Y S T E M  ---------------

OS:Bsduname:Darwin 14.1.1 Darwin Kernel Version 14.1.1: Thu Feb 26 22:41:49 PST 2015; root:xnu-2782.15.5~1/RELEASE_X86_64 x86_64
rlimit: STACK 8192k, CORE 0k, NPROC 709, NOFILE 10240, AS infinity
load average:3.22 2.87 2.19

CPU:total 4 (2 cores per cpu, 2 threads per core) family 6 model 61 stepping 4, cmov, cx8, fxsr, mmx, sse, sse2, sse3, ssse3, sse4.1, sse4.2, popcnt, avx, avx2, aes, clmul, erms, 3dnowpref, lzcnt, ht, tsc, tscinvbit, bmi1, bmi2, adx

Memory: 4k page, physical 8388608k(3863016k free)

/proc/meminfo:


vm_info: Java HotSpot(TM) 64-Bit Server VM (25.40-b25) for bsd-amd64 JRE (1.8.0_40-b27), built on Mar 13 2015 04:46:52 by "java_re" with gcc 4.2.1 (Based on Apple Inc. build 5658) (LLVM build 2336.11.00)

time: Fri Oct  2 12:27:46 2015
elapsed time: 275 seconds (0d 0h 4m 35s)

