#
# A fatal error has been detected by the Java Runtime Environment:
#
#  SIGSEGV (0xb) at pc=0x0000000122dd15dd, pid=655, tid=1299
#
# JRE version: Java(TM) SE Runtime Environment (8.0_40-b27) (build 1.8.0_40-b27)
# Java VM: Java HotSpot(TM) 64-Bit Server VM (25.40-b25 mixed mode bsd-amd64 compressed oops)
# Problematic frame:
# C  [libglass.dylib+0x155dd]  GlassScreenDidChangeScreenParameters+0x9d
#
# Failed to write core dump. Core dumps have been disabled. To enable core dumping, try "ulimit -c unlimited" before starting Java again
#
# If you would like to submit a bug report, please visit:
#   http://bugreport.java.com/bugreport/crash.jsp
#

---------------  T H R E A D  ---------------

Current thread is native thread

siginfo: si_signo: 11 (SIGSEGV), si_code: 1 (SEGV_MAPERR), si_addr: 0x0000000000000000

Registers:
RAX=0x0000000122e03bc0, RBX=0x0000000000000000, RCX=0xef00e0c3bad8fe45, RDX=0x00007ffe72c60d00
RSP=0x00007fff570cf950, RBP=0x00007fff570cf960, RSI=0x00007ffe72e06ec8, RDI=0x0000000000000000
R8 =0x00007fff570cf800, R9 =0x00007fff71bda300, R10=0x0000000000000000, R11=0x0000000000000246
R12=0x00007ffe72d2abe0, R13=0x00000000000f4269, R14=0x00007ffe72c60c10, R15=0x00007fff570cfaa0
RIP=0x0000000122dd15dd, EFLAGS=0x0000000000010206, ERR=0x0000000000000004
  TRAPNO=0x000000000000000e

Top of Stack: (sp=0x00007fff570cf950)
0x00007fff570cf950:   00007fff570cfb30 00007ffe72c60c10
0x00007fff570cf960:   00007fff570cf970 00007fff88042cbc
0x00007fff570cf970:   00007fff570cfcd0 00007fff87f34384
0x00007fff570cf980:   00007fff570cf9d0 0000000000000a00
0x00007fff570cf990:   00007fff71b35cf0 00007ffe72c9e470
0x00007fff570cf9a0:   0000000000001001 0000000000000900
0x00007fff570cf9b0:   00007ffe72c9e470 00007ffe72c60c10
0x00007fff570cf9c0:   0000000000000000 00007fff570cfaa0
0x00007fff570cf9d0:   0000000000000000 00007ffe72c60b80
0x00007fff570cf9e0:   00007fff570cfb20 0000000000000060
0x00007fff570cf9f0:   00000000000f431f 00007ffe75749a50
0x00007fff570cfa00:   00007ffe72f4bf30 00007ffe72d2abe0
0x00007fff570cfa10:   0000000000000001 00000000000f4269
0x00007fff570cfa20:   00007ffe72d2abd0 00007fff845f3acb
0x00007fff570cfa30:   0000000000000001 0000000000000001
0x00007fff570cfa40:   0000000000000030 0000000000000001
0x00007fff570cfa50:   00007fff570cfa70 00007fff845f9231
0x00007fff570cfa60:   00007fff71b33dd0 0000000000000000
0x00007fff570cfa70:   00007fff570cfa90 000000000000001a
0x00007fff570cfa80:   0006400320000000 00007ffe72d2ac04
0x00007fff570cfa90:   0000000000000000 00007fff87f29e5f
0x00007fff570cfaa0:   00007ffe72c60c10 00007fff71b33dd0
0x00007fff570cfab0:   00007fff570cfb30 00007fff87f3298f
0x00007fff570cfac0:   00007fff570cfb34 0000000000485c01
0x00007fff570cfad0:   0000000108b4ba00 0000000000000002
0x00007fff570cfae0:   0000000108b48000 00007ffe72d5dd42
0x00007fff570cfaf0:   0000000000000003 0000000108b4c400
0x00007fff570cfb00:   00007fff570cfbf0 00007fff845f22a2
0x00007fff570cfb10:   00007ffe72f4bac0 00007fff570cfcd8
0x00007fff570cfb20:   0000000000000017 0000000000000000
0x00007fff570cfb30:   00000000000f4269 00007fff87f2a153
0x00007fff570cfb40:   00007fff00000000 00007ffe72e2e010 

Instructions: (pc=0x0000000122dd15dd)
0x0000000122dd15bd:   89 df 4c 89 f1 41 ff 90 68 04 00 00 48 8d 05 f8
0x0000000122dd15cd:   24 03 00 48 8b 30 48 8d 05 e6 25 03 00 48 8b 10
0x0000000122dd15dd:   48 8b 0b 30 c0 48 89 df ff 91 68 04 00 00 48 8b
0x0000000122dd15ed:   03 48 89 df ff 50 78 48 85 c0 74 36 49 89 c6 48 

Register to memory mapping:

RAX=0x0000000122e03bc0: jScreenNotifySettingsChanged+0 in /Library/Java/JavaVirtualMachines/jdk1.8.0_40.jdk/Contents/Home/jre/lib/libglass.dylib at 0x0000000122dbc000
RBX=0x0000000000000000 is an unknown value
RCX=0xef00e0c3bad8fe45 is an unknown value
RDX=0x00007ffe72c60d00 is an unknown value
RSP=0x00007fff570cf950 is an unknown value
RBP=0x00007fff570cf960 is an unknown value
RSI=0x00007ffe72e06ec8 is a global jni handle
RDI=0x0000000000000000 is an unknown value
R8 =0x00007fff570cf800 is an unknown value
R9 =0x00007fff71bda300: _thread+0 in /usr/lib/system/libsystem_pthread.dylib at 0x00007fff885ae000
R10=0x0000000000000000 is an unknown value
R11=0x0000000000000246 is an unknown value
R12=0x00007ffe72d2abe0 is an unknown value
R13=0x00000000000f4269 is an unknown value
R14=0x00007ffe72c60c10 is an unknown value
R15=0x00007fff570cfaa0 is an unknown value


Stack: [0x00007fff568d3000,0x00007fff570d3000],  sp=0x00007fff570cf950,  free space=8178k
Native frames: (J=compiled Java code, j=interpreted, Vv=VM code, C=native code)
C  [libglass.dylib+0x155dd]  GlassScreenDidChangeScreenParameters+0x9d
C  [CoreFoundation+0x11ecbc]  __CFNOTIFICATIONCENTER_IS_CALLING_OUT_TO_AN_OBSERVER__+0xc
C  [CoreFoundation+0x10384]  _CFXNotificationPost+0xc44
C  [Foundation+0x2aa1]  -[NSNotificationCenter postNotificationName:object:userInfo:]+0x42
C  [AppKit+0x36595e]  -[NSApplication _reactToScreenInvalidationImmediately:]+0x17b
C  [AppKit+0x36579d]  __44-[NSApplication _reactToScreenInvalidation:]_block_invoke+0x4b
C  [CoreFoundation+0x806ac]  __CFRUNLOOP_IS_CALLING_OUT_TO_A_BLOCK__+0xc
C  [CoreFoundation+0x727b5]  __CFRunLoopDoBlocks+0x155
C  [CoreFoundation+0x722f6]  __CFRunLoopRun+0x716
C  [CoreFoundation+0x71998]  CFRunLoopRunSpecific+0x128
C  [java+0x6490]  CreateExecutionEnvironment+0x367
C  [java+0x221c]  JLI_Launch+0x7a0
C  [java+0x84ed]  main+0x65
C  [java+0x1a74]  start+0x34


---------------  P R O C E S S  ---------------

VM state:at safepoint (normal execution)

VM Mutex/Monitor currently owned by a thread:  ([mutex/lock_event])
[0x00007ffe72c03600] Threads_lock - owner thread: 0x00007ffe74013800
[0x00007ffe72c03b00] Heap_lock - owner thread: 0x00007ffe73048800

Heap:
 PSYoungGen      total 38400K, used 27482K [0x0000000795580000, 0x0000000798000000, 0x00000007c0000000)
  eden space 33280K, 67% used [0x0000000795580000,0x0000000796b5e858,0x0000000797600000)
  from space 5120K, 99% used [0x0000000797600000,0x0000000797af8040,0x0000000797b00000)
  to   space 5120K, 0% used [0x0000000797b00000,0x0000000797b00000,0x0000000798000000)
 ParOldGen       total 87552K, used 3284K [0x0000000740000000, 0x0000000745580000, 0x0000000795580000)
  object space 87552K, 3% used [0x0000000740000000,0x0000000740335340,0x0000000745580000)
 Metaspace       used 14882K, capacity 15496K, committed 15616K, reserved 1062912K
  class space    used 1875K, capacity 2007K, committed 2048K, reserved 1048576K

Card table byte_map: [0x0000000119929000,0x0000000119d2a000] byte_map_base: 0x0000000115f29000

Marking Bits: (ParMarkBitMap*) 0x0000000109ec27a0
 Begin Bits: [0x000000011a3e1000, 0x000000011c3e1000)
 End Bits:   [0x000000011c3e1000, 0x000000011e3e1000)

Polling page: 0x0000000108dab000

CodeCache: size=245760Kb used=7619Kb max_used=7655Kb free=238140Kb
 bounds [0x000000010a569000, 0x000000010acf9000, 0x0000000119569000]
 total_blobs=3060 nmethods=2431 adapters=542
 compilation: enabled

Compilation events (10 events):
Event: 103.318 Thread 0x00007ffe73842800 2471       4       java.lang.Class::forName (53 bytes)
Event: 103.319 Thread 0x00007ffe73842800 nmethod 2471 0x000000010acce5d0 code [0x000000010acce720, 0x000000010acce7c8]
Event: 103.799 Thread 0x00007ffe73015000 2472       3       com.sun.javafx.event.EventDispatchChainImpl::insertFirst (42 bytes)
Event: 103.799 Thread 0x00007ffe73015000 nmethod 2472 0x000000010ac9d750 code [0x000000010ac9d8c0, 0x000000010ac9db90]
Event: 103.799 Thread 0x00007ffe7300b800 2473       4       jdk.internal.org.objectweb.asm.ClassWriter::newUTF8 (70 bytes)
Event: 103.823 Thread 0x00007ffe73842800 2474       4       jdk.internal.org.objectweb.asm.Item::<init> (66 bytes)
Event: 103.824 Thread 0x00007ffe73015000 2475       3       java.lang.invoke.MethodType::insertParameterTypes (106 bytes)
Event: 103.824 Thread 0x00007ffe73842800 nmethod 2474 0x000000010acc4bd0 code [0x000000010acc4d20, 0x000000010acc4dd8]
Event: 103.826 Thread 0x00007ffe73015000 nmethod 2475 0x000000010acea290 code [0x000000010acea540, 0x000000010aceb848]
Event: 103.833 Thread 0x00007ffe73015000 2476       3       java.lang.invoke.MethodHandles$Lookup::checkSecurityManager (87 bytes)

GC Heap History (2 events):
Event: 3.576 GC heap before
{Heap before GC invocations=1 (full 0):
 PSYoungGen      total 38400K, used 33280K [0x0000000795580000, 0x0000000798000000, 0x00000007c0000000)
  eden space 33280K, 100% used [0x0000000795580000,0x0000000797600000,0x0000000797600000)
  from space 5120K, 0% used [0x0000000797b00000,0x0000000797b00000,0x0000000798000000)
  to   space 5120K, 0% used [0x0000000797600000,0x0000000797600000,0x0000000797b00000)
 ParOldGen       total 87552K, used 0K [0x0000000740000000, 0x0000000745580000, 0x0000000795580000)
  object space 87552K, 0% used [0x0000000740000000,0x0000000740000000,0x0000000745580000)
 Metaspace       used 14113K, capacity 14648K, committed 14848K, reserved 1062912K
  class space    used 1862K, capacity 1993K, committed 2048K, reserved 1048576K
Event: 3.586 GC heap after
Heap after GC invocations=1 (full 0):
 PSYoungGen      total 38400K, used 5088K [0x0000000795580000, 0x0000000798000000, 0x00000007c0000000)
  eden space 33280K, 0% used [0x0000000795580000,0x0000000795580000,0x0000000797600000)
  from space 5120K, 99% used [0x0000000797600000,0x0000000797af8040,0x0000000797b00000)
  to   space 5120K, 0% used [0x0000000797b00000,0x0000000797b00000,0x0000000798000000)
 ParOldGen       total 87552K, used 3284K [0x0000000740000000, 0x0000000745580000, 0x0000000795580000)
  object space 87552K, 3% used [0x0000000740000000,0x0000000740335340,0x0000000745580000)
 Metaspace       used 14113K, capacity 14648K, committed 14848K, reserved 1062912K
  class space    used 1862K, capacity 1993K, committed 2048K, reserved 1048576K
}

Deoptimization events (10 events):
Event: 102.670 Thread 0x00007ffe748be800 Uncommon trap: reason=unstable_if action=reinterpret pc=0x000000010ac95728 method=com.sun.scenario.animation.AbstractMasterTimer.timePulseImpl(J)V @ 50
Event: 103.821 Thread 0x00007ffe748be800 Uncommon trap: reason=null_check action=make_not_entrant pc=0x000000010acc1170 method=com.sun.javafx.tk.quantum.GlassScene.getClearColor()Lcom/sun/prism/paint/Color; @ 4
Event: 103.823 Thread 0x00007ffe7312d800 Uncommon trap: reason=class_check action=maybe_recompile pc=0x000000010accc824 method=java.util.concurrent.ThreadPoolExecutor.getTask()Ljava/lang/Runnable; @ 154
Event: 103.828 Thread 0x00007ffe748be800 Uncommon trap: reason=unstable_if action=reinterpret pc=0x000000010acb8f50 method=java.util.concurrent.locks.AbstractQueuedSynchronizer.doReleaseShared()V @ 6
Event: 103.829 Thread 0x00007ffe748e1000 Uncommon trap: reason=unstable_if action=reinterpret pc=0x000000010aca6ab4 method=java.util.concurrent.CountDownLatch$Sync.tryAcquireShared(I)I @ 4
Event: 103.829 Thread 0x00007ffe748be800 Uncommon trap: reason=unstable_if action=reinterpret pc=0x000000010acc35ac method=java.util.concurrent.CountDownLatch$Sync.tryReleaseShared(I)Z @ 6
Event: 103.833 Thread 0x00007ffe748be800 Uncommon trap: reason=unstable_if action=reinterpret pc=0x000000010ac0f670 method=java.util.concurrent.locks.ReentrantLock$NonfairSync.lock()V @ 6
Event: 103.833 Thread 0x00007ffe748be800 Uncommon trap: reason=unstable_if action=reinterpret pc=0x000000010ac59038 method=java.util.concurrent.locks.ReentrantLock$Sync.nonfairTryAcquire(I)Z @ 10
Event: 103.833 Thread 0x00007ffe748be800 Uncommon trap: reason=unstable_if action=reinterpret pc=0x000000010abae664 method=java.util.concurrent.locks.ReentrantLock$Sync.tryRelease(I)Z @ 28
Event: 103.833 Thread 0x00007ffe7312d800 Uncommon trap: reason=unstable_if action=reinterpret pc=0x000000010accc7d0 method=java.util.concurrent.locks.AbstractQueuedSynchronizer$ConditionObject.checkInterruptWhileWaiting(Ljava/util/concurrent/locks/AbstractQueuedSynchronizer$Node;)I @ 3

Internal exceptions (10 events):
Event: 0.306 Thread 0x00007ffe748e1000 Exception <a 'java/security/PrivilegedActionException'> (0x0000000795ace7b0) thrown at [/Users/java_re/workspace/8-2-build-macosx-x86_64/jdk8u40/3153/hotspot/src/share/vm/prims/jvm.cpp, line 1382]
Event: 0.307 Thread 0x00007ffe748e1000 Exception <a 'java/security/PrivilegedActionException'> (0x0000000795ad19a0) thrown at [/Users/java_re/workspace/8-2-build-macosx-x86_64/jdk8u40/3153/hotspot/src/share/vm/prims/jvm.cpp, line 1382]
Event: 0.307 Thread 0x00007ffe748e1000 Exception <a 'java/security/PrivilegedActionException'> (0x0000000795ad1b58) thrown at [/Users/java_re/workspace/8-2-build-macosx-x86_64/jdk8u40/3153/hotspot/src/share/vm/prims/jvm.cpp, line 1382]
Event: 0.307 Thread 0x00007ffe748e1000 Exception <a 'java/lang/NullPointerException'> (0x0000000795ad3478) thrown at [/Users/java_re/workspace/8-2-build-macosx-x86_64/jdk8u40/3153/hotspot/src/share/vm/interpreter/linkResolver.cpp, line 1178]
Event: 0.820 Thread 0x00007ffe748be800 Exception <a 'java/lang/NullPointerException'> (0x000000079644e9f0) thrown at [/Users/java_re/workspace/8-2-build-macosx-x86_64/jdk8u40/3153/hotspot/src/share/vm/interpreter/linkResolver.cpp, line 1178]
Event: 0.820 Thread 0x00007ffe748be800 Exception <a 'java/lang/NullPointerException'> (0x000000079644e9f0) thrown at [/Users/java_re/workspace/8-2-build-macosx-x86_64/jdk8u40/3153/hotspot/src/share/vm/prims/jvm.cpp, line 1386]
Event: 0.925 Thread 0x00007ffe748be800 Exception <a 'java/lang/ArrayIndexOutOfBoundsException'> (0x000000079666c670) thrown at [/Users/java_re/workspace/8-2-build-macosx-x86_64/jdk8u40/3153/hotspot/src/share/vm/runtime/sharedRuntime.cpp, line 605]
Event: 0.926 Thread 0x00007ffe748be800 Exception <a 'java/lang/ArrayIndexOutOfBoundsException'> (0x000000079666d130) thrown at [/Users/java_re/workspace/8-2-build-macosx-x86_64/jdk8u40/3153/hotspot/src/share/vm/runtime/sharedRuntime.cpp, line 605]
Event: 0.926 Thread 0x00007ffe748be800 Exception <a 'java/lang/ArrayIndexOutOfBoundsException'> (0x000000079666e428) thrown at [/Users/java_re/workspace/8-2-build-macosx-x86_64/jdk8u40/3153/hotspot/src/share/vm/runtime/sharedRuntime.cpp, line 605]
Event: 103.820 Thread 0x00007ffe748be800 Implicit null exception at 0x000000010acc0c53 to 0x000000010acc115d

Events (10 events):
Event: 103.833 Thread 0x00007ffe7380b800 Thread exited: 0x00007ffe7380b800
Event: 103.834 Thread 0x00007ffe73048800 Thread added: 0x00007ffe73048800
Event: 103.834 Thread 0x00007ffe748be800 Thread exited: 0x00007ffe748be800
Event: 103.834 loading class java/util/IdentityHashMap$KeySet
Event: 103.834 loading class java/util/IdentityHashMap$KeySet done
Event: 103.834 loading class java/util/IdentityHashMap$KeyIterator
Event: 103.834 loading class java/util/IdentityHashMap$IdentityHashMapIterator
Event: 103.834 loading class java/util/IdentityHashMap$IdentityHashMapIterator done
Event: 103.834 loading class java/util/IdentityHashMap$KeyIterator done
Event: 103.834 Thread 0x00007ffe73048800 Thread exited: 0x00007ffe73048800


Dynamic libraries:
0x0000000000ba7000 	/System/Library/Frameworks/Cocoa.framework/Versions/A/Cocoa
0x0000000000ba7000 	/System/Library/Frameworks/Security.framework/Versions/A/Security
0x0000000000ba7000 	/System/Library/Frameworks/ApplicationServices.framework/Versions/A/ApplicationServices
0x0000000000ba7000 	/usr/lib/libz.1.dylib
0x0000000000ba7000 	/usr/lib/libSystem.B.dylib
0x0000000000ba7000 	/usr/lib/libobjc.A.dylib
0x0000000000ba7000 	/System/Library/Frameworks/CoreFoundation.framework/Versions/A/CoreFoundation
0x0000000000ba7000 	/System/Library/Frameworks/Foundation.framework/Versions/C/Foundation
0x0000000000ba7000 	/System/Library/Frameworks/AppKit.framework/Versions/C/AppKit
0x0000000000ba7000 	/System/Library/Frameworks/CoreData.framework/Versions/A/CoreData
0x0000000000ba7000 	/System/Library/PrivateFrameworks/RemoteViewServices.framework/Versions/A/RemoteViewServices
0x0000000000ba7000 	/System/Library/PrivateFrameworks/UIFoundation.framework/Versions/A/UIFoundation
0x0000000000ba7000 	/System/Library/Frameworks/IOSurface.framework/Versions/A/IOSurface
0x0000000000ba7000 	/System/Library/Frameworks/AudioToolbox.framework/Versions/A/AudioToolbox
0x0000000000ba7000 	/System/Library/Frameworks/AudioUnit.framework/Versions/A/AudioUnit
0x0000000000ba7000 	/System/Library/PrivateFrameworks/DataDetectorsCore.framework/Versions/A/DataDetectorsCore
0x0000000000ba7000 	/System/Library/PrivateFrameworks/DesktopServicesPriv.framework/Versions/A/DesktopServicesPriv
0x0000000000ba7000 	/System/Library/Frameworks/Carbon.framework/Versions/A/Frameworks/HIToolbox.framework/Versions/A/HIToolbox
0x0000000000ba7000 	/System/Library/Frameworks/QuartzCore.framework/Versions/A/QuartzCore
0x0000000000ba7000 	/System/Library/Frameworks/Carbon.framework/Versions/A/Frameworks/SpeechRecognition.framework/Versions/A/SpeechRecognition
0x0000000000ba7000 	/usr/lib/libauto.dylib
0x0000000000ba7000 	/usr/lib/libicucore.A.dylib
0x0000000000ba7000 	/usr/lib/libxml2.2.dylib
0x0000000000ba7000 	/System/Library/PrivateFrameworks/CoreUI.framework/Versions/A/CoreUI
0x0000000000ba7000 	/System/Library/Frameworks/CoreAudio.framework/Versions/A/CoreAudio
0x0000000000ba7000 	/System/Library/Frameworks/DiskArbitration.framework/Versions/A/DiskArbitration
0x0000000000ba7000 	/usr/lib/liblangid.dylib
0x0000000000ba7000 	/System/Library/PrivateFrameworks/MultitouchSupport.framework/Versions/A/MultitouchSupport
0x0000000000ba7000 	/System/Library/Frameworks/IOKit.framework/Versions/A/IOKit
0x0000000000ba7000 	/usr/lib/libDiagnosticMessagesClient.dylib
0x0000000000ba7000 	/System/Library/Frameworks/CoreServices.framework/Versions/A/CoreServices
0x0000000000ba7000 	/System/Library/PrivateFrameworks/PerformanceAnalysis.framework/Versions/A/PerformanceAnalysis
0x0000000000ba7000 	/System/Library/PrivateFrameworks/GenerationalStorage.framework/Versions/A/GenerationalStorage
0x0000000000ba7000 	/System/Library/Frameworks/OpenGL.framework/Versions/A/OpenGL
0x0000000000ba7000 	/System/Library/PrivateFrameworks/Sharing.framework/Versions/A/Sharing
0x0000000000ba7000 	/System/Library/Frameworks/CoreGraphics.framework/Versions/A/CoreGraphics
0x0000000000ba7000 	/System/Library/Frameworks/CoreText.framework/Versions/A/CoreText
0x0000000000ba7000 	/System/Library/Frameworks/ImageIO.framework/Versions/A/ImageIO
0x0000000000ba7000 	/usr/lib/libextension.dylib
0x0000000000ba7000 	/System/Library/PrivateFrameworks/Backup.framework/Versions/A/Backup
0x0000000000ba7000 	/usr/lib/libarchive.2.dylib
0x0000000000ba7000 	/System/Library/Frameworks/CFNetwork.framework/Versions/A/CFNetwork
0x0000000000ba7000 	/System/Library/Frameworks/SystemConfiguration.framework/Versions/A/SystemConfiguration
0x0000000000ba7000 	/usr/lib/libCRFSuite.dylib
0x0000000000ba7000 	/usr/lib/libc++.1.dylib
0x0000000000ba7000 	/usr/lib/libc++abi.dylib
0x0000000000ba7000 	/usr/lib/system/libcache.dylib
0x0000000000ba7000 	/usr/lib/system/libcommonCrypto.dylib
0x0000000000ba7000 	/usr/lib/system/libcompiler_rt.dylib
0x0000000000ba7000 	/usr/lib/system/libcopyfile.dylib
0x0000000000ba7000 	/usr/lib/system/libcorecrypto.dylib
0x0000000000ba7000 	/usr/lib/system/libdispatch.dylib
0x0000000000ba7000 	/usr/lib/system/libdyld.dylib
0x0000000000ba7000 	/usr/lib/system/libkeymgr.dylib
0x0000000000ba7000 	/usr/lib/system/liblaunch.dylib
0x0000000000ba7000 	/usr/lib/system/libmacho.dylib
0x0000000000ba7000 	/usr/lib/system/libquarantine.dylib
0x0000000000ba7000 	/usr/lib/system/libremovefile.dylib
0x0000000000ba7000 	/usr/lib/system/libsystem_asl.dylib
0x0000000000ba7000 	/usr/lib/system/libsystem_blocks.dylib
0x0000000000ba7000 	/usr/lib/system/libsystem_c.dylib
0x0000000000ba7000 	/usr/lib/system/libsystem_configuration.dylib
0x0000000000ba7000 	/usr/lib/system/libsystem_coreservices.dylib
0x0000000000ba7000 	/usr/lib/system/libsystem_coretls.dylib
0x0000000000ba7000 	/usr/lib/system/libsystem_dnssd.dylib
0x0000000000ba7000 	/usr/lib/system/libsystem_info.dylib
0x0000000000ba7000 	/usr/lib/system/libsystem_kernel.dylib
0x0000000000ba7000 	/usr/lib/system/libsystem_m.dylib
0x0000000000ba7000 	/usr/lib/system/libsystem_malloc.dylib
0x0000000000ba7000 	/usr/lib/system/libsystem_network.dylib
0x0000000000ba7000 	/usr/lib/system/libsystem_networkextension.dylib
0x0000000000ba7000 	/usr/lib/system/libsystem_notify.dylib
0x0000000000ba7000 	/usr/lib/system/libsystem_platform.dylib
0x0000000000ba7000 	/usr/lib/system/libsystem_pthread.dylib
0x0000000000ba7000 	/usr/lib/system/libsystem_sandbox.dylib
0x0000000000ba7000 	/usr/lib/system/libsystem_secinit.dylib
0x0000000000ba7000 	/usr/lib/system/libsystem_stats.dylib
0x0000000000ba7000 	/usr/lib/system/libsystem_trace.dylib
0x0000000000ba7000 	/usr/lib/system/libunc.dylib
0x0000000000ba7000 	/usr/lib/system/libunwind.dylib
0x0000000000ba7000 	/usr/lib/system/libxpc.dylib
0x0000000000ba7000 	/usr/lib/libbz2.1.0.dylib
0x0000000000ba7000 	/usr/lib/liblzma.5.dylib
0x0000000000ba7000 	/usr/lib/libbsm.0.dylib
0x0000000000ba7000 	/usr/lib/libsqlite3.dylib
0x0000000000ba7000 	/usr/lib/system/libkxld.dylib
0x0000000000ba7000 	/usr/lib/libxar.1.dylib
0x0000000000ba7000 	/usr/lib/libpam.2.dylib
0x0000000000ba7000 	/usr/lib/libOpenScriptingUtil.dylib
0x0000000000ba7000 	/System/Library/Frameworks/CoreServices.framework/Versions/A/Frameworks/FSEvents.framework/Versions/A/FSEvents
0x0000000000ba7000 	/System/Library/Frameworks/CoreServices.framework/Versions/A/Frameworks/CarbonCore.framework/Versions/A/CarbonCore
0x0000000000ba7000 	/System/Library/Frameworks/CoreServices.framework/Versions/A/Frameworks/Metadata.framework/Versions/A/Metadata
0x0000000000ba7000 	/System/Library/Frameworks/CoreServices.framework/Versions/A/Frameworks/OSServices.framework/Versions/A/OSServices
0x0000000000ba7000 	/System/Library/Frameworks/CoreServices.framework/Versions/A/Frameworks/SearchKit.framework/Versions/A/SearchKit
0x0000000000ba7000 	/System/Library/Frameworks/CoreServices.framework/Versions/A/Frameworks/AE.framework/Versions/A/AE
0x0000000000ba7000 	/System/Library/Frameworks/CoreServices.framework/Versions/A/Frameworks/LaunchServices.framework/Versions/A/LaunchServices
0x0000000000ba7000 	/System/Library/Frameworks/CoreServices.framework/Versions/A/Frameworks/DictionaryServices.framework/Versions/A/DictionaryServices
0x0000000000ba7000 	/System/Library/Frameworks/NetFS.framework/Versions/A/NetFS
0x0000000000ba7000 	/System/Library/PrivateFrameworks/NetAuth.framework/Versions/A/NetAuth
0x0000000000ba7000 	/System/Library/PrivateFrameworks/login.framework/Versions/A/Frameworks/loginsupport.framework/Versions/A/loginsupport
0x0000000000ba7000 	/System/Library/PrivateFrameworks/TCC.framework/Versions/A/TCC
0x0000000000ba7000 	/usr/lib/libmecabra.dylib
0x0000000000ba7000 	/System/Library/Frameworks/ApplicationServices.framework/Versions/A/Frameworks/ATS.framework/Versions/A/ATS
0x0000000000ba7000 	/System/Library/Frameworks/ApplicationServices.framework/Versions/A/Frameworks/ColorSync.framework/Versions/A/ColorSync
0x0000000000ba7000 	/System/Library/Frameworks/ApplicationServices.framework/Versions/A/Frameworks/HIServices.framework/Versions/A/HIServices
0x0000000000ba7000 	/System/Library/Frameworks/ApplicationServices.framework/Versions/A/Frameworks/LangAnalysis.framework/Versions/A/LangAnalysis
0x0000000000ba7000 	/System/Library/Frameworks/ApplicationServices.framework/Versions/A/Frameworks/PrintCore.framework/Versions/A/PrintCore
0x0000000000ba7000 	/System/Library/Frameworks/ApplicationServices.framework/Versions/A/Frameworks/QD.framework/Versions/A/QD
0x0000000000ba7000 	/System/Library/Frameworks/ApplicationServices.framework/Versions/A/Frameworks/SpeechSynthesis.framework/Versions/A/SpeechSynthesis
0x0000000000ba7000 	/System/Library/Frameworks/Accelerate.framework/Versions/A/Accelerate
0x0000000000ba7000 	/System/Library/Frameworks/Accelerate.framework/Versions/A/Frameworks/vImage.framework/Versions/A/vImage
0x0000000000ba7000 	/System/Library/Frameworks/Accelerate.framework/Versions/A/Frameworks/vecLib.framework/Versions/A/vecLib
0x0000000000ba7000 	/System/Library/Frameworks/Accelerate.framework/Versions/A/Frameworks/vecLib.framework/Versions/A/libvDSP.dylib
0x0000000000ba7000 	/System/Library/Frameworks/Accelerate.framework/Versions/A/Frameworks/vecLib.framework/Versions/A/libvMisc.dylib
0x0000000000ba7000 	/System/Library/Frameworks/Accelerate.framework/Versions/A/Frameworks/vecLib.framework/Versions/A/libLAPACK.dylib
0x0000000000ba7000 	/System/Library/Frameworks/Accelerate.framework/Versions/A/Frameworks/vecLib.framework/Versions/A/libBLAS.dylib
0x0000000000ba7000 	/System/Library/Frameworks/Accelerate.framework/Versions/A/Frameworks/vecLib.framework/Versions/A/libLinearAlgebra.dylib
0x0000000000ba7000 	/System/Library/Frameworks/ApplicationServices.framework/Versions/A/Frameworks/ATS.framework/Versions/A/Resources/libFontParser.dylib
0x0000000000ba7000 	/System/Library/Frameworks/ApplicationServices.framework/Versions/A/Frameworks/ATS.framework/Versions/A/Resources/libFontRegistry.dylib
0x0000000000ba7000 	/System/Library/PrivateFrameworks/AppleVPA.framework/Versions/A/AppleVPA
0x0000000000ba7000 	/System/Library/PrivateFrameworks/AppleJPEG.framework/Versions/A/AppleJPEG
0x0000000000ba7000 	/System/Library/Frameworks/ImageIO.framework/Versions/A/Resources/libJPEG.dylib
0x0000000000ba7000 	/System/Library/Frameworks/ImageIO.framework/Versions/A/Resources/libTIFF.dylib
0x0000000000ba7000 	/System/Library/Frameworks/ImageIO.framework/Versions/A/Resources/libPng.dylib
0x0000000000ba7000 	/System/Library/Frameworks/ImageIO.framework/Versions/A/Resources/libGIF.dylib
0x0000000000ba7000 	/System/Library/Frameworks/ImageIO.framework/Versions/A/Resources/libJP2.dylib
0x0000000000ba7000 	/System/Library/Frameworks/ImageIO.framework/Versions/A/Resources/libRadiance.dylib
0x0000000000ba7000 	/System/Library/Frameworks/CoreVideo.framework/Versions/A/CoreVideo
0x0000000000ba7000 	/System/Library/Frameworks/OpenGL.framework/Versions/A/Libraries/libGLU.dylib
0x0000000000ba7000 	/System/Library/Frameworks/OpenGL.framework/Versions/A/Libraries/libGFXShared.dylib
0x0000000000ba7000 	/System/Library/Frameworks/OpenGL.framework/Versions/A/Libraries/libGL.dylib
0x0000000000ba7000 	/System/Library/Frameworks/OpenGL.framework/Versions/A/Libraries/libGLImage.dylib
0x0000000000ba7000 	/System/Library/Frameworks/OpenGL.framework/Versions/A/Libraries/libCVMSPluginSupport.dylib
0x0000000000ba7000 	/System/Library/Frameworks/OpenGL.framework/Versions/A/Libraries/libCoreVMClient.dylib
0x0000000000ba7000 	/usr/lib/libcups.2.dylib
0x0000000000ba7000 	/System/Library/Frameworks/Kerberos.framework/Versions/A/Kerberos
0x0000000000ba7000 	/System/Library/Frameworks/GSS.framework/Versions/A/GSS
0x0000000000ba7000 	/usr/lib/libresolv.9.dylib
0x0000000000ba7000 	/usr/lib/libiconv.2.dylib
0x0000000000ba7000 	/System/Library/PrivateFrameworks/Heimdal.framework/Versions/A/Heimdal
0x0000000000ba7000 	/usr/lib/libheimdal-asn1.dylib
0x0000000000ba7000 	/System/Library/Frameworks/OpenDirectory.framework/Versions/A/OpenDirectory
0x0000000000ba7000 	/System/Library/PrivateFrameworks/CommonAuth.framework/Versions/A/CommonAuth
0x0000000000ba7000 	/System/Library/Frameworks/OpenDirectory.framework/Versions/A/Frameworks/CFOpenDirectory.framework/Versions/A/CFOpenDirectory
0x0000000000ba7000 	/System/Library/Frameworks/SecurityFoundation.framework/Versions/A/SecurityFoundation
0x0000000000ba7000 	/System/Library/PrivateFrameworks/LanguageModeling.framework/Versions/A/LanguageModeling
0x0000000000ba7000 	/usr/lib/libcmph.dylib
0x0000000000ba7000 	/System/Library/Frameworks/ServiceManagement.framework/Versions/A/ServiceManagement
0x0000000000ba7000 	/usr/lib/libxslt.1.dylib
0x0000000000ba7000 	/System/Library/Frameworks/Carbon.framework/Versions/A/Frameworks/Ink.framework/Versions/A/Ink
0x0000000000ba7000 	/System/Library/Frameworks/QuartzCore.framework/Versions/A/Frameworks/CoreImage.framework/Versions/A/CoreImage
0x0000000000ba7000 	/System/Library/PrivateFrameworks/CrashReporterSupport.framework/Versions/A/CrashReporterSupport
0x0000000000ba7000 	/System/Library/Frameworks/OpenCL.framework/Versions/A/OpenCL
0x0000000000ba7000 	/System/Library/PrivateFrameworks/FaceCore.framework/Versions/A/FaceCore
0x0000000000ba7000 	/System/Library/PrivateFrameworks/Ubiquity.framework/Versions/A/Ubiquity
0x0000000000ba7000 	/System/Library/PrivateFrameworks/IconServices.framework/Versions/A/IconServices
0x0000000000ba7000 	/System/Library/PrivateFrameworks/ChunkingLibrary.framework/Versions/A/ChunkingLibrary
0x0000000000ba7000 	/System/Library/PrivateFrameworks/Apple80211.framework/Versions/A/Apple80211
0x0000000000ba7000 	/System/Library/Frameworks/CoreWLAN.framework/Versions/A/CoreWLAN
0x0000000000ba7000 	/System/Library/Frameworks/IOBluetooth.framework/Versions/A/IOBluetooth
0x0000000000ba7000 	/System/Library/PrivateFrameworks/CoreWiFi.framework/Versions/A/CoreWiFi
0x0000000000ba7000 	/System/Library/Frameworks/CoreBluetooth.framework/Versions/A/CoreBluetooth
0x0000000000ba7000 	/System/Library/PrivateFrameworks/DebugSymbols.framework/Versions/A/DebugSymbols
0x0000000000ba7000 	/System/Library/PrivateFrameworks/CoreSymbolication.framework/Versions/A/CoreSymbolication
0x0000000000ba7000 	/System/Library/PrivateFrameworks/Symbolication.framework/Versions/A/Symbolication
0x0000000000ba7000 	/System/Library/PrivateFrameworks/SpeechRecognitionCore.framework/Versions/A/SpeechRecognitionCore
0x000000004e279000 	/System/Library/CoreServices/Encodings/libJapaneseConverter.dylib
0x0000000109600000 	/Library/Java/JavaVirtualMachines/jdk1.8.0_40.jdk/Contents/Home/jre/lib/server/libjvm.dylib
0x0000000000ba7000 	/usr/lib/libstdc++.6.dylib
0x0000000108d68000 	/Library/Java/JavaVirtualMachines/jdk1.8.0_40.jdk/Contents/Home/jre/lib/libverify.dylib
0x0000000108d76000 	/Library/Java/JavaVirtualMachines/jdk1.8.0_40.jdk/Contents/Home/jre/lib/libjava.dylib
0x0000000108db5000 	/Library/Java/JavaVirtualMachines/jdk1.8.0_40.jdk/Contents/Home/jre/lib/libzip.dylib
0x0000000108de7000 	/System/Library/Frameworks/JavaVM.framework/Frameworks/JavaRuntimeSupport.framework/JavaRuntimeSupport
0x00000001205b8000 	/System/Library/Frameworks/JavaVM.framework/Versions/A/Frameworks/JavaNativeFoundation.framework/Versions/A/JavaNativeFoundation
0x00000001205cd000 	/System/Library/Frameworks/JavaVM.framework/Versions/A/JavaVM
0x0000000000ba7000 	/System/Library/Frameworks/Carbon.framework/Versions/A/Carbon
0x00000001205da000 	/System/Library/PrivateFrameworks/JavaLaunching.framework/Versions/A/JavaLaunching
0x0000000000ba7000 	/System/Library/Frameworks/Carbon.framework/Versions/A/Frameworks/CommonPanels.framework/Versions/A/CommonPanels
0x0000000000ba7000 	/System/Library/Frameworks/Carbon.framework/Versions/A/Frameworks/Help.framework/Versions/A/Help
0x0000000000ba7000 	/System/Library/Frameworks/Carbon.framework/Versions/A/Frameworks/ImageCapture.framework/Versions/A/ImageCapture
0x0000000000ba7000 	/System/Library/Frameworks/Carbon.framework/Versions/A/Frameworks/OpenScripting.framework/Versions/A/OpenScripting
0x0000000000ba7000 	/System/Library/Frameworks/Carbon.framework/Versions/A/Frameworks/Print.framework/Versions/A/Print
0x0000000000ba7000 	/System/Library/Frameworks/Carbon.framework/Versions/A/Frameworks/SecurityHI.framework/Versions/A/SecurityHI
0x00000001224cd000 	/Applications/IntelliJ IDEA 14 CE.app/Contents/bin/libbreakgen64.jnilib
0x0000000122669000 	/Library/Java/JavaVirtualMachines/jdk1.8.0_40.jdk/Contents/Home/jre/lib/libnet.dylib
0x00000001228ce000 	/Library/Java/JavaVirtualMachines/jdk1.8.0_40.jdk/Contents/Home/jre/lib/libprism_es2.dylib
0x0000000000ba7000 	/System/Library/Frameworks/OpenGL.framework/Versions/A/Resources/GLEngine.bundle/GLEngine
0x0000000000ba7000 	/System/Library/Frameworks/OpenGL.framework/Versions/A/Libraries/libGLProgrammability.dylib
0x0000000000000000 	/System/Library/Extensions/AppleIntelBDWGraphicsGLDriver.bundle/Contents/MacOS/AppleIntelBDWGraphicsGLDriver
0x0000000000ba7000 	/System/Library/PrivateFrameworks/IOAccelerator.framework/Versions/A/IOAccelerator
0x0000000000ba7000 	/System/Library/PrivateFrameworks/GPUSupport.framework/Versions/A/Libraries/libGPUSupportMercury.dylib
0x0000000000ba7000 	/System/Library/Frameworks/OpenGL.framework/Versions/A/Libraries//libLLVMContainer.dylib
0x0000000000ba7000 	/System/Library/Frameworks/OpenGL.framework/Versions/A/Resources/GLRendererFloat.bundle/GLRendererFloat
0x0000000000ba7000 	/System/Library/Frameworks/OpenCL.framework/Versions/A/Libraries/libcldcpuengine.dylib
0x0000000000ba7000 	/System/Library/PrivateFrameworks/DiskImages.framework/Versions/A/DiskImages
0x0000000000ba7000 	/System/Library/Frameworks/DiscRecording.framework/Versions/A/DiscRecording
0x0000000000ba7000 	/usr/lib/libcsfde.dylib
0x0000000000ba7000 	/usr/lib/libcurl.4.dylib
0x0000000000ba7000 	/System/Library/PrivateFrameworks/MediaKit.framework/Versions/A/MediaKit
0x0000000000ba7000 	/System/Library/PrivateFrameworks/ProtectedCloudStorage.framework/Versions/A/ProtectedCloudStorage
0x0000000000ba7000 	/usr/lib/libCoreStorage.dylib
0x0000000000ba7000 	/System/Library/PrivateFrameworks/EFILogin.framework/Versions/A/EFILogin
0x0000000000ba7000 	/usr/lib/libutil.dylib
0x0000000000ba7000 	/System/Library/PrivateFrameworks/FindMyDevice.framework/Versions/A/FindMyDevice
0x0000000000ba7000 	/System/Library/Frameworks/LDAP.framework/Versions/A/LDAP
0x0000000000ba7000 	/usr/lib/libsasl2.2.dylib
0x0000000000ba7000 	/System/Library/PrivateFrameworks/CoreDaemon.framework/Versions/B/CoreDaemon
0x0000000000ba7000 	/usr/lib/libcrypto.0.9.8.dylib
0x0000000000ba7000 	/System/Library/PrivateFrameworks/AppleSRP.framework/Versions/A/AppleSRP
0x0000000000ba7000 	/System/Library/PrivateFrameworks/TrustEvaluationAgent.framework/Versions/A/TrustEvaluationAgent
0x0000000122dbc000 	/Library/Java/JavaVirtualMachines/jdk1.8.0_40.jdk/Contents/Home/jre/lib/libglass.dylib
0x0000000000ba7000 	/System/Library/PrivateFrameworks/CoreServicesInternal.framework/Versions/A/CoreServicesInternal
0x0000000000ba7000 	/System/Library/PrivateFrameworks/CloudDocs.framework/Versions/A/CloudDocs
0x0000000000ba7000 	/System/Library/PrivateFrameworks/CoreDuet.framework/Versions/A/CoreDuet
0x0000000000ba7000 	/System/Library/Frameworks/CloudKit.framework/Versions/A/CloudKit
0x0000000000ba7000 	/System/Library/PrivateFrameworks/ProtocolBuffer.framework/Versions/A/ProtocolBuffer
0x0000000000ba7000 	/System/Library/PrivateFrameworks/CoreDuetDaemonProtocol.framework/Versions/A/CoreDuetDaemonProtocol
0x0000000000ba7000 	/System/Library/PrivateFrameworks/CoreDuetDebugLogging.framework/Versions/A/CoreDuetDebugLogging
0x0000000000ba7000 	/System/Library/Frameworks/CoreLocation.framework/Versions/A/CoreLocation
0x0000000000ba7000 	/System/Library/Frameworks/Accounts.framework/Versions/A/Accounts
0x0000000000ba7000 	/System/Library/PrivateFrameworks/ApplePushService.framework/Versions/A/ApplePushService
0x0000000000ba7000 	/System/Library/PrivateFrameworks/GeoServices.framework/Versions/A/GeoServices
0x0000000000ba7000 	/System/Library/PrivateFrameworks/OAuth.framework/Versions/A/OAuth
0x0000000000ba7000 	/System/Library/Frameworks/CoreGraphics.framework/Versions/A/Resources/libCGCMS.A.dylib
0x0000000000ba7000 	/System/Library/CoreServices/RawCamera.bundle/Contents/MacOS/RawCamera
0x0000000000ba7000 	/System/Library/Frameworks/CoreGraphics.framework/Versions/A/Resources/libRIP.A.dylib
0x0000000000ba7000 	/System/Library/PrivateFrameworks/FamilyControls.framework/Versions/A/FamilyControls
0x0000000000ba7000 	/System/Library/PrivateFrameworks/CommerceKit.framework/Versions/A/Frameworks/CommerceCore.framework/Versions/A/CommerceCore
0x0000000000ba7000 	/System/Library/PrivateFrameworks/SystemAdministration.framework/Versions/A/SystemAdministration
0x0000000000ba7000 	/System/Library/PrivateFrameworks/AppContainer.framework/Versions/A/AppContainer
0x0000000000ba7000 	/System/Library/PrivateFrameworks/SecCodeWrapper.framework/Versions/A/SecCodeWrapper
0x0000000000ba7000 	/System/Library/Frameworks/DirectoryService.framework/Versions/A/DirectoryService
0x0000000000ba7000 	/System/Library/PrivateFrameworks/LoginUIKit.framework/Versions/A/Frameworks/LoginUICore.framework/Versions/A/LoginUICore
0x0000000000ba7000 	/usr/lib/libodfde.dylib
0x00000001267f2000 	/Library/Java/JavaVirtualMachines/jdk1.8.0_40.jdk/Contents/Home/jre/lib/libjavafx_font.dylib
0x0000000000ba7000 	/System/Library/Frameworks/CoreGraphics.framework/Versions/A/Resources/libCGXType.A.dylib
0x00000001285b5000 	cl_kernels
0x0000000128754000 	/System/Library/Frameworks/OpenCL.framework/Versions/A/Libraries/ImageFormats/unorm8_bgra.dylib
0x00000001285b9000 	cl_kernels
0x00000001285a4000 	/Library/Java/JavaVirtualMachines/jdk1.8.0_40.jdk/Contents/Home/jre/lib/libprism_common.dylib

VM Arguments:
jvm_args: -Didea.launcher.port=7534 -Didea.launcher.bin.path=/Applications/IntelliJ IDEA 14 CE.app/Contents/bin -Dfile.encoding=UTF-8 
java_command: com.intellij.rt.execution.application.AppMain sample.Main
java_class_path (initial): /Library/Java/JavaVirtualMachines/jdk1.8.0_40.jdk/Contents/Home/lib/ant-javafx.jar:/Library/Java/JavaVirtualMachines/jdk1.8.0_40.jdk/Contents/Home/lib/dt.jar:/Library/Java/JavaVirtualMachines/jdk1.8.0_40.jdk/Contents/Home/lib/javafx-mx.jar:/Library/Java/JavaVirtualMachines/jdk1.8.0_40.jdk/Contents/Home/lib/jconsole.jar:/Library/Java/JavaVirtualMachines/jdk1.8.0_40.jdk/Contents/Home/lib/packager.jar:/Library/Java/JavaVirtualMachines/jdk1.8.0_40.jdk/Contents/Home/lib/sa-jdi.jar:/Library/Java/JavaVirtualMachines/jdk1.8.0_40.jdk/Contents/Home/lib/tools.jar:/Library/Java/JavaVirtualMachines/jdk1.8.0_40.jdk/Contents/Home/jre/lib/charsets.jar:/Library/Java/JavaVirtualMachines/jdk1.8.0_40.jdk/Contents/Home/jre/lib/deploy.jar:/Library/Java/JavaVirtualMachines/jdk1.8.0_40.jdk/Contents/Home/jre/lib/javaws.jar:/Library/Java/JavaVirtualMachines/jdk1.8.0_40.jdk/Contents/Home/jre/lib/jce.jar:/Library/Java/JavaVirtualMachines/jdk1.8.0_40.jdk/Contents/Home/jre/lib/jfr.jar:/Library/Java/JavaVirtualMachines/jdk1.8.0_40.jdk/Contents/Home/jre/lib/jfxswt.jar:/Library/Java/JavaVirtualMachines/jdk1.8.0_40.jdk/Contents/Home/jre/lib/jsse.jar:/Library/Java/JavaVirtualMachines/jdk1.8.0_40.jdk/Contents/Home/jre/lib/management-agent.jar:/Library/Java/JavaVirtualMachines/jdk1.8.0_40.jdk/Contents/Home/jre/lib/plugin.jar:/Library/Java/JavaVirtualMachines/jdk1.8.0_40.jdk/Contents/Home/jre/lib/resources.jar:/Library/Java/JavaVirtualMachines/jdk1.8.0_40.jdk/Contents/Home/jre/lib/rt.jar:/Library/Java/JavaVirtualMachines/jdk1.8.0_40.jdk/Contents/Home/jre/lib/ext/cldrdata.jar:/Library/Java/JavaVirtualMachines/jdk1.8.0_40.jdk/Contents/Home/jre/lib/ext/dnsns.jar:/Library/Java/JavaVirtualMachines/jdk1.8.0_40.jdk/Contents/Home/jre/lib/ext/jfxrt.jar:/Library/Java/JavaVirtualMachines/jdk1.8.0_40.jdk/Contents/Home/jre/lib/ext/localedata.jar:/Library/Java/JavaVirtualMachines/jdk1.8.0_40.jdk/Contents/Home/jre/lib/ext/nashorn.jar:/Library/Java/JavaVirtualMachines/jdk1.8.0_40.jdk/Conten
Launcher Type: SUN_STANDARD

Environment Variables:
PATH=/usr/local/bin:/usr/bin:/bin:/usr/sbin:/sbin
SHELL=/bin/bash

Signal Handlers:
SIGSEGV: [libjvm.dylib+0x58ef95], sa_mask[0]=11111111011111110111111111111111, sa_flags=SA_ONSTACK|SA_RESTART|SA_SIGINFO
SIGBUS: [libjvm.dylib+0x58ef95], sa_mask[0]=11111111011111110111111111111111, sa_flags=SA_RESTART|SA_SIGINFO
SIGFPE: [libjvm.dylib+0x46c118], sa_mask[0]=11111111011111110111111111111111, sa_flags=SA_RESTART|SA_SIGINFO
SIGPIPE: [libjvm.dylib+0x46c118], sa_mask[0]=11111111011111110111111111111111, sa_flags=SA_RESTART|SA_SIGINFO
SIGXFSZ: [libjvm.dylib+0x46c118], sa_mask[0]=11111111011111110111111111111111, sa_flags=SA_RESTART|SA_SIGINFO
SIGILL: [libjvm.dylib+0x46c118], sa_mask[0]=11111111011111110111111111111111, sa_flags=SA_RESTART|SA_SIGINFO
SIGUSR1: SIG_DFL, sa_mask[0]=00000000000000000000000000000000, sa_flags=none
SIGUSR2: [libjvm.dylib+0x46bc36], sa_mask[0]=00100000000000000000000000000000, sa_flags=SA_RESTART|SA_SIGINFO
SIGHUP: [libjvm.dylib+0x46a209], sa_mask[0]=11111111011111110111111111111111, sa_flags=SA_RESTART|SA_SIGINFO
SIGINT: [libjvm.dylib+0x46a209], sa_mask[0]=11111111011111110111111111111111, sa_flags=SA_RESTART|SA_SIGINFO
SIGTERM: [libjvm.dylib+0x46a209], sa_mask[0]=11111111011111110111111111111111, sa_flags=SA_RESTART|SA_SIGINFO
SIGQUIT: [libjvm.dylib+0x46a209], sa_mask[0]=11111111011111110111111111111111, sa_flags=SA_RESTART|SA_SIGINFO


---------------  S Y S T E M  ---------------

OS:Bsduname:Darwin 14.1.1 Darwin Kernel Version 14.1.1: Thu Feb 26 22:41:49 PST 2015; root:xnu-2782.15.5~1/RELEASE_X86_64 x86_64
rlimit: STACK 8192k, CORE 0k, NPROC 709, NOFILE 10240, AS infinity
load average:2.36 2.28 2.12

CPU:total 4 (2 cores per cpu, 2 threads per core) family 6 model 61 stepping 4, cmov, cx8, fxsr, mmx, sse, sse2, sse3, ssse3, sse4.1, sse4.2, popcnt, avx, avx2, aes, clmul, erms, 3dnowpref, lzcnt, ht, tsc, tscinvbit, bmi1, bmi2, adx

Memory: 4k page, physical 8388608k(2465968k free)

/proc/meminfo:


vm_info: Java HotSpot(TM) 64-Bit Server VM (25.40-b25) for bsd-amd64 JRE (1.8.0_40-b27), built on Mar 13 2015 04:46:52 by "java_re" with gcc 4.2.1 (Based on Apple Inc. build 5658) (LLVM build 2336.11.00)

time: Thu Nov  5 16:55:54 2015
elapsed time: 103 seconds (0d 0h 1m 43s)

